330892488
331798879
334378495
335091848
338820090
500034950
500726886
501004240
501036720
501041221
501044818
501082644
505098588
505795383
505797982
507045288
552020585
555010052
557031214
557058875
559003252
612296263
623946273
662372756
712586169
712702327
742288666
770080490
770098219
770121095
770122504
770301520
770532309
770848286
770850988
770851920
772648577
772870003
774442508
781502200
880078306
880201285
880212088
880609389
881402015
881650926
881820084
881827784
881980215
882360296
882449080
882730388
882810502
883111858
883240980
883503062
883730153
883814040
883874212
883965678
884151180
884569188
884833151
884911510
884989200
885454422
885518936
885720001
885892291
885993096
885997800
886030183
886129100
886222014
886250954
886252920
886334322
886345520
886350769
886607879
886707308
886751688
886763008
887007512
887030883
887033344
887870910
887915900
887918281
887923393
888029191
888060105
888075577
888320091
888581478
888760884
889009805
889304707
889407575
889990938
900066200
900067010
900144184
900198747
900221506
900310646
900327371
900552235
900571919
900596923
900604051
900734889
900825383
900874500
901005262
901030944
901037974
901272002
901399743
901513360
901626129
901645949
901662045
902055825
902087680
902148872
902179804
902197553
902508056
902511868
902670690
902700822
902766067
902779963
902887573
902909484
902918289
902948890
902955169
902970411
902985979
903028549
903048683
903051882
903083815
903112004
903118595
903158635
903166009
903169040
903315979
903412877
903423962
903603681
903614018
903682858
903687211
903888902
903901690
903980788
904010129
904062030
904139484
904170490
904280666
904432264
904471442
904482217
904541215
904791774
904850620
904853868
905055535
905076120
905086652
905158898
905175280
905178071
905205770
905210187
905210785
905255945
905356878
905357279
905414686
905512095
905580555
905624438
905655058
905668188
905671003
905798086
905853711
905884134
905895998
905897927
905901119
905944463
906153404
906167275
906332655
906451077
906600788
906700672
906728912
906731252
906905190
907117538
907159668
907211570
907332936
907478983
907491618
907496866
907535303
907595025
907705856
907760846
907772263
907841440
907923292
908109402
908111683
908159196
908190423
908212355
908232295
908288865
908430190
908473571
908491105
908503594
908505244
908601148
908705003
908753092
908794313
908801951
908805805
908902401
908911954
908917959
908975202
908986623
909033583
909140653
909307214
909503529
910366725
910631983
910731050
910755694
910756312
911031593
911047555
911049776
911090712
911415501
911444338
911500205
911505523
911536472
911547309
911611694
911727001
911775777
911877220
911923300
911937976
912024062
912036753
912064510
912065737
912070393
912096410
912173207
912177675
912221363
912280201
912291972
912344165
912431983
912478938
912855804
912880711
912912859
912947969
913110588
913172406
913203355
913208864
913216648
913298830
913455603
913539705
913692434
913748989
913803669
913815616
913840728
913901703
914004858
914032909
914116553
914141129
914357228
914412370
914459528
914486002
914502392
914517294
914543584
914565944
914567784
914658486
914721967
914730479
914747997
914817292
914827104
914827779
914872440
914873640
914934005
914944944
914949107
915104737
915147363
915161814
915301962
915425392
915543978
915550126
915571304
915615155
915669101
915865732
915973542
916078982
916141616
916182207
916319288
916346150
916362467
916379456
916419883
916516550
916579362
916603377
916610234
916637005
916643547
916708208
916770157
916824249
916863252
916868047
916871614
916914617
916963827
917004811
917111970
917318680
917320481
917336001
917424110
917607378
917714848
917778295
917795705
918071984
918152221
918153454
918982902
919004816
919005638
919054260
919061991
919202253
919228569
919290467
919407347
919467014
919472435
919493126
919541083
919588613
919597499
919640888
919669878
919924177
930000463
930048824
930053420
930384575
930456813
930456989
930471927
930472813
930491310
930493313
930508768
930706784
930715710
930736658
930784490
930816122
930838244
931041670
931071054
931081986
931082787
931165772
931240771
931241786
931258400
931262455
931294406
931390059
931396259
931397789
931409966
931461609
931469689
931523654
931540450
931603059
931611162
931621666
931623065
931632350
931678033
931752769
931757719
931899052
931976722
931997507
932000647
932006288
932100810
932103309
932143192
932151376
932165176
932178377
932182378
932212212
932259605
932314838
932321880
932326605
932345381
932370248
932370451
932391459
932406700
932421670
932471003
932531079
932541410
932582436
932595068
932650096
932658385
932718949
932832526
932918382
932926290
932991552
933044133
933090980
933101845
933124108
933162410
933268388
933270216
933352316
933382446
933397964
933496670
933641167
933646558
933681208
933753889
933910915
934086108
934089700
934167995
934172506
934210160
934252275
934287807
934296700
934367001
934378423
934542688
934585510
934611022
934658705
934702076
934710691
934844646
934879784
934925999
935125751
935174087
935222284
935280786
935338058
935447047
935528807
935650758
935672690
935724328
935740690
935793599
935842062
935942726
935953326
935992497
935998691
936092522
936245852
936298482
936369922
936486077
936506468
936629031
936638292
936709796
936711011
936720010
936839399
936900509
936944262
936962797
936968279
937130250
937240465
937319098
937352692
937358990
937362976
937379247
937431789
937489676
937523190
937782627
937798159
938128586
938233718
938253228
938270357
938335817
938351187
938385592
938433818
938482784
938500047
938577774
938722785
938812882
938840353
938877884
938908709
939041761
939053235
939185626
939229100
939332481
939348494
939356568
939391686
939415667
939460460
939568000
939582928
939648679
939682151
939752494
939769777
939792039
939850684
939859653
939930847
940118304
940142683
940240803
940341947
940352988
940357201
940367772
940372266
940470309
940532014
940701022
940795020
940937110
940976292
940980128
941000564
941041872
941150658
941160241
941310839
941311282
941323039
941346772
941444733
941658186
941661420
941668483
941683998
941716010
941782924
941904535
941919448
941950188
941956068
941990255
942046614
942146574
942176650
942203637
942220961
942346336
942364500
942400713
942427979
942646504
942710778
942718677
942802406
942971485
943027656
943069328
943125717
943196766
943260519
943503454
943640140
943659626
943691663
943731951
943735605
943802058
943841218
944147804
944202724
944231008
944348509
944484493
944634465
944715714
944735080
944775524
944885566
944929215
944953957
944975053
945061589
945061755
945159510
945178581
945230064
945379100
945394155
945400910
945418711
945420006
945429023
945443309
945461281
945545373
945627876
945646766
945657871
945686070
945718570
945738434
945756656
945921198
945941825
946098676
946247670
946318299
946397288
946483300
946592708
946597659
946629004
946674917
946771657
946817985
946823909
946857198
946872256
947011915
947111572
947180869
947230047
947290891
947432721
947500409
947727106
947851715
948112655
948124743
948214560
948290486
948354995
948517848
948757578
948808182
948828356
949599992
949803633
949922693
950040331
950125200
950414192
950430728
950452669
950508091
950608895
950627555
950808478
950887530
950931879
951091312
951226080
951887164
951900333
951902491
952121744
952220547
952272001
952272616
952337186
952528987
953322108
953731625
954559466
955043576
955401960
955540552
956267047
956270724
956339963
956619000
957024101
957730161
957737318
957742408
958080965
958119209
958280560
959025878
959594240
959924447
970102008
970111297
970360711
970500293
970719404
970752492
970800489
971015300
971120456
971160970
971311003
971761965
972202872
972242827
972438684
972778245
972791563
972908882
972918223
972960306
973173238
973229696
973321196
973360157
973402225
973500157
973600732
973755006
973856369
973992773
974051989
974232160
974370592
974432506
974437578
974614535
974690082
974696062
974750407
975090983
975298001
975303051
975361428
975375185
975897471
976493870
976661024
976667001
976740151
976788808
976791404
976798656
976838201
976929806
977007708
977170155
977220542
977259841
977857270
977890656
978630313
978770590
978785857
978920412
978950221
979084445
979121815
979203955
979228063
979561161
979600778
979878721
979900407
983073999
990032186
990039112
990053950
990097834
990118694
990251258
990277495
990467524
990487274
990629582
990635912
990661107
990683847
990685804
990718214
990900048
990910889
990931569
991021074
991032487
991052844
991088095
991091625
991116568
991122008
991162886
991170932
991228619
991266570
991330778
991341584
991360487
991388135
991484820
991487873
991510406
991614447
991687827
991710361
991711304
991732118
991783891
991796661
991811617
991816860
991871533
991952070
991953937
991965720
991970274
991976466
992023323
992037484
992047890
992146660
992208649
992390086
992499144
992541066
992609013
992731088
992801966
992808440
992834645
992838189
992938949
992980891
993052399
993112677
993303587
993317273
993466586
993566274
993627369
993658269
993721180
993894838
993920145
993921115
993925984
993975872
994014048
994054434
994071230
994155555
994157842
994176683
994193790
994229203
994287682
994391960
994429157
994525381
994620295
994644313
994729191
995001617
995027400
995034880
995049794
995060854
995074022
995109015
995282560
995303485
995352873
995440570
995510273
995517472
995593687
995604575
995755525
995770305
995792121
995830646
995848908
995898587
995969563
996065115
996124940
996145727
996148611
996164003
996180007
996243980
996338991
996352950
996371676
996418628
996425579
996460290
996502485
996600472
996636526
996665669
996746569
996804791
997068913
997071955
997166999
997282563
997283625
997342338
997573750
997599384
997746333
997792799
998347083
998462997
998519455
998754740
998771599
998771617
998851808
998909641
998958909
998980084
999024546
999026131
999174681
999246923
999263035
999310085
999354799
999497232
999773053
