337318726
500044658
500059375
500541646
501026004
559011262
612244257
696524232
712476628
770331217
770498289
770821168
777021474
792105130
795722564
880333536
881777971
882020691
882411950
882809911
883010912
883600622
883928505
884238868
884842888
885148280
885477072
885649396
885718882
887126677
887877281
888025252
888082079
888204082
888490392
888604222
889102089
889190607
889360557
9,98915E+11
900035160
900468380
900501763
900556445
900573117
900703692
901354856
901444337
901574361
901575989
901639302
901888942
901929717
902044448
902198841
902227818
902251594
902262019
902775796
902815627
902917628
902926094
902989576
903146561
903311236
903781494
903884069
903900271
903958171
904414726
904768893
904771106
904779006
905113674
905151089
905321430
905366706
905372301
905373845
905398380
905566873
905581910
905609286
905841726
905878605
905890669
906002212
906094778
906132186
906141711
906277069
906295879
906356842
906393840
906662349
906760357
906906322
907001213
907098050
907128921
907455513
907699094
907854403
907911371
907916979
908562296
908593757
908664177
908796550
908810128
908844486
909343473
909630870
909806037
909936667
910023066
910055332
910333936
910440502
910577990
910600576
911069286
911180445
911191281
911405879
911515372
911527760
912000529
912067922
912166243
912216377
912225975
912245364
912351315
912401962
912526030
912602940
912728804
912847276
913100772
913138262
913153536
913203110
913298531
913301823
913506916
913823887
913966326
914014258
914029923
914163767
914452011
914486747
914510173
914590094
914620475
914643690
914733086
914889221
915029301
915162659
915616389
915760729
915772712
915796701
915863466
915949094
916058701
916121200
916351361
916472128
916560035
916632625
916713395
916748155
916758681
916766292
916790140
916928770
916985093
916986094
917083992
917836388
918135569
919002313
919023644
919028490
919051953
919061934
919181262
919214575
919457255
919514230
919592383
919608897
919686929
930366609
930549408
930569215
930573155
930837207
930978865
931058170
931061188
931095069
931100790
931146217
931152912
931192457
931224451
931265425
931302062
931434287
931447008
931512381
931518889
931602950
931607131
931710727
931744979
931751168
931902764
931911396
931937224
932561396
932681661
932748079
932749472
932922177
933077268
933125077
933280074
933285853
933416311
933468091
933508068
933583536
933625390
933691983
933788288
934011759
934093014
934111954
934181309
934400845
934642274
934649358
934665420
934743134
935071101
935161651
935169308
935321253
935358289
935480850
935523055
935721273
935771796
935778710
935844535
935988848
936020591
936139697
936231870
936262770
936291788
936717363
936728583
936743215
936829019
936914590
936945602
936953035
937087114
937163187
937212068
937261386
937358135
937570478
937780564
937936027
937966989
938116109
938228382
938291297
938421252
938431922
938440292
938597868
938899091
939243051
939678877
939759499
939835783
939849282
939868702
940059495
940082444
940326164
940413146
940599084
941021271
941053880
941139707
941268711
941273233
941430885
941681938
941855727
941859295
941872929
942051689
942053285
942144241
942186704
942258448
942412294
942738656
942748787
942823431
942978998
943140663
943605799
943636903
943651782
943721809
944148910
944234370
944292288
944643331
945216901
945361137
945616404
945722069
945738086
945871293
946132666
946148969
946171467
946301046
946431304
946484092
946618592
946750964
946768479
947057371
947268234
947404616
947534648
947599449
948265660
948356655
948541295
948588522
948650292
948958389
949089497
949090639
949190254
949254907
949725096
949731386
949752794
949936916
949968325
949985686
949989219
950018722
950026465
950074909
950494951
950668590
951001141
951001142
951178889
951570152
951715511
951814946
952259690
952278925
953327797
954051556
955536253
955558365
955998785
957669787
957728227
958292014
958445589
958550566
958977796
970129989
970301293
970509554
970890690
971262590
971640126
971672012
971740571
972227413
972258486
972290390
972536643
972797515
972942848
973130589
973280830
973391867
973661190
973661618
973867779
973921091
974371774
974810586
975329411
975400162
975447414
975501009
975535059
976225171
976309505
977400390
977423430
977498286
977749263
977907706
978070086
978776301
979073113
979498993
979674464
979680802
979870382
981708281
990055021
990154170
990215719
990237885
990314866
990404963
990499186
990611761
990733360
990820593
990849089
990922257
991030741
991056654
991071544
991289197
991427167
991518829
991765070
991824041
992025887
992276119
992572299
992802876
992868893
992981485
993243688
993361084
993904202
994195738
994200804
994399262
994433290
994550780
994701087
994847838
995077731
995099587
995121509
995227774
995387913
995457994
995556356
995560463
995631615
995663964
995793026
995850323
995930361
996037905
996275060
996511505
997092472
997093695
997295458
997420163
997534077
997670926
997718979
997719611
998707754
998711874
998863787
999410810
999615922
999710288
999855656
999959685
