331210233
331630998
332764344
333667275
333853396
334180102
500010323
500013495
500060792
500710090
500720291
500724005
500740550
501028986
501089647
505025590
505061617
505071471
505512724
507549095
551063096
553029970
553087470
612243352
615725477
622255700
652226093
652261755
653641718
692216859
692245456
692275014
707226608
712278464
712430670
712477838
712499031
712573008
712573746
712588426
712733128
712909291
712954840
722222366
755210681
755211016
755211187
755225210
755234030
770044085
770051523
770111289
770119868
770420445
770609887
770807501
770809043
770957939
772852014
772867574
777090775
777277181
880078522
880128789
880857902
881050232
881112861
881119689
881374006
881836900
881919459
882010852
882362762
882453344
882780778
882837711
882852731
882857864
883018691
883108186
883159294
883272611
883518177
883721977
883860606
884201942
885102621
885249484
885507799
885534003
885863489
885868977
885931956
886068483
886356585
886386301
886650997
886695253
886737733
886829202
887342023
887530949
887883006
888060986
888374333
888400778
888440780
888491103
888494996
888771663
889100560
889168700
889331878
889749790
900302778
900388414
900509614
900598680
900598801
900724898
900736567
900857919
900929791
901019453
901210158
901224936
901252791
901277075
901315335
901511048
901544460
901603912
901715661
901733550
901794170
901836460
901931180
901937270
902140921
902246111
902394844
902664324
902742721
902748489
902767959
902800658
902836343
902843357
902868698
902926964
902931756
902972823
902993342
903105807
903244905
903400044
903403540
903478376
903490748
903603358
903656850
903789558
903861774
903879535
903915686
903936763
904010116
904074402
904085747
904260450
904277739
904287900
904289719
904414384
904416503
904496191
904605453
904622190
904961973
905047427
905123535
905153835
905171817
905245980
905393977
905395003
905395771
905501784
905520868
905557424
905570637
905654921
905660670
905671399
905725024
905761451
905833564
905853095
905933294
905991044
906008172
906039744
906062670
906120127
906149585
906164892
906238658
906246682
906320957
906374456
906550592
906741671
906755980
907094280
907143673
907180816
907185658
907420580
907441097
907522012
907607093
907698801
907761328
907797576
908129512
908345644
908396518
908450966
908467949
908547430
908631195
908659407
908692204
908706203
908771411
908802554
908837305
908840386
908841955
908858782
908977686
909158988
909246822
909317786
909414980
909457090
909555583
909560489
909576842
909762064
909959838
910080059
910324363
910354040
910365626
910463662
910572454
910598392
910626293
910712963
910742534
910743569
910803083
911055446
911173027
911173818
911258386
911274849
911294059
911298004
911435112
911480061
911482950
911555418
911559396
911710711
911767907
911774144
911782104
911878454
911921463
911978186
911995454
912031713
912107890
912115946
912151454
912163520
912198667
912203957
912220663
912231023
912305097
912310089
912331376
912494010
912842474
912846041
912868124
912887248
912912013
912917472
912989469
913004594
913156030
913202423
913225328
913241683
913630733
913744870
913803877
913841217
913960064
914077224
914113134
914114040
914183301
914480403
914599134
914682081
914969607
915007700
915097990
915165556
915178993
915182135
915373545
915503078
915636707
915637186
915653882
915660111
915771279
915805059
915831824
915872385
915991790
916123833
916153735
916242169
916291848
916452110
916481602
916561012
916641109
916706342
916877767
917094688
917117768
917140983
917755853
918111428
918134747
918330374
918871958
918992971
919051207
919101054
919187949
919207545
919240102
919419903
919526315
919633557
919703881
919801219
930005440
930379279
930481493
930486068
930505389
930535715
930590305
930595976
930679290
930722088
930752514
930763397
930792388
930796091
930833652
930838007
930891973
930905885
930934114
930958918
931064302
931078430
931099518
931183936
931199053
931280900
931382829
931384540
931435852
931468495
931494647
931508930
931511386
931519025
931607290
931672093
931683885
931752155
931770164
931791884
931877368
932009481
932047594
932110954
932181059
932210531
932234706
932340554
932476048
932488622
932569469
932599907
932671693
932703183
932804122
932900958
932919140
932928088
932936500
932952911
933020402
933078850
933087091
933106604
933166872
933168715
933192631
933344205
933379205
933443001
933490020
933503186
933532128
933594584
933638644
933652965
933702296
933727929
933826262
933862353
934011706
934107550
934417119
934442278
934489313
934604651
934611464
934694607
934812297
934816760
934832309
934849049
934871499
934970885
934981893
934991179
934998401
935070089
935073572
935075403
935088298
935095919
935141702
935161520
935168386
935190584
935340704
935423454
935455255
935664669
935711703
935765955
935838725
935871193
935877477
936022265
936032444
936033178
936271407
936311660
936422727
936439107
936456159
936670307
936716308
936801743
936807730
936838199
937176744
937178492
937183730
937231712
937246044
937256572
937260109
937272616
937288379
937328527
937330082
937461619
937474574
937532739
937562787
937562988
937567664
937620579
937659087
937686555
937779460
937810191
937821254
937852765
937855944
937884838
937965952
938008197
938178590
938355009
938384748
938731104
938810285
938920017
938971486
939010205
939134948
939136611
939268289
939268792
939279916
939281270
939316169
939338051
939375052
939436301
939470469
939493767
939566088
939632118
939671658
939680494
939846121
939999402
940109330
940200057
940386676
940402376
940411809
940422085
940445509
940477550
940502609
940750015
940765552
940773639
940852906
940853747
940940491
941008407
941098988
941101868
941144550
941180090
941251861
941512082
941518905
941543202
941725755
941733020
941859045
941909332
941931057
941943887
942003170
942016874
942020982
942147696
942193431
942360993
942400571
942548883
942700981
942723330
942757241
942832781
942873141
942888329
942925333
943170735
943307079
943318891
943347185
943349424
943404142
943422722
943442725
943596555
943651875
943665457
943675514
943686605
944004087
944097983
944143315
944143440
944336609
944357574
944396461
944429277
944450318
944529856
944649222
944658747
944757679
944766760
944797370
944801704
944810488
944940580
944976440
945041414
945045137
945065131
945107672
945261627
945308333
945444343
945476365
945510894
945513456
945531063
945552292
945769187
945808070
945898470
945948600
945954414
946118288
946150774
946287128
946316603
946319002
946332061
946370407
946429259
946440187
946488285
946504262
946542700
946588984
946610593
946629004
946642733
946653202
946678535
946756777
946862616
947022660
947048100
947080361
947472614
947550466
947576333
947593435
947668519
947733735
947859405
947870390
947910027
948050014
948110795
948212075
948351782
948359085
948382729
948385550
948410303
948547976
948552083
948729140
948922193
949073405
949168701
949232149
949353585
949725666
949880004
949920219
949996313
950019096
950083383
950109162
950110633
950126971
950253176
950522016
950613333
950651366
950765485
950928895
951052355
951650588
951721360
951825115
951886891
951901713
951906901
952201392
952282527
952444551
952446007
952522017
952770589
953002121
953329395
953382679
954007171
954008015
954447576
954803555
955956900
956006669
956272387
956462928
956761961
957470901
957702127
958050572
958093889
958112061
958478680
959010791
959030118
959201984
959279495
959481985
970075863
970508212
970511470
970661264
970730370
970763434
970862980
971261786
971271110
971298180
971311916
971380408
971388892
971781867
972005543
972109062
972131262
972211769
972250277
972278690
972309590
972430487
972509966
972759896
972775390
972860683
972918448
973012824
973038222
973096468
973125666
973137652
973166319
973187747
973189963
973190722
973417443
973582835
973743030
973972383
973982588
974157737
974482121
974741874
974757737
975077058
975101676
975321952
975327776
975451943
975491199
975516537
975810293
976276584
976391484
976452582
976512499
976571387
976588784
976626252
977111345
977144006
977458285
977498890
977626373
977715825
977838801
977895056
978022988
978054115
978119115
978162595
978834111
978926068
978968791
978983433
979101410
979135803
979150579
979168074
979241078
979333270
979366367
979508217
979696229
979810971
981552722
981700204
990027800
990038433
990154276
990179601
990266352
990324943
990347932
990362366
990391320
990421805
990431956
990530359
990646314
990718725
990751354
990927868
990930270
990967433
990996076
990998516
991004946
991081453
991088867
991090165
991128813
991264381
991286765
991318517
991332919
991351324
991351653
991358785
991438044
991445094
991452235
991469066
991539717
991549280
991657494
991666491
991692894
991729977
991796085
991879028
991951156
992111464
992119290
992170428
992323590
992400618
992440463
992509528
992520630
992802125
992810802
992821866
992898708
992970287
993018851
993019061
993033136
993047300
993168808
993178387
993178480
993179021
993318306
993324071
993348567
993389088
993424261
993465942
993496007
993518482
993561084
993580321
993633143
993651053
993732457
993802405
993808904
993828179
993828296
993835683
993852067
993855420
993972878
993991241
994087824
994271721
994403365
994439232
994523903
994681198
994770575
994787776
994874742
994942208
994979290
994998722
995003288
995032718
995064455
995096954
995273317
995352873
995551673
995576798
995858561
995876160
995948325
995991947
996055448
996128555
996210388
996239231
996262085
996300213
996314393
996334714
996557976
996668955
996722993
996779381
997089188
997135575
997146563
997184747
997210456
997365767
997375806
997562728
997735757
997740305
997767372
997881870
997898994
997908791
997950551
997955821
997960782
998202820
998231447
998279506
998332477
998432285
998438785
998461956
998504765
998613150
998702063
998729160
998730343
998803692
998948910
999008208
999026166
999068800
999103177
999246624
999405647
999439087
999442403
999465748
999604485
999605398
999610492
999785895
999790298
999844278
trunk
