330013232
333648808
500072949
500077684
500540784
500732494
500769594
501027975
505781980
505810572
507069203
551018632
551041805
552515385
554530212
555116894
557041444
558014821
559010169
559022126
622282342
622282534
623945174
623946073
652252423
662356426
662362139
692242141
692244379
694127304
696521697
696524325
696543710
702020498
707002345
712124715
712187001
712429824
712501444
722224369
722237828
743124641
770056515
770068996
770202353
770247597
770675556
770808025
770880876
771190190
772520297
772717081
777077311
880345511
881048687
881120061
881188205
881627577
881709390
881728586
881912010
881992007
882067580
882328802
882799492
882847475
883043545
883113330
883192000
883212109
883290901
883337072
883507755
883528855
883771484
883933371
883992051
884102028
884288152
884530606
885187787
885320388
885686668
885740401
885772733
886357444
886401848
886750033
887046161
887077614
887538764
888141617
888172778
888325440
888684847
888730086
888936191
889151483
889228023
889869694
900091450
900172626
900224969
900309595
900330282
900365747
900391952
900721992
900743204
901019453
901124240
901157017
901178611
901232971
901273639
901341296
901583777
901653235
901672575
901772209
901800497
901902373
902012314
902151940
902226950
902382595
902420480
902448211
902743043
902743767
902772157
902778833
902779029
902821378
902836569
902884319
902895623
902921758
902940511
902968894
902985747
903015876
903034009
903055785
903073688
903080696
903109126
903136180
903229368
903336766
903378683
903393204
903423674
903426052
903468987
903482112
903788180
903825757
903891214
903908026
903950480
904002492
904056292
904083107
904174248
904258809
904259561
904262687
904263508
904307900
904420489
904430294
904470159
904580788
904702110
904993484
905033056
905061160
905071386
905090332
905127978
905141819
905148723
905154730
905218190
905253590
905304187
905306085
905341044
905363975
905449690
905611843
905684202
905689674
905765006
905828004
905853402
906111964
906154545
906322241
906332141
906335231
906660635
906692450
907116101
907138191
907164001
907261377
907291493
907331830
907443840
907471248
907726177
907768007
907785522
907801620
907838462
907944890
908169497
908262101
908275085
908328677
908347353
908348065
908402184
908407140
908461442
908471093
908496599
908577715
908652141
908727097
908730148
908740012
908795157
908930436
908944785
909085622
909163227
909291332
909306116
909453799
909575996
909609219
909665358
909816272
909929215
909938558
909949840
910019442
910100746
910141670
910250281
910265354
910288685
910304696
910307048
910500340
910561479
910574105
910581483
910608522
910771554
910828026
911017112
911076270
911133025
911182238
911215054
911223831
911245361
911255383
911279634
911294278
911296213
911368678
911398503
911485991
911497454
911567701
911862820
911911322
911914601
911945797
911948991
911960825
912012972
912015854
912070963
912083450
912097040
912099897
912113016
912219810
912255805
912290640
912335588
912335916
912472426
912628009
912635658
912823947
912830228
912858644
912894438
912907727
913000022
913035191
913107772
913221691
913223925
913244694
913252207
913409461
913429890
913451446
913518838
913850069
913967461
913973014
913978446
914012123
914078059
914117626
914131570
914210859
914455156
914628992
914636067
914650413
914666462
914698515
915038217
915085256
915088680
915119806
915121883
915123098
915136386
915148824
915160188
915179112
915196687
915305282
915342876
915368706
915373288
915381102
915454499
915534137
915631945
915648088
915737471
915767188
915791664
915869906
915882264
915906131
915951985
916004122
916038186
916053034
916121707
916128818
916190914
916305568
916323644
916402021
916532030
916537616
916540461
916552485
916581669
916602229
916637581
916690613
916701413
916704771
916763988
916767262
916776153
916780614
916825554
916826300
916841635
916905800
916935808
917001880
917002015
917100756
917118411
917345562
917400806
917401225
917425140
917429019
917595925
917777569
917881122
918132593
918202815
918208321
918303401
918311088
918796971
919040148
919063767
919102050
919102281
919102577
919220148
919268377
919508709
919509147
919553433
919582389
919622891
930046313
930062644
930384547
930458584
930471788
930528265
930644040
930678131
930761351
930779777
930796655
930916177
931045363
931122961
931144556
931147985
931180683
931225988
931257385
931272393
931304548
931377404
931452887
931499970
931505605
931595301
931632533
931696638
931739575
931740520
931750679
931783179
931803668
931860591
931895933
931973095
931990217
932023525
932058688
932096900
932112057
932115821
932123202
932130109
932159268
932162250
932265254
932319185
932381503
932399130
932500856
932510086
932553075
932577104
932578782
932588489
932620880
932626059
932771758
932819444
932880592
932930760
932972026
933015306
933025425
933027074
933084819
933121686
933125464
933138579
933163466
933178885
933198582
933349474
933414727
933440985
933445798
933539475
933619096
933622198
933638663
933670648
933728481
933776535
933920724
934032678
934162599
934180282
934188384
934196210
934198121
934370328
934371961
934416996
934421091
934421687
934424231
934482818
934516484
934540357
934546105
934548911
934553306
934570488
934661655
934673362
934688892
934817985
934906393
934954111
935039727
935094510
935115210
935125331
935296507
935414075
935458512
935465005
935611619
935698090
935807200
935957884
936020402
936040054
936087992
936144852
936156444
936168448
936364743
936430278
936535653
936560835
936696331
936862090
936991727
937033767
937034653
937040734
937131265
937341873
937343355
937381730
937531561
937611118
937658608
937742332
937801719
937823130
937873484
937874752
937877120
937931487
938038870
938105559
938250950
938327707
938551308
938660622
938723581
938801463
939023232
939060967
939098585
939171277
939193662
939240681
939335255
939385777
939440213
939453171
939488148
939523600
939609297
939636658
939650819
939701161
939779669
939820788
939863434
939915788
939968530
939987210
939997940
940069400
940170452
940231947
940279687
940472447
940558719
940652682
940682989
940722564
940812262
941147969
941152500
941209160
941362848
941417880
941460896
941461913
941495707
941509232
941540520
941567714
941580152
941620592
941655229
941681889
941722773
941852410
941896466
941911779
941921277
941930963
942052611
942099935
942137651
942210213
942222300
942228588
942271582
942279616
942380570
942525286
942808825
942843383
942990694
943070049
943145409
943184648
943202479
943269391
943361267
943366169
943399197
943435982
943443080
943447557
943480822
943496665
943548454
943561756
943840887
943850068
943914141
943954636
943995902
944131365
944204383
944281445
944284133
944294344
944350455
944479306
944620173
944766581
944774758
944811715
944904246
945056890
945280660
945342010
945355459
945360242
945369215
945450084
945682321
945747067
945890928
945900574
945977073
946010029
946053124
946075844
946149565
946178207
946239190
946471700
946595052
946681003
946700803
946744958
946752050
946847575
946855000
946942487
946994406
947078704
947081066
947120331
947189196
947255054
947507047
947524868
947612706
947628300
947638288
947806869
948068281
948224749
948310906
948634110
948776654
948816212
948862180
948971690
948993222
949022304
949109911
949248608
949366019
949393710
949416767
950021445
950231665
950439197
950638384
950654748
950865452
951010501
951020390
951040278
951205851
951270887
951582575
951667887
952151207
952171778
952508890
952620825
953901804
954641144
955521880
955591213
955598484
955805060
957090306
957741402
958016767
958308182
958660101
958812081
958848490
958881786
958900017
959040815
959203444
959918285
970375665
970408626
970582130
970606076
971221683
971389394
971941194
972042900
972057736
972188587
972822806
972900018
973127507
973162552
973162936
973234337
973583088
973599291
973745758
973858891
973861987
973932179
973970706
974015505
974055452
974103068
974581577
974724584
974748848
974761954
975190999
975208707
975393934
975500792
975551660
975690655
975881564
975901720
976171219
976339402
976345819
976700339
976789704
976795100
976848180
977072482
977372105
977385999
977701740
977705600
977858991
977905463
977995648
978379880
978447175
978598626
979115949
979190345
979225009
979284443
979290684
979333379
979448191
979898910
980770906
981017374
981288434
981300706
982751222
982792221
983621848
985754043
990164278
990204084
990210807
990249383
990291057
990291496
990367581
990386887
990417678
990430203
990451816
990528495
990579107
990662467
990688829
990727407
990762848
990812762
990817552
990828809
990881082
990927015
991097768
991107359
991160990
991254083
991291672
991443636
991474939
991537257
991555309
991621290
991671381
991723590
991873155
991988618
992101970
992147663
992155400
992190579
992247801
992255859
992283877
992338845
992425451
992509677
992704006
992805108
992866998
992867787
992977277
992994596
993021281
993090854
993148184
993214155
993299819
993332439
993342249
993415753
993439284
993498591
993514880
993778849
993779308
993826939
993859386
993910772
993918153
994029409
994039282
994070031
994091910
994130157
994212012
994212860
994294782
994352604
994373234
994475456
994540155
994636500
994679604
994705777
994706859
994722753
994746619
994746906
994748387
994811796
994874742
994902207
995085095
995178684
995194941
995284252
995468810
995545660
995572012
995576672
995590186
995710913
995774366
995834455
995856390
996149686
996162699
996282044
996410871
996500803
996612315
996723345
996737449
996756611
996774437
996776402
996855369
996907977
996952455
997042972
997053592
997061026
997114886
997142211
997170000
997183007
997208404
997312535
997425231
997430403
997456426
997486507
997714133
997741819
997821389
997821975
997964488
998101776
998118496
998148408
998204368
998223511
998341443
998372278
998592394
998699294
998737377
998815896
998868502
998887735
998958549
999018664
999036057
999172517
999188487
999560569
999603702
999616941
999841957
999882460
999897759
999952582
999983007
