330528273
331020294
335835055
336627996
500093303
500536370
501026261
501042359
501076889
501090097
501092012
503012179
505009135
505036950
505737381
505828804
507061500
507068329
551038589
552020397
556021395
558022701
612258118
615548557
652281606
696531610
702140377
707000088
712088557
712169637
712183917
712318505
712358355
712430818
712442229
712468500
712629988
712911161
712951901
723421102
732436511
755325971
770006645
770032997
770075459
770152787
770228786
770230794
770240696
770391962
771217239
772521812
772556212
777773309
880288600
880289693
881016644
881228283
881241712
881546051
881644888
881816607
881881296
882602221
882856067
882958612
883005751
883083336
883157586
883256121
883570919
883731923
883750304
883807015
883922524
884231960
884371222
884731178
884742025
884979390
885307501
885501947
885594464
885894146
886125885
886154077
886369414
886399296
886442044
886660887
886752524
887530396
887537886
887952085
888033636
888360610
888681504
888707772
888770630
889196629
889225859
889269009
889351811
900032152
900167376
900251765
900363518
900373091
900507730
900585452
900695040
900710688
900729177
901162629
901163306
901182549
901415101
901578183
901665600
901851992
901927275
901929703
901951460
902040491
902077293
902079477
902102080
902151991
902201408
902218082
902281585
902455446
902498115
902604508
902641870
902662074
902695616
902743569
902766762
902795650
902820201
902857210
902891215
902914470
902980235
902989161
903029398
903065160
903175543
903588618
903596674
903616736
903648832
903762356
903792720
903845601
903903237
904081189
904088915
904100679
904131289
904198700
904257925
904280883
904283589
904284282
904300827
904380505
904552246
904708386
904742295
904746909
904760291
904886202
905034856
905065127
905069670
905188377
905199272
905277075
905349013
905410007
905414497
905431216
905455745
905470864
905502210
905507811
905558187
905559522
905600640
905658780
905671019
905689424
905693207
905851779
905911619
905940522
905957158
906038590
906070221
906134052
906162317
906170189
906255377
906270332
906283907
906299184
906323147
906336273
906369436
906372124
906444266
906661374
906705482
906710512
906723588
906726190
907108502
907111792
907170405
907219156
907405166
907445788
907651407
907666109
907667711
907703057
907719909
907758151
907852257
907875640
907900261
907932324
908175758
908390965
908482354
908625288
908717901
908838709
908841761
908873272
908899023
909241505
909550980
909616776
909623449
910041920
910152577
910190697
910326544
910334904
910346242
910595906
910720515
910743410
910828586
911002592
911009656
911043176
911058012
911075366
911113159
911118164
911332021
911387733
911548013
911577263
911579719
911582456
911587334
911612401
911693006
911880790
911932428
912013433
912016933
912031363
912205496
912215801
912229470
912351151
912559101
912631686
912831660
912902422
913023026
913062908
913205061
913220220
913300207
913350913
913455440
913519457
913630396
913677767
914014786
914023590
914051810
914078282
914098393
914193303
914234727
914429603
914497086
914549008
914556403
914569800
914601914
914604640
914620963
914645880
914846577
914935717
914992923
915054727
915254968
915391218
915472181
915802526
915841202
915910712
915939567
915944860
915991487
916123852
916216198
916222420
916302108
916327003
916371036
916541027
916543489
916550942
916629272
916630987
916670393
916693032
916726291
916740239
916776568
916833758
916934900
917027494
917364796
917383935
917414549
918265913
918271819
918301887
918307782
918790510
918815356
919009039
919023838
919050672
919064686
919087805
919088979
919096062
919115159
919404064
919535570
919660434
919660850
919751286
919768290
919981122
930061196
930062558
930423978
930520308
930637100
930662844
930688698
930801106
930801828
930831080
930841454
930877166
930892820
930912388
931015769
931079876
931205811
931240012
931242664
931300107
931309459
931320253
931357531
931377763
931401541
931409484
931560955
931561667
931655083
931698955
931772766
931791214
931878685
931885286
931948565
931990853
931996449
932028176
932106802
932202728
932309585
932324860
932335141
932352797
932441494
932478713
932567166
932602811
932645688
932709565
932737420
932740028
932742655
932759400
932798815
932842331
932860963
932868080
932878742
932882704
933011682
933022473
933087066
933095585
933095708
933100482
933103571
933129208
933145498
933151049
933225284
933254696
933328222
933357472
933382893
933411483
933427275
933432185
933470559
933484750
933491154
933518896
933602023
933636853
933750626
933752284
933786685
933821040
933833324
933962989
934024284
934070602
934138579
934142921
934147963
934166622
934230855
934237320
934238191
934291320
934308818
934310875
934311016
934316003
934355682
934390982
934414852
934432287
934441250
934475666
934554943
934571408
934590935
934627705
934699490
934773556
934780926
934825458
934938257
935049467
935065033
935085443
935087882
935138387
935213204
935291887
935302283
935372488
935420233
935432056
935455750
935465862
935828909
935831332
935898085
935899115
935910620
935932309
935954856
935993309
935997722
936001482
936099390
936208784
936266998
936268100
936272425
936345156
936392061
936515331
936548382
936552794
936769105
936846771
937026010
937107444
937188784
937218517
937221372
937257311
937259546
937410482
937647577
937676989
937715909
937752829
937764400
937891192
937924929
938101988
938111891
938118164
938181713
938307107
938509131
938661866
938822171
938901287
938968386
938991706
939017785
939113804
939242991
939281555
939324045
939384749
939549397
939703242
939758984
939793534
939841550
939884944
939893777
939997634
940020286
940026515
940062653
940108427
940121807
940188840
940197606
940271973
940358901
940373525
940447747
940521392
940535787
940590130
940590156
940792494
940952252
940995336
941095444
941259607
941338334
941369797
941533012
941535886
941588923
941642307
941738255
941747434
941804390
941830799
941958500
941963392
941992877
941996912
942061585
942163360
942194588
942207607
942251815
942287870
942342974
942441951
942442070
942499769
942571969
942650406
942709575
942779666
942965003
942988490
942995559
943076191
943167786
943217475
943290921
943331515
943455704
943521940
943632899
943771304
943823753
943948866
944014911
944041212
944041265
944067324
944107790
944187491
944188457
944212017
944316360
944570586
944670465
944712928
944801987
944829616
944932747
944941667
945000358
945085398
945145389
945154675
945258389
945300623
945430282
945460984
945486595
945740985
945781388
945824570
945973604
946003123
946003437
946005046
946218684
946226889
946260307
946288505
946371056
946433761
946482058
946680650
946693337
946756177
946766009
946842855
946848998
947000588
947019041
947022287
947058283
947214175
947225084
947252011
947391775
947394484
947417313
947574706
947580681
947679672
948040594
948052477
948251661
948377798
948565686
948599565
948649656
948698785
948745743
948748984
948751281
948777825
948932185
948990097
949028188
949118565
949133442
949352541
949510861
949540015
949963508
949981291
949985845
950011978
950094545
950212627
950410682
950433868
950500063
950588866
950658878
950690376
950760779
950875880
950944868
950952193
950969678
951019726
951059798
951116230
951160905
951217007
951551564
951557207
952325852
952332018
952422480
952627888
953130398
954000488
954142374
954799209
955201582
956700419
957600168
957784227
958301227
958704443
958851282
958885177
958897767
959704515
959781995
959921121
970100279
970175919
971191574
971196003
971604448
971705885
971811208
971899193
971969011
971999004
972075545
972128583
972225691
972505170
972752053
972856066
972869691
972886807
972898600
972998475
973217877
973279113
973297881
973386030
973450364
973516699
973751140
973880794
973898747
973914007
973926564
973926626
973948441
973975939
974130688
974442282
974492775
974766969
974801151
974804989
974949355
975019898
975112027
975140340
975218806
975291785
975345005
975757405
975851540
975859693
975891818
975913366
975922500
976010309
976168721
976205111
976407444
976449392
976710767
976780977
976781424
977033366
977405757
977447375
977745695
977831116
977890717
977932995
978102355
978312223
978350531
978368185
978376268
978440497
978610000
978771357
978771889
978851587
978921986
978982252
979000676
979078602
979102510
979124743
979148214
979170665
979207775
979249595
979290310
979303303
979343099
979564080
979584144
981013100
982720586
988121090
990035371
990056016
990219722
990270293
990342186
990368766
990387127
990449502
990471594
990480646
990540814
990649131
990711478
990816763
990833798
990958191
990966984
990981042
991021211
991130252
991144556
991149730
991184959
991265461
991413870
991431729
991433411
991435021
991443709
991473086
991535810
991558184
991604576
991641567
991648783
991732434
991747128
991814980
991948407
991967502
992061701
992152655
992173121
992176770
992181871
992201132
992208916
992426604
992554325
992579903
992636415
992848202
992928277
992928990
992932889
992975853
993001959
993009650
993036913
993082104
993125586
993141072
993251758
993396819
993560377
993575594
993650174
993740163
993748878
993848780
993877650
993941910
993989355
994008579
994112765
994228100
994234540
994257575
994337018
994501424
994534467
994638717
994700194
994801380
994871124
995015562
995037575
995039887
995042459
995132004
995171792
995201287
995208183
995221966
995243003
995266274
995310083
995423472
995557122
995570443
995683393
995693792
995704977
995827084
995868270
995883636
995890370
995971853
996075848
996172278
996198011
996238311
996286005
996388212
996629164
996734004
996750200
996855851
996898583
997048835
997049404
997239752
997377982
997439303
997517037
997522255
997556945
997601739
997762013
997780276
997907600
997943963
998177020
998235545
998339169
998358474
998412028
998438487
998604654
998608147
998643441
998667683
998705780
998831636
998949793
998961171
998978274
999063161
999098465
999102810
999409528
999478164
999484101
999544948
999672288
999756416
999790438
999881952
