334776719
338859196
505033055
507042152
557022207
692240700
712072970
712474104
770050279
770089985
770450190
772621392
777012627
880251509
880680076
880966303
881000800
881511022
881620788
881921102
881961999
882010403
882156560
882481873
882527003
882851402
882998582
883018307
883133494
883157686
883203330
883809531
884430818
884720282
885141618
885156949
885220789
885264800
885808228
885988300
886125906
886300065
886336502
886548587
887921080
888020801
888151558
889500068
889902028
900102685
900263828
900554745
900731951
901452209
901468586
901612383
901654012
901676336
901705191
901742199
901934136
902000621
902093042
902227331
902431722
902513136
902703385
902744817
902866212
902973747
903088160
903094565
903380625
903400552
903558003
903603025
903666998
903769211
903944401
904161444
904258534
904272596
904423776
904447318
905063171
905129197
905286167
905320503
905402434
905405701
905600281
905722590
905875514
906022513
906133000
906271607
906312892
907059549
907078482
907202727
907333059
907470667
907495095
907622256
907630910
907647775
907667726
907805024
908091964
908520993
908606163
908711031
908852125
908994961
909172385
909552204
909730610
909781767
909832203
910413007
910448056
911127660
911128903
911203110
911229414
911409080
911410470
911612056
911701960
912155914
912226618
912305021
912334410
912463104
912504663
912510790
912577386
912813889
912892525
912954500
912975665
913004845
913104601
913117367
913177297
913251144
913518988
914039032
914083522
914102809
914205756
914233749
914265100
914336757
914402156
914461200
914472174
914537537
914608186
914634381
914722281
914808304
915011663
915090509
915238169
915248185
915252799
915322234
915522904
915940919
916005188
916121462
916506454
916711226
916756598
916888765
916970044
916992720
917181983
917415956
917632256
917710802
917752555
918023031
918100983
918109429
918123089
918225351
919052296
919083232
919223308
919238501
919400267
919442873
919558589
919588903
919648349
919736610
919929343
930430002
930570355
930583895
930640167
930651386
930692449
930751952
930853085
930857779
930940790
930957855
931142258
931187590
931315585
931375564
931426650
931459891
931663590
931745627
931867222
931878070
932002081
932114112
932377800
932542788
932772994
933006269
933029484
933037310
933047881
933097969
933205451
933480853
933499407
933550288
933550393
933656780
933689589
933761513
933787499
933789178
933840088
933931678
934036765
934076595
934091986
934093740
934630789
934635311
934719108
934968920
934971622
934999168
934999212
935108967
935310477
935403308
935408186
935410747
935832883
935991077
936068605
936086878
936302691
936326034
936335299
936340818
936768595
936821281
936848384
936938788
936950498
937097577
937192040
937329356
937417075
937447409
937468685
937742969
937832505
938178590
938294848
938460094
938776066
939291192
939293993
939493934
939559288
939681121
939888862
939922680
939954010
940461311
940555121
940609114
940723005
940788984
940916668
941028311
941271525
941351312
941389085
941447881
941565202
941580958
941606065
941744500
941776204
942014017
942283700
942446748
942553717
942614441
942650597
942712234
942760919
942921813
943052351
943087961
943219101
943330824
943386502
943469091
943543484
943584409
943600730
943825252
944015414
944027726
944126665
944228461
944632324
944796160
944869083
944930108
945096825
945242428
945385515
945672151
945967228
946072010
946174184
946238411
946405056
946530782
946611503
946722059
946727890
946738815
946958882
947093012
947281954
947451205
947479200
947722990
948026663
948229490
948260605
948341794
948493174
948573797
948601685
948662018
949219294
949237500
949319888
949364361
949597772
949848787
949880162
949923404
949968220
950742783
950784111
951002075
951045585
951054781
951242013
951292577
951630045
952121417
953109464
953555054
953998279
954801886
955022978
955560092
957379998
957474012
957729553
957882244
958025767
958215959
958708583
959911985
970502100
972222980
972228194
972255150
973068400
973125602
973178088
973211958
974022115
974360910
974555358
974647668
974758777
975323376
975534863
975669272
975996252
976630711
977051884
977058274
977317389
977417846
977531983
977768061
978007676
978048727
978074047
978321016
978786108
978955052
979111367
979589888
981231006
982735007
983615480
987070097
990290519
990300915
990387643
990401986
990417430
990501775
990714687
991239828
991461686
991493182
991627060
991826261
991985899
992029408
992145041
992192263
992207390
992242051
992651447
992930957
992941984
992992709
993205180
993237725
993337047
993363047
993431318
993520285
993577166
993771033
993942499
994056590
994097449
994109395
994128150
994243935
994380787
994439957
994488443
994596469
994637764
995371657
995492385
995736307
995837175
995860304
996866160
996866943
997005103
997068828
997128770
997139291
997270949
997272262
997308973
997353059
997597910
997732457
997740751
997744711
998067572
998079494
998272828
998385825
998643777
998991612
999051184
999240050
999557353
99361654874
