330454126
330636415
332600220
333939287
337069272
337510501
339110882
500020618
500539583
500702721
500759520
500762035
505000746
505701317
551021750
551025381
553030322
554059493
556023882
614352819
662368402
692273071
696121961
702025088
706060101
712122870
712258027
712444570
712575384
712623885
712890273
712935763
712938860
770770040
770861626
771773525
772671960
880345000
880608602
881302423
881316970
881641660
881832163
882058688
882552676
883025404
883301707
883525962
883600918
883618541
883730985
883811946
883992563
884941616
884962700
885306361
885538292
885664411
886068483
886394474
886620027
886771179
887931401
888004842
888047402
888144411
888401411
888407480
888553773
888662442
888765777
888929800
889020373
889332888
889498959
889538997
889734242
889997443
900063378
900090232
900249355
900281002
900301703
900345828
900360505
900404796
900407470
900432334
900449014
900531211
900534304
900594701
900696109
900750864
900769282
900961153
900999906
901020288
901050417
901180464
901334774
901404236
901613625
901741733
901784188
901801559
901818950
901988707
901991948
902001523
902135863
902439983
902487033
902542921
902580458
902831807
902915782
902953759
903038705
903040845
903042676
903137173
903150214
903170997
903412594
903514348
903688185
903767007
903769188
903784110
903907305
903914359
903939487
904042278
904064377
904090531
904093401
904108989
904220711
904268050
904414904
904440433
904447825
904449270
904569183
904688071
904707747
904723073
904780265
904930345
905100876
905174848
905208186
905228217
905310567
905377647
905491711
905555668
905563882
905587672
905616263
905629380
905634881
905636543
905664510
905708402
905780253
905868647
905897100
905912544
906006991
906087310
906133446
906158067
906207782
906240469
906246119
906263169
906287385
906321449
906361914
906449230
906739212
906740098
906756158
906760710
906777732
907007307
907040587
907120620
907126202
907204583
907279208
907363441
907423277
907447455
907471899
907498606
907508554
907600186
907621711
907787963
907802774
907851616
907875061
907917612
908487971
908491839
908522434
908523616
908531618
908535692
908558887
908687454
908697599
908699472
908706502
908725578
908728372
908739031
908767467
908859187
908899474
908900416
908983182
908996288
909521062
909766747
910141472
910281974
910308921
910410835
910416872
910573507
910613292
910731416
910773239
910782175
910800485
911002419
911061550
911156506
911181660
911194739
911195883
911217606
911248636
911255526
911289895
911324912
911419241
911423114
911480654
911486112
911488970
911500275
911561019
911591271
911609699
911627979
911817181
912020704
912025833
912063709
912065568
912108176
912124504
912199546
912212015
912224854
912228678
912250923
912395061
912661839
912687709
912751022
912833623
913205624
913221791
913266460
913271220
913283181
913534773
913653668
913653867
913665086
913962845
913980820
914007373
914029923
914060494
914122425
914402067
914406615
914429594
914430565
914442512
914447563
914450515
914478083
914617119
914662979
914709224
914735978
914781513
914902909
914998325
915100939
915113087
915131069
915167121
915187213
915200259
915212014
915240002
915251580
915292327
915344087
915391284
915440371
915460170
915577672
915593172
915678893
915736404
915746024
915770464
915791434
915804344
915811174
915850978
915869086
915909061
915950475
915986366
916000080
916072477
916185000
916280361
916280539
916343414
916402190
916548463
916635857
916636500
916676086
916753167
916762608
916893095
916918969
916990683
917171985
917172760
917186970
917360981
917372759
918222440
918602090
919022985
919060824
919093494
919101380
919173039
919406071
919518954
919582216
919677475
919684410
919763026
919796622
919806553
930020469
930054827
930098220
930376987
930384287
930438890
930456070
930465341
930475119
930581202
930597074
930601965
930606165
930624734
930697819
930720590
930732826
930783358
930796702
930818773
930948089
930974902
931029049
931051456
931166984
931216490
931362614
931404754
931442092
931498877
931503566
931508507
931524140
931531081
931578303
931581256
931645313
931688554
931781030
931942190
931972269
931972592
932002873
932036300
932043090
932097910
932157627
932259487
932311288
932327080
932352235
932409776
932483566
932540986
932550437
932601223
932616902
932626258
932667052
932674242
932704452
932708656
932741408
932823866
932970129
933000923
933091972
933093804
933131823
933137904
933160771
933331492
933366477
933372982
933391781
933417734
933430988
933431789
933432914
933440154
933440574
933459572
933482598
933496825
933532384
933576591
933595460
933702296
933721987
933759545
933870401
934001940
934013097
934080353
934162489
934242608
934338289
934458910
934543042
934555357
934559881
934592324
934605651
934744469
934749208
934832083
934886085
934944557
935036095
935074173
935133990
935170031
935301630
935321014
935432587
935524012
935535663
935547093
935605097
935625526
935730803
935744322
935761866
935792440
935927721
935995838
936017363
936095956
936433362
936454584
936482968
936512863
936542198
936604023
936609883
936654987
936666282
936683908
936690691
936708791
936892009
936961010
936968489
936975288
937191946
937240513
937293182
937427404
937536055
937600190
937602460
937613067
937689091
937701332
937711613
937713480
937788233
937980223
938036009
938217381
938348896
938366086
938396696
938536694
938640561
938830523
938864000
938997702
939036010
939043626
939078836
939087676
939230893
939255435
939288684
939302490
939310491
939311967
939375200
939439106
939442291
939522493
939528080
939612224
939894444
939932652
939969201
939996166
940054010
940087451
940099586
940100722
940230625
940282892
940310768
940319116
940327873
940371730
940401288
940418575
940477881
940578706
940619905
941228224
941231622
941245860
941278201
941294666
941386769
941477700
941531446
941556511
941689268
941999436
942033304
942057685
942072090
942246694
942265200
942282209
942401166
942427244
942557404
942631131
942681604
942684308
942736623
942740747
942833118
942846729
942971777
943032636
943056549
943111859
943159288
943176864
943310464
943334631
943342366
943348740
943355669
943428090
943471095
943490781
943558189
943609223
943770299
943777786
943805041
943824786
943862986
943956602
944008615
944045533
944165371
944203885
944258585
944290730
944290939
944338061
944361045
944541412
944620563
944642032
944734593
944885871
944891334
944931092
944965807
945037742
945067664
945108858
945153663
945289888
945300522
945510668
945518777
945529669
945569000
945832501
946001682
946100382
946103733
946105850
946116955
946241602
946470960
946630802
946665124
946670155
946686604
946760216
946861829
946863438
947029742
947055452
947081119
947299294
947500885
947601727
947607393
947830580
947939991
947999424
948108027
948130609
948202368
948320259
948530155
948627582
948718200
948998288
949397690
949800009
950018075
950066091
950121143
950402608
950458206
950620264
950740674
950760183
951222889
951301961
951501481
951505064
951689491
951905151
952116777
952200662
953707073
953738986
954001237
954748800
955068306
955531279
955536501
955700485
956278525
956424243
956680800
957100611
957750571
957769089
958053265
958074474
959335254
959373230
959552725
959692003
970391144
970695152
970698384
970850082
970860576
971105810
971148774
971192433
971230636
971595252
971668488
971728288
971777709
971811955
971938480
972298719
972594488
972885015
972891964
973175197
973202250
973225658
973257009
973274666
973442800
973454588
973835818
973891555
973910275
973954019
974036101
974085882
974091088
974417022
974562134
974579191
974709332
974848891
975042257
975231484
975237470
975242072
975338373
975341962
975385986
975446618
975481215
975656965
975710028
975736260
975743333
975906115
976033153
976163907
976319458
976383343
976717277
976775780
976888084
976919194
976959996
976977079
976990989
977019446
977057406
977180690
977320414
977332370
977462507
977530353
977649197
977720251
977852885
977905163
978002373
978015004
978030791
978037477
978111575
978338919
978437884
978566963
978645655
979103900
979512894
979535950
979767983
979892525
979975929
980004340
982107179
982601999
982775000
987775432
990066370
990138691
990162162
990163122
990170515
990222192
990262984
990309173
990373952
990393775
990433496
990523620
990537154
990580000
990594377
990596844
990638351
990746176
990767481
990768392
990775457
990780677
990893940
990897819
990902487
990902695
990967993
991013171
991032861
991118642
991218992
991221173
991241621
991264251
991278273
991323195
991400356
991418278
991430733
991437709
991446500
991482760
991513881
991586990
991608110
991621194
991661055
991692335
991706115
991762719
991773929
992120151
992252398
992269105
992272607
992332064
992409790
992420302
992460957
992498731
992538846
992655815
992984787
993031519
993055911
993197774
993216149
993263938
993272898
993294830
993354716
993389190
993436218
993555080
993660590
993669285
993671991
993686270
993756364
993805490
993825927
993884152
993887385
993911008
993971972
994040352
994061612
994120252
994128902
994238825
994280182
994307889
994327180
994361882
994371256
994378237
994458167
994491779
994500367
994515582
994530237
994536940
994672206
994709432
994734621
994875950
994898916
994908832
994913252
994940460
995116791
995158655
995222190
995266711
995286164
995389222
995411434
995470320
995482088
995520489
995618087
995712048
995780178
995851293
995852776
995926600
996054665
996219004
996301206
996335732
996564527
996636455
996664815
996956617
997020788
997122570
997142163
997155143
997174011
997174388
997180710
997351581
997375250
997487095
997555140
997629984
997762559
997861098
997901876
997983187
998182687
998202144
998205668
998255679
998294770
998539767
998600704
998603033
998824540
998832664
998835310
998851976
998914411
998921019
999022691
999046614
999071084
999078087
999089977
999091778
999100712
999241583
999246950
999309545
999365786
999368129
999440211
999514251
999553517
999556807
999697886
999795347
999890971
999998139
79262605353
