339226667
500029314
500531165
500745590
500796208
501035804
501083736
501089939
505532522
505703661
505713391
505802392
507131247
507547050
551023815
552013839
552037787
552559654
554058585
554520444
554522684
555035450
555115700
555155525
556025031
558038440
558105010
652287841
655524356
662210676
672360221
692105519
696523143
712090630
712159301
712203717
712220979
712316550
712354752
712400560
712442021
712499482
712649378
712664933
712749470
712792243
712793737
722224369
722224858
732435090
755234181
755240057
770122410
770159704
770172469
770221394
770481790
770661097
770717297
770968581
770982011
772552309
773141797
775008844
775772283
777083536
787775901
795393605
880250959
880294414
880690787
880712128
881068186
881180710
882031403
882251917
882571060
882932050
883123301
883162687
883176620
883290503
883321028
883392171
883483787
883511059
883544624
883559565
883577751
883735445
883810501
883834280
883976553
883981311
885076114
885580666
885581309
885807174
885863677
885912444
886005655
886010066
886148590
886375656
886385535
886438685
886538923
886756501
887340017
887437744
888240094
888410599
888482101
888579010
888923133
888977882
889136686
889151562
889208737
889301803
889330983
889366770
889530788
900130826
900175650
900256041
900259090
900393943
900403225
900577975
900598380
900808406
900814142
900981262
901113303
901134570
901474345
901519216
901550453
901559429
901602848
901633738
901643881
901657898
901740784
901782938
901865118
901907101
901996481
902100117
902144504
902223721
902308013
902342404
902480402
902550503
902705509
902711379
902745055
902903714
902915509
903058404
903080958
903107567
903167113
903187055
903213618
903606829
903646402
903791988
903800170
903883006
904032447
904057436
904152622
904157476
904171661
904261173
904277811
904280785
904499093
904507555
904535259
904572548
904669190
904729323
904894144
904898209
904901095
904901884
904959490
904967177
905091360
905239193
905348971
905366044
905370516
905614886
905656374
905663907
905692999
905693565
905708869
905746266
905787242
905825580
905871092
906010158
906131089
906137499
906177122
906214177
906241866
906262727
906289274
906313426
906394277
906401716
906615232
906649703
906666454
906727801
906739626
906792940
906865022
906942002
907031818
907106476
907110419
907155007
907164354
907202362
907223002
907236030
907437978
907478377
907485655
907588183
907701419
907737761
907750956
907766687
907767584
907901383
907903035
908161291
908271699
908327124
908388726
908490172
908511161
908577056
908736031
908830365
908832169
908834431
908855507
908879582
908896326
908910102
908941053
908950420
908981727
909161501
909183778
909339184
909415459
909503076
909682508
909696167
909778345
909778420
909839339
910024250
910261711
910275651
910288685
910321920
910330160
910441213
910455915
910532192
910605727
910736034
910840717
910846658
910870908
911068762
911139792
911149387
911210186
911401481
911408543
911417135
911457750
911506545
911547636
911561492
911683145
911688967
911886080
911962624
912038015
912200515
912226331
912254865
912330969
912333594
912337133
912341487
912389191
912550694
912809041
912850922
912882398
913133250
913135137
913170870
913395172
913462094
913601418
913621127
913838441
913933793
914011807
914121117
914379207
914414946
914502189
914605576
914841989
914856276
915053193
915105288
915126656
915132689
915184706
915237757
915260325
915414216
915441429
915532955
915546281
915557786
915659761
915687025
915706757
915746158
915831053
915839088
915895887
915915590
915939700
915944546
916035465
916047479
916121227
916151885
916280648
916372007
916450534
916542481
916561024
916648640
916691262
916731505
916732585
916767454
916893429
916996080
917005270
917090175
917100772
917104313
917159720
917172306
917600037
917628959
918012535
918130146
918135985
918208595
918293210
919000463
919001071
919008996
919014490
919087710
919099293
919437616
919443935
919447262
919552902
919571460
919606830
919647909
919681626
919772197
919922292
930030581
930069264
930095995
930383458
930410510
930432689
930450030
930480571
930487569
930536278
930558448
930589322
930646301
930685253
930692278
930713790
930724316
930788500
930803600
930900784
930911708
930918514
931017016
931075478
931078552
931109942
931167693
931195252
931215611
931264131
931291985
931459146
931501709
931536262
931570789
931626725
931655719
931683200
931767693
931780954
931790358
931796880
931797884
931861667
931973909
932061466
932118772
932161809
932174007
932178611
932265203
932285480
932304291
932372270
932405799
932441063
932445491
932506650
932530457
932530787
932605778
932613993
932641956
932676709
932761141
932783077
932810311
932810480
932883188
932895153
932920191
932958442
932972026
933016612
933017795
933028481
933089428
933097349
933127015
933140167
933159511
933350500
933372982
933393203
933430707
933475703
933504288
933597834
933616100
933633800
933646218
933672759
933888709
933982175
933984006
934077937
934425896
934451827
934462258
934475424
934590881
934638838
934645157
934740563
934767678
934821489
934843322
934891084
934928590
934931718
934933506
934933791
934944009
934998270
935084588
935095416
935103849
935128312
935156288
935180135
935221850
935233536
935243832
935272011
935284548
935444615
935530672
935570897
935599194
935631088
935700915
935717287
935722294
935773897
935832972
935838448
935888337
935921492
935952778
936024482
936221237
936281848
936296226
936397737
936407755
936421916
936506502
936540628
936557563
936643604
936669523
936703657
936786044
936808689
936956737
937012292
937015171
937035301
937060977
937184147
937237151
937242010
937299374
937332811
937504099
937552755
937667369
937669595
937688183
937718996
937753406
937839227
938007787
938055991
938172313
938289910
938464363
938479966
938506675
938539447
938600256
938630095
938923011
938950919
939050288
939052427
939069625
939079990
939275171
939338922
939385335
939490774
939493534
939688037
939796992
939846555
939939517
939988575
940051083
940086212
940135564
940294088
940301468
940310797
940312895
940337878
940600386
940681755
940722685
940731270
940938207
940961756
940968282
941121267
941238009
941280904
941288589
941340007
941463933
941479038
941503090
941661068
941918895
941986223
941998615
942043980
942079484
942124462
942160989
942172756
942214886
942262028
942277478
942287077
942290978
942359388
942382526
942465533
942535205
942564661
942623434
942774259
942792222
942853839
942982939
943029792
943045860
943140914
943176434
943377734
943410378
943499030
943630214
943710673
943722387
943771565
944003507
944029594
944134510
944310388
944362377
944363706
944454052
944503260
944561939
944660205
944712666
944717779
944760127
944870878
945052458
945110384
945116468
945169550
945169919
945282528
945391776
945525208
945626722
945632629
945660363
945722587
945770207
945796787
945858782
945874241
945924179
945987031
945990871
946009108
946049929
946221816
946344011
946457170
946581193
946697807
946754107
946837260
946839196
946901765
946942525
946946988
947133131
947193686
947439988
947458363
947688006
947715002
947754003
947768780
947791887
947861557
947873757
948094151
948668672
948720309
948877227
948922026
949065015
949075625
949088130
949392562
949735056
949760067
949886062
949927599
950073352
950110817
950164212
950529012
950692059
950719184
950723066
950737068
950866060
950884586
951035113
951054479
951057883
951081864
951380565
951579098
951727866
951979658
952161513
952179795
952201050
952343417
953006000
953399087
953531122
953558988
953934717
955402290
955520155
955702696
956209460
956373608
956427478
956604144
956966603
957553456
957679717
958071310
958233302
958448785
958581585
958859197
958900291
959040815
959583377
959665558
959880494
959897007
959922692
970007938
970102350
970221260
970521333
970666990
971182555
971298844
971659296
971808180
971821900
972033590
972127282
972225601
972275171
972278781
972371231
972683536
972723691
972791969
972908319
973078465
973130592
973308038
973498385
973514941
973587984
973881552
974018277
974067375
974308569
974512177
974584757
974650826
974843191
974880903
975088630
975546560
975564420
975626050
975637300
975661205
975782861
975840069
975873404
975913067
975934567
976181023
976199401
976218300
976318072
976522898
976540928
976578895
976599011
976600089
976832505
976872772
977054881
977078708
977198785
977452412
977455563
977558010
977768684
977800062
977859408
977880304
978221001
978268286
978570388
978775677
978971983
978999396
979147220
979166864
979215510
979215696
979238881
979660034
983639093
983676468
987762728
990017449
990025968
990060398
990225964
990305448
990406188
990494010
990577174
990585959
990600548
990646551
990736573
990821056
990869818
991047919
991056176
991135073
991141807
991153496
991192911
991293135
991295736
991324177
991434232
991501432
991525775
991543657
991701671
991810013
991870879
991892105
991934052
991964094
992105844
992119772
992177885
992182496
992219685
992335593
992381198
992400983
992491893
992621211
992628490
992655096
992753784
992896768
992906278
992906780
992983434
993020315
993148475
993362014
993380561
993410194
993446665
993451472
993493060
993545805
993618923
993698608
993701392
993784381
993786477
993923393
994015425
994074307
994153982
994154443
994229290
994243911
994368592
994548968
994568462
994580786
994658825
994720316
994826891
994839588
994901470
994999888
995141291
995247488
995364969
995474987
995521152
995555988
995672496
995673538
995676585
995695230
995735787
995841256
995845350
995863194
995906015
995941710
995965168
996016365
996099049
996121812
996308812
996310195
996361250
996401861
996402911
996580420
996668303
996687122
996728374
996868294
996999704
997055050
997067566
997073806
997078190
997098921
997259957
997262128
997341562
997363181
997374319
997397200
997500908
997699188
997750293
997754172
998323220
998352253
998436598
998533548
998740891
998772874
998789153
998858590
998876003
999280114
999307242
999316212
999515220
999599881
999672782
999720664
