336618912
500548964
500549023
501098374
505717784
505769091
507061101
507061213
507540390
551031054
555116317
652248093
692240969
712717449
742371287
770022425
770087121
770496526
770741734
770808107
772766176
773009600
881001285
881271099
881402070
881471728
881930802
882159699
882232210
882570606
883824595
883998900
884299294
884619288
884971737
885437009
885794547
886042121
886468707
887461035
888400409
888401682
888510210
888912470
889197717
889230904
900309950
901021690
901058688
901101833
901423045
901695301
901838723
901961946
902468311
902482808
902540135
902689088
902740793
902981140
903133916
903428990
903457966
903729998
903784110
903909202
904070599
904074370
904425424
904710196
905112909
905145068
905195480
905314509
905483202
905618071
905769868
905836549
905977362
906026158
906060974
906575797
906656444
906786177
906997901
907001661
907322113
907360611
907419525
907473626
907555159
907597778
907776121
907845150
907867442
908077262
908421081
908538685
908665463
908766113
908806625
908861950
908925678
909187365
909200441
909634441
909836688
910250548
910329091
910468889
910554665
910557225
910603086
910777300
911093864
911177989
911198103
911198776
911286761
911415581
911421624
911428454
911523365
911543628
911852565
911863936
912005197
912043402
912152139
912189185
912201495
912219887
912271795
912354695
912434236
912458720
912543577
912623945
912872886
912981187
913100099
913134383
913148057
913253343
913286689
913506587
913679750
913857838
914012518
914075352
914144219
914295595
914476015
914588898
914784221
914821655
914828864
915171380
915180464
915268756
915759275
915999526
916008440
916039050
916045534
916240410
916267454
916363949
916370773
916401982
916457317
916476410
916511684
916512050
916561907
916666534
916716265
917151573
917820630
918143163
919095588
919277570
919421019
919469343
919490585
919513194
919609085
919756915
919772515
919821092
930015690
930027046
930048051
930060556
930452312
930460608
930601229
930781478
931097210
931152492
931170232
931202686
931259083
931284989
931311251
931471280
931481013
931564208
931621786
931652794
931672357
931732007
931749287
931906094
931910888
932056615
932059583
932151956
932179887
932292021
932326605
932387603
932409390
932424449
932474387
932766075
932918387
933183884
933270761
933290874
933357175
933385366
933471254
933508292
933530593
933603538
933607388
933672523
933722007
934209959
934492208
934600413
934686099
934708582
934854554
934920762
934932805
934966262
934970913
934972789
935041239
935090644
935140510
935170717
935204936
935231096
935292885
935450582
935457434
935469181
935498434
935571912
936121639
936381314
936602160
936635655
936648881
936683660
936751502
936754391
936814081
936898587
937191058
937403236
937462767
937725801
937731533
937804180
938122040
938141615
938173183
938197703
938232321
938380750
938387686
938600152
938804487
938829009
938901957
938970592
939052181
939066080
939370156
939392084
939720280
939917095
939930084
939950992
940000086
940081613
940804792
941027033
941029794
941504695
941551067
941677850
941730168
941821057
941950022
942019274
942162649
942229217
942242855
942402854
942406051
942409216
942534655
942705162
942997607
943415376
943503538
943623149
943651207
943690324
943743740
944025356
944429663
944447478
944664556
944717207
944780199
944960883
945081544
945372059
945487027
945561964
945965263
946162613
946273160
946361518
946411352
946638911
946642168
946782691
946828304
946831080
946851485
946953433
947288793
947501978
947648878
947882362
948066939
948453700
949062004
949383367
949569691
950081965
950229914
950407669
950452509
950615457
950709100
950727305
950739876
950871387
951313115
951576564
951904701
955303646
955542787
957301056
957718810
958025711
958052225
958200298
958812309
958879899
959190317
959890901
970086461
970903944
971344882
971662188
971930083
972070355
972131301
972292327
972477782
972508161
972879091
972958558
973187799
973366531
973415447
973940045
974204540
974580996
975022586
975320527
975539291
975540662
975785685
975869406
976020166
976115577
976389444
976594474
976649700
976662115
977434215
977510565
977543307
977702286
977716071
978080298
978102188
978248707
979067505
979156228
979639659
981101025
990062818
990422989
990424713
990477265
990502093
990651728
990706057
990718033
990889863
990919454
990935044
991181578
991193403
991252809
991481776
991556353
991651109
991669195
991854141
991918827
992093808
992108610
992505181
992553579
992662357
992860389
992869031
993038747
993211630
993382640
993470036
993523136
993626653
993649334
993792077
993968290
994040689
994306900
994354000
994491420
994645456
994720705
995440570
995517472
995645471
995714534
995725678
995820376
995857202
995996827
996035154
996072900
996128390
996860741
996897518
997003606
997008680
997133432
997174633
997476627
997503383
997569591
997587181
997587299
997609071
997664445
997764476
997887393
997971322
998015811
998173274
998175750
998576847
999252878
999583222
999838833
999851266
999863838
