335997721
500703710
505109696
507295222
507537979
557040831
622287767
652251158
707002480
712626054
712813323
712916176
770078718
770082231
770093201
770300597
770710156
772508489
773006460
778003444
795621719
880071477
881422282
881430212
883061189
883161624
883671770
883712347
884059511
884357863
884988803
885218085
886301992
888056111
889250416
889361909
889992489
9,98881E+11
900190319
900369629
900373843
900430365
900560750
900573328
900729221
900731971
900979627
901047574
901071656
901152360
901178509
901218321
901280142
901616406
901685062
901890287
901991207
902734641
902803083
902809895
902821501
902836011
902861572
902953242
903516438
903651579
903772805
903837978
903908889
903971414
904051987
904052733
904165636
904196168
904261710
904402306
904463289
904600874
904601009
904646003
904868807
904943432
905057881
905291000
905303183
905331162
905356440
905357157
905610253
905623955
905937373
906004252
906148327
906451540
906761873
906780271
906793127
906808591
906817272
907147644
907215007
907224402
907293220
907447176
908409998
908574599
908590282
908638782
908712160
908784014
908815832
908914066
908959986
908986640
909476480
909567028
910051128
910112526
910361039
910713477
910781290
911146831
911195782
911281565
911479084
911493693
911778310
911799868
912023898
912201443
912279101
912411755
912844610
912997275
912997735
913130294
913136647
913228072
913290371
913447588
913525447
913674921
913751701
913882888
913976941
914012455
914102114
914154643
914329141
914534725
914615033
914739647
914787033
914923105
914950630
914990415
915112665
915120066
915502985
915589991
915635564
915759684
915768406
915860545
915977984
916003105
916006573
916064810
916322676
916349245
916349483
916510594
916554963
916780996
916861014
916922358
916950482
916996080
917101947
917161723
917171936
917764669
918119086
918133004
918749606
919018515
919084543
919416475
919698697
919711754
919818102
919941680
930039114
930504030
930504541
930568678
930857272
930941884
930976247
931153800
931375000
931439647
931453007
931510718
931635992
931639183
931735855
931942162
931967330
932005295
932006807
932045887
932117784
932171946
932214206
932255984
932302032
932360280
932371440
932432586
932542963
932557343
932661363
932702787
933019205
933116803
933266662
933274464
933322655
933370636
933374138
933449068
933482621
933498179
933536106
933559759
933718818
933951405
934000124
934064410
934260855
934402223
934463532
934471184
934601858
934617441
934719426
934761173
934766699
934790115
934878912
934951140
935433308
935464142
935491975
935511912
935592283
935730424
936008128
936152071
936250448
936489055
936530403
936660768
937241620
937451113
937481872
937489089
937551747
937714239
937773367
937809281
937877761
937900909
938108514
938183777
938230687
938311929
938327106
938749430
938935959
938948300
938950822
939012861
939085006
939254052
939485043
939512790
939678494
940028971
940326555
940334221
940447785
940497980
940951885
941412219
941521866
941606663
941712757
941999923
942194080
942411218
942413773
942570000
942704097
942842661
942852795
942887333
942932826
943145100
943320550
943427572
943620553
943737406
943758326
943940042
943946996
943963438
944044359
944084672
944187884
944230355
944468708
944956206
944961129
944967111
945054060
945069085
945107672
945145515
945522052
945629919
945681051
945745828
945901037
945974588
946088044
946157175
946226861
946305956
946319096
946352458
946482687
946561620
946579404
946820495
946891379
946985633
947107974
947288689
947729262
948191691
948583736
948601025
948861116
949085033
949227068
949270022
949318896
949973696
950163431
950464050
950777242
950868402
951006413
951589390
952221631
952528616
954447167
954462424
954746040
955056505
955302793
955531180
956638682
957012868
959563656
959910221
970248885
970741767
970756566
971192000
971235755
971917784
972169509
972226129
972241410
972584002
973106364
973268685
973493121
973653201
973838042
973991208
974006682
974026635
974234204
974712691
975248089
975308773
975325260
975681691
975774000
976092288
977170280
977660097
977809322
978440041
978731961
978738180
978763773
978823100
979290251
979319784
981256265
981600565
982109600
987762009
990248650
990328572
990349609
990487386
990611180
990721706
990765840
990827784
990836405
990844250
990861272
990880870
990981084
991035475
991078401
991266370
991278778
991300438
991354486
991363063
991589105
991619202
991773730
991874683
991925881
991991458
992088507
992340918
992859250
992868482
992882689
993095690
993160222
993325209
993386240
993487950
993681407
993741111
994071957
994088499
994151306
994191874
994213105
994269424
994472701
994563191
994643989
994767519
994819290
994847505
995006890
995329188
995543753
995551673
995559509
995620222
995662163
995851062
996079016
996096547
996120444
996199124
996253074
996500216
996671813
996958413
997055967
997186292
997313160
997743641
998150722
998210852
998354117
998563657
998594597
998608129
998636575
998854522
999673880
999798130
999975895
999984307
