332310605
336631497
500078881
500093523
500548584
501076960
503010122
505032361
505050198
505055701
505703615
505709092
505715955
505821113
507046976
507053904
507155002
507242012
554520444
557057680
558090341
622238952
655524356
712431271
712588426
732451965
755220844
770005790
770078187
770094960
770223545
770224299
770367606
770551058
770578786
770595577
770776931
770980111
771000253
771157373
772508786
772627767
772660661
774040105
777773308
880103384
880714347
880909266
881113255
881161170
881991505
882082595
882239390
882874097
882942502
883121373
883185335
883202168
883551953
883578171
883807811
883808286
883827477
883830860
883906654
883909386
883995290
883996245
884150787
884550706
884667179
885141378
885157778
885184333
885192729
885308877
885368682
885762242
885797255
886134174
886158444
886360033
886405855
886768400
886920208
887003013
887050522
887962917
888008703
888404491
888458790
888461972
888490711
888531555
888708855
888931071
889022215
889033545
889188918
889250087
889903393
889910530
889973060
900056024
900171879
900251288
900328444
900360994
900405772
900919143
901001173
901026220
901040493
901048302
901049804
901136181
901421259
901438025
901441225
901500353
901583181
901589230
901640578
901650320
901664266
901668662
901696772
901794406
901795472
901970676
901980425
902000804
902003685
902058747
902071081
902129129
902183257
902193895
902231410
902271689
902299960
902402546
902441890
902441894
902450619
902602321
902655221
902842904
902923066
902971962
903009084
903039937
903073822
903250506
903254904
903340057
903360570
903577653
903600191
903600244
903631002
903900578
903994779
904000688
904051064
904053144
904062441
904101098
904121969
904253574
904256080
904289502
904384177
904439767
904451203
904474578
904481404
904650571
904741949
904792246
904795678
905044110
905078656
905084603
905163630
905181579
905189823
905226905
905227766
905234882
905240260
905241270
905404728
905435586
905447775
905451125
905510710
905602590
905706894
905716281
905719175
905761646
905839718
905846837
905875576
906039503
906062529
906092326
906155157
906214454
906220517
906252883
906282231
906289945
906358968
906594232
906622220
906763283
906806226
906977746
907104940
907117710
907208418
907214564
907223781
907238577
907742094
907761366
907923532
907962107
907978559
908077610
908249019
908341460
908370680
908450836
908452328
908475796
908516259
908736454
908788594
909044340
909056533
909087408
909157608
909176670
909936667
910090642
910168500
910322799
910355549
910364854
910481264
910599580
910734691
910757535
910799721
911007130
911011273
911049265
911087177
911093420
911125426
911145040
911145345
911152981
911220744
911250947
911251936
911284720
911385046
911399666
911451268
911495197
911501257
911502315
911522231
911523778
911551290
911646841
911680386
911802108
911993026
912040575
912047341
912054288
912087723
912129751
912174727
912202590
912250706
912255115
912293589
912296860
912341082
912414006
912437703
912673230
912752566
912768685
912781898
912820112
912829484
913283101
913288783
913291986
913481518
913965209
914022203
914060062
914088714
914166970
914169097
914502689
914520727
914555668
914636778
914653114
914701579
914820591
914828591
914894736
914920838
915092874
915097703
915147208
915147767
915157088
915235369
915283187
915325299
915342004
915497409
915533620
915570782
915618831
915642460
915660467
915717992
915739110
915822316
915840906
915867818
916016797
916033070
916060394
916072624
916102366
916167872
916373791
916438824
916462043
916524152
916531696
916536929
916608769
916694908
916733455
916772564
916800012
916807523
916829876
916844294
916900207
916992964
917083664
917102007
917109993
917120892
917130318
917175862
917382738
917401564
917746491
917826809
917877837
918102189
918141252
918145685
918149863
918154709
918221951
918286017
918699767
919000822
919077884
919111352
919119712
919121977
919204055
919236607
919255931
919495385
919520092
919547724
919609155
919634833
919678525
919680458
919800830
919809290
919922393
919928466
930044318
930047846
930092524
930426899
930450651
930458490
930544044
930585633
930586385
930592915
930642375
930674820
930676277
930678226
930703620
930870651
930978773
931004510
931018241
931093908
931120053
931140019
931169402
931179805
931265636
931349614
931401294
931436972
931484993
931513135
931560308
931588679
931615997
931630491
931755703
931769220
931780973
931947267
932035720
932074186
932133616
932159502
932210291
932230393
932251873
932319310
932323363
932375775
932387484
932400787
932433375
932493739
932553754
932567108
932570858
932628333
932670900
932679197
932715761
932764245
932836974
932838589
932855118
932868809
932895221
932909658
932919262
932990928
933036485
933106334
933145924
933175571
933241512
933345475
933350556
933434080
933439424
933474366
933511033
933529329
933547272
933582249
933584191
933585640
933638103
933651570
933692863
933693209
934057206
934121330
934162656
934176685
934201504
934310534
934340715
934420739
934434234
934491470
934580612
934581464
934590591
934592270
934680389
934768188
934812297
934818214
934820893
934821409
934872479
934905171
934917729
934946591
934970053
935142827
935179177
935202788
935373266
935522683
935540212
935709531
935722031
935756080
935813936
935995979
936031038
936156276
936161370
936211300
936320768
936442501
936498187
936517500
936543644
936550788
936624122
936775516
936877274
936901587
936927107
936991504
937013088
937014851
937089995
937119717
937188777
937418081
937450930
937488013
937490140
937570048
937681084
937737428
937808487
937819117
937831007
937866373
937871967
937893152
938144100
938178616
938366161
938383507
938587573
938593300
938659555
938972777
938988809
939000092
939065455
939115240
939167954
939360591
939361639
939366661
939396564
939416446
939461898
939523769
939555677
939792323
939939364
940091617
940200729
940222368
940262495
940374567
940511475
940527976
940581515
940646488
940676989
940790377
941021054
941058884
941075227
941110209
941124652
941127582
941220208
941311175
941321851
941402327
941412091
941525152
941588110
941652442
941722468
941791083
941866204
941874167
941921650
941965470
941977517
941979515
942133163
942174414
942477887
942524082
942594454
942673386
942675240
942734507
942820889
943017043
943023966
943087508
943272525
943350640
943485063
943567756
943611663
943660071
943690093
943933603
943970208
944062323
944145502
944543084
944566007
944609949
944689068
944762332
944949376
945037913
945093987
945110606
945139224
945215153
945250392
945294654
945365616
945421957
945580029
945775706
945786648
945804649
945926068
945984036
946010773
946104141
946131394
946176930
946199838
946381086
946468680
946580806
946720248
946850086
946870264
946955610
946972513
947077280
947108899
947300772
947414224
947452695
947473015
947556705
947852550
947950821
947952780
948053534
948151966
948172082
948299287
948437983
948825657
948998605
949021708
949074839
949091116
949097612
949178601
949204313
949230201
949544080
949710387
949810008
949925626
950035131
950041029
950279995
950368865
950448711
950728176
950792194
950839388
950879398
951020907
951039787
951256011
951340120
951377788
951520211
952117232
952130803
952529909
953222628
953302079
953737977
954204222
954541295
955052395
955451680
955531029
955542088
955707060
956039997
956262729
956639897
956675450
956700012
957078023
957502123
958223858
958379009
959271100
959301972
959790078
970023757
970145714
970200570
970215544
970370575
970452016
970722264
971281441
971434262
971915251
971920093
971920997
971931888
971980488
971982388
972016077
972271685
972503553
972724548
972781810
972981991
973043672
973128861
973269955
973503573
973504262
973661785
973732311
973798919
973823601
973845858
973850980
973971563
974714144
975129242
975195056
975268685
975306858
975504993
975511043
975654700
975662107
975744070
975825909
975851968
975868796
976357969
976405677
976512481
976698086
976721095
976738281
976775880
976793139
976809595
977008204
977137242
977140989
977533312
977587790
977608590
977766869
977855526
977867168
977995759
978201972
978220380
978308484
978388207
978439290
978483788
978720362
979019679
979079079
979127714
979139529
979221664
979252047
979295917
979334994
979359565
979728482
979975497
981277442
982720029
983021303
983644700
987009392
987771478
987784443
988091413
990094087
990202860
990217456
990262585
990304745
990431057
990466450
990480635
990523130
990605219
990698647
990757273
990760549
990762109
990791960
990834400
990921375
990940684
990963012
990997372
991002885
991104047
991164939
991207047
991221703
991465479
991521506
991556808
991600542
991753187
991758986
991762192
991773666
991781654
991786594
991863485
991863887
991874909
991884348
991936433
991962278
991962900
992008810
992145070
992151388
992219957
992247805
992358409
992381686
992394283
992504618
992784978
992854385
993031416
993087501
993106636
993140282
993370978
993560243
993722904
993776694
993787805
993841115
993909255
993917478
993928202
993960618
994052950
994071161
994127276
994158022
994165176
994201058
994315530
994405575
994426772
994430086
994488073
994583780
994598969
994646724
994773306
994836423
994921519
995002778
995007764
995052876
995117017
995198277
995202285
995298360
995301702
995340076
995390247
995391560
995450954
995486463
995583056
995644148
995717953
995725877
995777418
995911365
995966058
995968985
996150556
996222991
996260026
996273360
996291589
996330422
996470632
996544983
996662968
996681203
996733822
996746318
996851286
997041419
997085640
997101613
997119788
997121512
997184133
997210339
997227796
997260313
997360855
997363181
997365958
997404809
997589553
997736458
997749074
997775634
997853099
997876047
997910703
997933988
997969186
998016525
998039940
998064249
998380931
998514992
998558566
998559080
998741174
998828309
998861599
998981007
999054002
999101709
999194409
999277371
999350809
999412589
999460985
999522557
999540362
999563302
999778454
999811510
999811871
999812928
999850669
79506115277
