331370105
335912323
336891988
500021552
500755855
500783777
501024649
505037507
505519333
505719963
552015281
552021268
554049156
554525337
672266210
692243313
694622380
694658540
696542121
712259351
712512400
762290101
770058220
770203045
770267494
770311184
770315259
770653555
770702578
775774040
788883103
880072012
880107302
880128085
880607970
881006906
881271191
881447117
881521512
881640078
881920593
881922788
881925020
881940111
881983885
882000459
882082012
882133000
882392303
882439200
882871291
882936331
883146848
883206871
883384434
883451505
883507475
883517413
883681554
883800415
883810576
883862999
883929585
884889020
885055888
885337575
885341390
885508668
885590767
885742021
885781380
885859631
886123192
886181871
886259594
886404888
886892190
887117176
887432608
887636446
887888179
888201092
888548380
888776737
889190141
889500993
889531293
889599794
889890311
889971781
889996674
9,98884E+11
900152515
900160535
900189399
900363613
900465583
900564897
900585982
900607311
900771101
900805126
900998533
901102582
901132614
901269201
901301130
901470102
901557074
901559544
901583202
901827717
901963639
901984372
902117773
902242058
902278734
902294238
902429386
902435646
902478710
902488387
902515044
902556002
902569302
902571213
902581615
902688085
902725402
902751937
902771486
902771945
902871525
902893088
902909984
902940490
903032235
903091962
903099214
903146221
903371948
903410724
903418604
903434542
903660103
903670385
903683532
903710002
903761861
903787848
903810186
903832392
904083782
904095490
904109005
904288726
904337176
904501908
904517252
904580351
904698454
904731074
904856172
904871323
905057799
905068003
905113317
905118711
905209116
905277313
905308140
905320938
905408608
905426377
905558791
905564307
905613351
905638524
905761607
905816765
905838319
905864885
905884415
906165996
906191974
906228714
906284788
906379101
906438315
906641053
906662866
906678758
906710691
906851586
906928584
907189101
907200834
907201313
907207879
907335433
907342314
907369767
907411766
907433143
907560191
907599098
907629491
907666790
907692770
907722708
907797828
907903035
908338644
908365827
908390807
908393035
908527503
908573828
908575526
908602309
908689289
908739189
908742427
908746326
908749907
908835651
908878251
908935205
908958728
908960690
908967549
909422297
909595415
909625317
909818585
909966766
910226894
910471355
910472336
910484227
910543141
910560682
910733922
910778450
911006050
911052186
911128787
911151325
911201641
911255308
911420111
911434379
911457012
911482085
911699061
911748319
911760949
911857770
912077741
912093535
912237026
912252902
912320693
912463633
912476365
912706595
912839158
912844837
912864894
912987229
912989446
913005615
913182647
913208872
913274468
913565059
913595967
913767456
913785294
913803423
913979878
913981034
914000823
914005211
914012253
914030121
914097071
914112190
914178281
914260758
914290982
914424342
914474473
914507340
914512496
914514603
914525994
914635113
914655771
914659681
914669003
914669461
914688091
914696832
914843213
914847607
915018693
915104878
915128840
915158610
915254045
915274952
915303731
915446854
915454976
915469793
915495927
915522213
915537173
915576576
915636084
915640977
915676300
915762994
915780471
915857790
915871976
915892257
915963601
915967178
915971917
916125911
916139975
916163550
916184001
916375960
916394562
916497349
916514169
916517713
916583475
916644244
916656360
916735950
916854985
916881755
916952650
916977176
917128515
917141987
917185257
917333906
917353456
917368812
917708757
917742414
918201663
918330191
919008464
919077506
919080655
919203181
919227782
919235269
919400994
919402408
919477609
919536407
919551574
919570487
919592879
919677889
919693901
930026273
930040072
930080737
930082576
930088522
930404926
930408018
930438513
930460015
930494750
930506124
930511037
930556090
930624053
930752058
930753153
930767645
930798759
930808033
930809902
930811546
930814306
930821555
930871392
930985272
931044986
931053595
931062813
931249492
931273179
931286806
931363448
931381258
931385663
931401421
931438767
931506264
931527625
931535790
931548910
931600463
931671685
931747460
931750405
931762558
931778223
931789178
931928187
931940976
932035063
932065207
932074491
932122394
932239229
932247481
932299003
932310586
932392838
932399488
932404797
932471655
932568249
932603738
932611185
932727785
932742445
932805806
932943681
932962747
932963639
933020186
933037668
933097959
933140262
933145314
933173194
933189693
933207730
933243536
933261464
933312512
933314909
933315810
933357025
933406710
933421972
933454303
933479093
933479954
933493039
933500674
933508783
933565941
933569926
933577673
933626993
933668650
933707094
933722558
933961495
934044578
934136601
934209428
934224108
934228874
934252525
934320297
934368079
934398091
934403977
934454107
934457088
934462928
934530100
934570897
934752104
934851693
934882553
934901228
934944303
935258464
935327323
935381698
935384283
935461094
935524304
935568283
935572725
935674676
935706257
935717277
935808850
935862510
935882683
935919055
935930117
936064695
936100535
936113451
936147801
936181536
936217970
936266210
936330014
936382723
936465130
936492777
936535275
936626821
936633966
936642234
936706964
936729410
936787591
936818276
936860082
936961397
937079158
937130159
937200603
937234010
937245655
937301585
937320487
937444594
937493900
937561504
937567024
937601162
937620664
937621906
937648510
937690099
937692891
937727033
937735861
937772167
937775907
937863474
937892345
937921187
937937600
938110082
938128692
938222577
938239697
938294881
938368859
938463232
938550374
938552387
938602068
938695900
938711912
938820212
938839299
938886722
938887644
939025553
939073688
939096788
939266281
939317616
939340284
939406285
939411481
939428844
939456185
939660131
939762311
939869700
939956425
940027225
940067008
940092062
940095639
940119355
940150357
940250327
940258780
940260356
940374260
940451021
940463464
940470915
940533982
940694349
940716772
940722363
940727060
940737071
940975726
941034232
941046151
941109337
941278887
941300491
941330988
941394996
941468084
941551067
941600983
941621885
941671964
941797932
941849072
942040886
942064657
942081945
942177836
942186879
942187985
942234070
942335282
942530049
942680550
942861978
943102115
943350179
943402506
943409255
943430182
943465432
943477478
943603139
943639791
943668489
943853376
943867792
944030807
944041965
944102150
944109391
944110676
944152561
944158503
944223544
944280820
944311420
944369988
944430975
944479067
944568207
944620667
944690085
944782693
944857710
944858182
944874262
944950656
944963933
945082583
945216666
945273734
945289285
945363365
945395761
945398895
945489991
945513502
945598362
945647568
945684717
945728485
945769686
945798311
945878999
946006841
946007380
946019565
946053946
946070909
946103553
946126041
946141553
946356224
946364996
946384282
946391100
946432939
946462933
946660826
946736891
946767343
946787826
946820434
946871309
946891887
946923106
947068897
947251279
947476663
947553095
947826969
947829212
947985414
948101154
948305564
948453430
948512677
948537343
948731994
948790849
948838505
949066555
949131261
949560315
949562707
949720187
949885525
950004091
950013291
950111266
950241873
950274665
950955795
951002709
951642423
951806220
951839803
952140466
952152887
952440596
953313733
953904055
954300712
954402101
955553906
955758887
956304546
956571008
957204947
957782280
957872062
958070886
958090640
958225656
959669795
970015457
970020671
970248899
970851598
971027802
971410889
971412214
971469818
971592818
971933636
971996990
972161079
972290084
972353314
972881262
972966121
973000786
973078730
973090774
973117309
973119851
973149198
973151062
973158685
973320620
973401655
973445747
973455052
973569878
973605130
973651708
973835380
973927755
973947146
973962928
974050954
974570042
974730666
974828348
975198001
975261777
975458188
975472081
975515108
975557436
975565851
975566474
975622046
975663628
975806500
975878894
975939113
975971484
976160162
976204575
976226778
976315222
976341520
976381797
976500698
976620607
976861016
976875559
977021982
977155058
977460819
977480423
977531113
977541666
977604885
977675115
977802230
978059105
978276800
978367877
978414595
978470604
978506056
979240124
979292824
979721944
979761151
979915755
979980889
981001819
982744007
983068638
983084535
985770300
987005536
988094466
990222764
990253521
990269457
990271267
990272796
990300341
990427188
990432060
990490217
990497803
990565575
990622075
990622391
990632891
990633544
990658860
990669922
990813565
990850385
990864661
990867514
991100568
991218232
991254242
991344844
991496515
991609512
991639592
991642112
991646930
991656962
991710544
991730722
991768730
991832606
991841590
991976585
992159597
992333421
992484557
992550338
992706490
992886586
992898219
992945605
992948444
993017197
993055884
993091133
993102230
993121402
993202809
993242446
993262287
993336099
993339250
993387314
993391717
993492765
993500758
993624683
993628544
993662710
993767909
993812278
993922258
993934112
993994898
994001582
994002504
994059798
994164320
994168003
994250913
994319367
994322891
994387428
994420664
994457997
994504759
994548968
994571282
994643048
994764915
994810716
994895455
995003754
995026470
995035787
995090786
995097942
995130972
995212301
995236380
995258501
995285689
995440901
995451877
995484934
995540780
995541620
995598961
995610167
995623504
995629760
995782189
995936696
996095100
996101148
996378698
996521519
996611486
996627849
996685190
996805658
996998820
997112504
997151384
997261040
997267972
997294553
997297327
997305171
997415570
997444602
997489494
997508369
997515613
997523870
997577321
997588665
997660358
997862424
997962552
997971014
998048125
998088699
998231917
998507194
998510886
998681957
998893828
999116046
999226177
999276858
999391004
999472414
999478893
999484990
999562002
999564721
999615584
999634679
999661567
999668982
999791942
999955762
999963160
