200075957
331080889
334060055
334456545
339067882
500035411
500091389
500533697
500553185
501037663
501077784
501085728
501087414
502202044
503017075
505021456
505023182
505028772
505096207
505524488
505531566
505702804
505716696
505737504
505747071
505819009
551028216
551062910
551518316
552526922
553011074
553517019
554013760
555022289
555061136
555144120
558018969
559014999
559018185
612244241
612295827
615240153
622253264
655822681
662351648
662367463
672363984
696321328
696524130
696525163
707224071
712090403
712123500
712172304
712186292
712247353
712277192
712335019
712404965
712452528
712472159
712518070
712538086
712817613
712920662
712989829
722241454
762217725
770005288
770085982
770302484
770320303
770359193
770386060
770508286
770522494
770630217
770658286
770661108
770830747
770858737
770887785
770914477
770989795
772612497
772967474
774002969
777099190
792240357
880081504
880204095
880210509
880250772
880727025
880833060
880960489
881131911
881189099
881321585
881447500
881470797
881600304
881640158
881798485
881898784
881911056
881978800
882097800
882156333
882189687
882201811
882236264
882330996
882336691
882363571
882493666
882545010
882651985
882723132
882731514
882876661
882896131
882984494
883018232
883136067
883136655
883175758
883187100
883235242
883281381
883460294
883521181
883564344
883652777
883822287
883859487
883888396
883888581
883918118
883921252
883930443
883934538
884065517
884260105
884598917
884610488
884924888
884940911
885106689
885170989
885196737
885227380
885240387
885249505
885318785
885322218
885401979
885800096
885838550
886096622
886116163
886176989
886231617
886288999
886364868
886401485
886666329
886847277
886880588
887017997
887157010
887363040
888025657
888036689
888050441
888060049
888109902
888249393
888250858
888380102
888557010
888583787
888758001
888910564
888958292
889100589
889337683
889351114
889991079
900004041
900011463
900030335
900041721
900080945
900096950
900265520
900338923
900402019
900432883
900556015
900566053
900597215
900600555
900641128
900655009
900730698
900760106
900803274
900809172
900940013
901031431
901048788
901137312
901263393
901325252
901340169
901358571
901405450
901415636
901422758
901427275
901440779
901492607
901499198
901519616
901559572
901597879
901608292
901617983
901642311
901738994
901742285
901764843
901766116
901791970
901805444
901932329
901976717
902033313
902036333
902080025
902118004
902157909
902203901
902206167
902210129
902220281
902227909
902266826
902280285
902301319
902320410
902392524
902400034
902432356
902489757
902523443
902696590
902722019
902730281
902742474
902767392
902788897
902796160
902805717
902854919
902861557
902872186
902883882
902888721
902893277
902909979
902921487
902942260
902950281
903008745
903065828
903095208
903104660
903136917
903141061
903285686
903441033
903493485
903603028
903635669
903656750
903666012
903678799
903750493
903757647
903768521
903770099
903775373
903776789
903781262
903861088
903866985
903867818
903885481
903951145
904014347
904054518
904055143
904056675
904091019
904102573
904112240
904148364
904181107
904181564
904191803
904192013
904196881
904196883
904289249
904387868
904416115
904422686
904434949
904443283
904460710
904463634
904470167
904486488
904610292
904611518
904685351
904731710
904740564
904754513
904776056
904961985
905085059
905089364
905092086
905094492
905100980
905110337
905129522
905153700
905302585
905304344
905312003
905339533
905365573
905377036
905402322
905402673
905435143
905444717
905463955
905466061
905488318
905525087
905553036
905557769
905561488
905624292
905644764
905667315
905693059
905712680
905772789
905819509
905831749
905832286
905840043
905874032
905880913
905931880
905942527
906002043
906004633
906019557
906046295
906059226
906071602
906073191
906090671
906116483
906116621
906118119
906130884
906152082
906152790
906189857
906218541
906232112
906266292
906282141
906353104
906417131
906563539
906662890
906688463
906702013
906702343
906716272
906722006
906745565
906776402
906808283
906910114
906987374
907066620
907124676
907152324
907156750
907331673
907358189
907401087
907424149
907443368
907457876
907464380
907481672
907491120
907510980
907511036
907535153
907560516
907572795
907576715
907672414
907672466
907687810
907713177
907720392
907758547
907792576
907803693
907878505
907979130
908100117
908114561
908201580
908288727
908422173
908472157
908477215
908478700
908484034
908513117
908608430
908662545
908677974
908692197
908726073
908770783
908774428
908787908
908787981
908788250
908804346
908824586
908827658
908829665
908833679
908873809
908892132
908900841
908907580
908927788
908930196
908932190
908934330
908938289
908949220
908951186
908963482
908981515
908986227
909094746
909180458
909321904
909366104
909432013
909434137
909522688
909529606
909533839
909587820
909724627
909752309
909756087
909764750
909911788
909947634
910016890
910085662
910279790
910400382
910504509
910641619
910644634
910730298
910840616
911002470
911051204
911059598
911060449
911068241
911108726
911123754
911124899
911132715
911162154
911196031
911234558
911252180
911281382
911285404
911288009
911310768
911333150
911400574
911421071
911427490
911430105
911450034
911454250
911470613
911507503
911550930
911562858
911571647
911572233
911579092
911587372
911591338
911594390
911656861
911841660
911871700
912060589
912077074
912096062
912111682
912124377
912126986
912134019
912198610
912220219
912228226
912266174
912286250
912312407
912341822
912361768
912371213
912407881
912411187
912423950
912425750
912463536
912473583
912572889
912602295
912623601
912683292
912688483
912780829
912828677
913105745
913140494
913157949
913159514
913191418
913221421
913227068
913250728
913251415
913326115
913376510
913451711
913491970
913506951
913532307
913607073
913655543
913667866
913695451
913714451
913780343
913811821
913968295
913971575
913974707
913986414
914062116
914075903
914119793
914198389
914222817
914283839
914405953
914418775
914425526
914524273
914588080
914608864
914662571
914684565
914699984
914721891
914732991
914741210
914749075
914938180
914949919
914999727
915020248
915029077
915085685
915127007
915158789
915161242
915173182
915177879
915188788
915202363
915223637
915225077
915268440
915358087
915372422
915390431
915420387
915441473
915445091
915503089
915549542
915552553
915570271
915571984
915588925
915604280
915607904
915616535
915623539
915652823
915655629
915660151
915737919
915767276
915770397
915771281
915780392
915787813
915788589
915794462
915812281
915846777
915869011
915875659
915886280
915936562
915941327
915952003
915958855
915981494
915994404
916004287
916040786
916042558
916070771
916074207
916092591
916111920
916126525
916132825
916166623
916187031
916330118
916331004
916355534
916370930
916385014
916390664
916405282
916446948
916528634
916539394
916540869
916601474
916608157
916691522
916705305
916731986
916801042
916857688
916860791
916889880
916930072
916974405
916988015
917082506
917085898
917152615
917157814
917168585
917179905
917340460
917353281
917380813
917639454
917807049
918104828
918124019
918135737
918136219
918139028
918148461
918250688
918265262
918466707
918571213
918575954
918721278
918820087
918871807
919009928
919039330
919040987
919051855
919073525
919078721
919082995
919119096
919138188
919204282
919231220
919240056
919418565
919469971
919473808
919505291
919522535
919542530
919560089
919598720
919600084
919603910
919617552
919681882
919696980
919696995
919698490
919747795
919781949
919817250
930018768
930027378
930058536
930063085
930065690
930070502
930381092
930382248
930416685
930419351
930438348
930454616
930467401
930500786
930505760
930531956
930535182
930536119
930565230
930605544
930620041
930626676
930645783
930676724
930678815
930687436
930738319
930781683
930787806
930788082
930793428
930799002
930817600
930834006
930863386
930865526
930866488
930873223
930874305
930911789
930940219
930990719
931003239
931008569
931018594
931035656
931056625
931129117
931130569
931148296
931151566
931160556
931181496
931212224
931215337
931252083
931253282
931290486
931319208
931332508
931362195
931383309
931389242
931416535
931420597
931425401
931452686
931453944
931466886
931501844
931509686
931548809
931570932
931594559
931598385
931599589
931600037
931688100
931740109
931763123
931765722
931769772
931773032
931793885
931855857
931859507
931868815
931880272
931888301
931913200
931920856
931956090
931994121
932000550
932004348
932054152
932069090
932091585
932121350
932208487
932257076
932260683
932273647
932317307
932318448
932329163
932335201
932342066
932342260
932350554
932378328
932410135
932421744
932425757
932518604
932537688
932552215
932600980
932652663
932735260
932750071
932793130
932810311
932841171
932873806
932935545
932961178
932964530
932981082
932991605
932991999
933018621
933033932
933050253
933084790
933089414
933094021
933122265
933141013
933192884
933238504
933238878
933374292
933388785
933398907
933399690
933407039
933427800
933553811
933557936
933620343
933638407
933640841
933647260
933659515
933670525
933671981
933708611
933716222
933770197
933773805
933788921
933805552
933854171
933955626
933981059
934032582
934038525
934043887
934085110
934122702
934152703
934222039
934243095
934250454
934259091
934261783
934262673
934289994
934290800
934291511
934332238
934348324
934355343
934359008
934366096
934390804
934397373
934401073
934411096
934432906
934437904
934448421
934484006
934500226
934513868
934532636
934548279
934586561
934591365
934607078
934623033
934732381
934734224
934735990
934745447
934761028
934771015
934810203
934879966
934882687
934902723
934931197
934945212
934962625
934974448
935041239
935080079
935123533
935150172
935150746
935171454
935174005
935185705
935187886
935190864
935210805
935282994
935312509
935328783
935347474
935414691
935444068
935471089
935621123
935623090
935623898
935658901
935663887
935668899
935701980
935711143
935711462
935719945
935725971
935730188
935742822
935768511
935803002
935806168
935896468
935915856
935918995
935933940
935997400
935999533
936055905
936092232
936130682
936139305
936140551
936152092
936156992
936184774
936203040
936253536
936288414
936322000
936341613
936358186
936360267
936372690
936396220
936400310
936423905
936480447
936555568
936600319
936601980
936605264
936615452
936628827
936642154
936840986
936902983
936939091
936957140
936977050
937053774
937056970
937094610
937111557
937115073
937199487
937206464
937240302
937242208
937250289
937265594
937283133
937360552
937401889
937419998
937422456
937438806
937512196
937552710
937603686
937608825
937617737
937673311
937751516
937760540
937808789
937823717
937825854
937838700
937843974
937902850
937994070
938121953
938151747
938163007
938212628
938230501
938300091
938311179
938314884
938350038
938358288
938365544
938387740
938428333
938451897
938514262
938540660
938580857
938635453
938644999
938742057
938752442
938807676
938842512
938896330
938915577
938922524
938968981
938969333
938979933
939001444
939016101
939023787
939062670
939068824
939077766
939080042
939081875
939114571
939167990
939236317
939244646
939308757
939415000
939422811
939432673
939433423
939491983
939541279
939586610
939638084
939657070
939693105
939700750
939722585
939741079
939804897
939830773
939833446
939838900
939847877
939850170
939868984
939912564
939924520
939931608
939962001
940002981
940054087
940072295
940112161
940145508
940256180
940270999
940276929
940288994
940299677
940310373
940340218
940355884
940430239
940503585
940504043
940541470
940544345
940550558
940561144
940608007
940653151
940669076
940752474
940767004
940788098
940846661
940883410
940901317
941035344
941046105
941093511
941128930
941378280
941490299
941500030
941501256
941559896
941565615
941601027
941762710
941811870
941887080
941913660
941922703
941928626
941940769
941999941
942030307
942049205
942052364
942071879
942083431
942173306
942236727
942256242
942278276
942333456
942336383
942410956
942413375
942417005
942445656
942453687
942510728
942731782
942732493
942735225
942736792
942739098
942805577
942890075
942909200
942925717
942928017
942941912
942949210
942985158
942989107
942998019
942998183
943026012
943031662
943082165
943190688
943235355
943277374
943288956
943330189
943351887
943373034
943384880
943392684
943422779
943428874
943555869
943571258
943576607
943583717
943601286
943680859
943727333
943728634
943807616
943885444
943920391
944029273
944090569
944138757
944141806
944142339
944143037
944199997
944207252
944289720
944322460
944342668
944354710
944360165
944366016
944377510
944400644
944468490
944515255
944525211
944534232
944542879
944549288
944550587
944562606
944618814
944638633
944690079
944696019
944720601
944727379
944780956
944781212
944899183
944939468
944959486
945032469
945051203
945144005
945212052
945217004
945231718
945263470
945273383
945312886
945353271
945365549
945402011
945506066
945535707
945622291
945661890
945680102
945708800
945713483
945734910
945763334
945770357
945771130
945880181
945900371
945969579
946010763
946017907
946039922
946150028
946208687
946217296
946250955
946264088
946280721
946321373
946403910
946429480
946469588
946471059
946545153
946616224
946620979
946630446
946641591
946678048
946690056
946750487
946750964
946755516
946947484
946989615
946989721
947028050
947071190
947090636
947225227
947226613
947247114
947257995
947262029
947274464
947319800
947321577
947412604
947431115
947433029
947510476
947564080
947719295
947733634
947888636
947921793
948012474
948034959
948049959
948077404
948169990
948228500
948280978
948287201
948351312
948360959
948409425
948417474
948541990
948550156
948559388
948615787
948628900
948646062
948711086
948901360
948992422
949011492
949112181
949155306
949156080
949163575
949166090
949283631
949320896
949328486
949357789
949358688
949378791
949378793
949399641
949421169
949443158
949444196
949465208
949543525
949721677
949880883
950011676
950014528
950020310
950075501
950086666
950106462
950162160
950172000
950174078
950175677
950198328
950227914
950303277
950333075
950493334
950520891
950533002
950582584
950636355
950658805
950718612
950720229
950736063
950757061
950784441
950869230
951007092
951032021
951035453
951179089
951186232
951186889
951202210
951217170
951480612
951528565
951661777
951670967
951783311
951806055
951807447
951879099
951919295
952112380
952137446
952168778
952243091
952601814
952626256
953206002
953330964
953431951
953778731
953886188
954419793
954552996
954554393
955036032
955205578
955302028
955591813
956100100
956261810
956590155
956698188
956721424
957020324
957022081
957082122
957103424
957171031
957660794
957715086
957722394
957722740
957742011
957886365
957938886
958270298
958280155
958559912
958601292
958811092
958828300
958881563
959030333
959075571
959399400
959594241
959771819
959898084
970102177
970104436
970172488
970182127
970422077
970600710
970728919
970801574
970919559
971011115
971140092
971169919
971268883
971269111
971277675
971379212
971432009
971510072
971618780
971847080
971930804
971998792
972000499
972110230
972184411
972225651
972380260
972520551
972528569
972547270
972719000
972735881
972768222
972820905
972870974
972927333
972950802
972976366
973029221
973055099
973085002
973093339
973108082
973111571
973118754
973150959
973154551
973167777
973174374
973220285
973232604
973275089
973373828
973376065
973378587
973522563
973581959
973582786
973594868
973656417
973759193
973781072
973806688
973843133
973946535
973949155
974062885
974180656
974410783
974491983
974518407
974561262
974640980
974673646
974720279
974735838
974851043
974902929
974908381
974910094
975011213
975052382
975067663
975115422
975135805
975210063
975232594
975241065
975267696
975296979
975300452
975344415
975422121
975455815
975462607
975506366
975539291
975554111
975568083
975570012
975613313
975652696
975691691
975790190
975800854
975870787
975872229
975924570
975952237
975953835
976031527
976083004
976111288
976119293
976191561
976214246
976280252
976328583
976357775
976367717
976370241
976382279
976476264
976577703
976738991
976777753
976859977
976918307
977089307
977105052
977115077
977140292
977188387
977257672
977583833
977584816
977596688
977693584
977703107
977757983
977763747
977770260
977818037
977948759
978007796
978032300
978061666
978069395
978072883
978081108
978111600
978181067
978291111
978479790
978489395
978493009
978507676
978540606
978540730
978570034
978756882
978805105
978922204
978938689
978939299
978950239
978960654
978976525
978988333
978995900
978999182
979094856
979104920
979113707
979151037
979155465
979173561
979271322
979310952
979330201
979512570
979519079
979685775
979755758
979872117
979953585
981509006
981700400
982000335
982735977
982772797
983009787
983142043
983640103
983644107
983680004
985709110
990043223
990118043
990138999
990140564
990144769
990191799
990193890
990207797
990221529
990272191
990278104
990296611
990324801
990331070
990368471
990386263
990412791
990428814
990431065
990437612
990437681
990441391
990449886
990454241
990538204
990558208
990559280
990582482
990593295
990597803
990728885
990802988
990809161
990820381
990830984
990836315
990890360
990901410
990931222
990951785
990991178
991016084
991020409
991028424
991028512
991058381
991067506
991092760
991145719
991153253
991164064
991175156
991196065
991201892
991251318
991293135
991312784
991314220
991320720
991351827
991367694
991415275
991449069
991451307
991480592
991507656
991530085
991550359
991553514
991559481
991610224
991615094
991642700
991649195
991681966
991699676
991705053
991737848
991739545
991741963
991763876
991868059
991872771
991902186
991921832
991924683
991928023
991984058
992105093
992116507
992120920
992151725
992173182
992189130
992194942
992213835
992222624
992224455
992255320
992264750
992329370
992333883
992440379
992448575
992499333
992597878
992624030
992648611
992717382
992738892
992786818
992803680
992844487
992878992
992880067
992896737
992898797
992915852
992959967
992992316
993027082
993073660
993123374
993188606
993311315
993368054
993400522
993411141
993429278
993459476
993460289
993475858
993485544
993491863
993503817
993514375
993544822
993560601
993584317
993605414
993668683
993678152
993688588
993723473
993776384
993784364
993834920
993891112
993897829
993956383
994004356
994027378
994034613
994071670
994078073
994090580
994121905
994139795
994156839
994246474
994258964
994271906
994298608
994350111
994361705
994411495
994419889
994496186
994554544
994621542
994722781
994747040
994767634
994782816
994845280
994880930
994897000
995003322
995030680
995031252
995046377
995054184
995067009
995087362
995140790
995147722
995150239
995152797
995237324
995277005
995422893
995448364
995473189
995478911
995481215
995485591
995500194
995510677
995528642
995545690
995549363
995697907
995702570
995790955
995823266
995829199
995848139
995909676
995912589
995913141
995926037
995980011
996010222
996153494
996155055
996191512
996193088
996212602
996215868
996218896
996239519
996261006
996310406
996340676
996395715
996473086
996538590
996585171
996635477
996642490
996668740
996687898
996740114
996777499
996791049
996874939
996880729
996887687
996898205
997007239
997064471
997077522
997090485
997103269
997109682
997126484
997127072
997143404
997228510
997241219
997338881
997341037
997341682
997359009
997363072
997387380
997422494
997502107
997585758
997586318
997617195
997626283
997639968
997648064
997659692
997663944
997681191
997703902
997708219
997734667
997783668
997792378
997889982
997921980
998133689
998162311
998192674
998237385
998349689
998392566
998498003
998510057
998513844
998564645
998670972
998682770
998898084
999035520
999061117
999081946
999118684
999274527
999361304
999366218
999393197
999409158
999409896
999442398
999477733
999486756
999506720
999510566
999592045
999611044
999621625
999623909
999638180
999639517
999649010
999691964
999738131
999773625
999843808
999854916
999940677
999949880
999999227
999999839
