332451094
500017689
500082726
500505073
500545266
500723368
500789521
501031922
501038168
505001328
505068104
505098141
507191363
507217075
507222123
552013240
552027171
552535625
622289103
692248071
696531364
712406846
712540770
712582528
712584091
770142930
770146009
770279404
770280264
770338825
770393988
770556671
770631701
770671780
770693537
770878097
770881980
772666890
772759092
772871958
777075580
777277073
777773186
781507771
880121585
880790424
881258382
881319587
881536349
881761947
882002175
882025255
882390007
882455960
882488301
882959575
883191516
883205369
883461819
883549224
883777887
883778333
883778802
883880141
883913439
883952295
884730155
884889892
884930205
884948384
885195995
885268656
885330886
885362010
885389299
885611353
885800831
885951917
886190411
886282717
886288831
886322790
886840821
886920057
887112125
887144888
887490949
887631210
887912823
887931952
888061981
888103035
888201767
888428100
888489691
888551599
888556455
888699700
888707823
888743355
889268896
889302074
889369360
889535571
889871229
889922016
9,98886E+11
9,98905E+11
900041813
900101074
900191868
900336993
900408406
900476381
900701838
900808842
900832223
901030879
901154885
901500712
901509299
901519197
901572820
901578167
901612128
901629649
901654877
902004758
902100326
902228270
902236242
902250401
902318710
902384242
902640029
902731961
902732780
902740721
902742128
902904681
902965424
903023414
903048245
903074180
903079101
903103938
903294943
903411984
903438750
903458543
903459018
903610955
903653388
903871656
903900996
904022474
904051205
904062591
904067854
904080931
904134008
904135001
904188722
904256868
904267870
904271765
904408311
904423915
904473992
904707731
904760607
904903838
905098038
905123101
905130159
905130342
905135453
905232883
905331773
905352416
905357988
905400868
905490557
905503407
905505439
905507008
905569789
905591209
905657665
905685882
905778766
905794974
905812057
906013741
906034237
906139525
906167896
906210301
906305079
906333292
906334645
906454201
906663410
906688966
906700872
906746322
906820898
906861048
907100170
907169283
907293637
907335030
907431993
907452464
907558015
907710397
907710410
907730283
907732183
907745117
907786345
908122694
908142235
908207274
908330583
908407940
908422382
908441808
908484248
908576472
908718660
908729031
908747091
908797779
908830872
908841209
908863434
908937273
908978282
908981555
908989821
909227152
909390056
909400488
909431515
909524885
909546426
909620581
909896158
909901814
909980387
910419909
910450754
910596220
910717110
910780956
911053605
911087174
911093582
911130743
911187547
911202186
911345086
911420495
911441441
911469646
911510463
911558071
911561705
911722688
911897287
911949397
912076091
912099207
912114702
912135744
912140506
912226624
912349214
912410503
912420463
912437538
912551322
912570882
912806066
912822318
912851818
912881130
912953277
913050396
913110332
913130871
913191445
913243812
913291044
913470345
913595754
913670683
913680627
913777013
913780644
914055294
914055566
914085442
914443832
914508565
914511084
914540870
914725920
914730384
914777401
914783340
914797711
914873595
915051388
915106032
915116245
915170367
915177116
915183358
915185720
915192704
915240630
915265247
915298311
915300280
915301200
915442141
915515958
915539178
915560147
915635523
915776891
915817685
915863983
916025922
916041985
916108701
916142281
916156502
916210160
916307515
916326716
916407522
916426037
916435719
916504254
916596303
916629969
916642948
916647134
916767171
916813147
916945340
916978113
917007157
917080694
917130838
917146119
917147464
917157784
917159211
917598791
917599094
917718899
918110770
918151697
918270895
918281345
918820099
919030163
919053439
919079466
919106459
919195236
919245481
919267382
919501977
919538548
919660174
919693656
919708270
919722625
919731085
919777361
919931102
930002445
930022054
930045856
930402067
930402696
930426054
930428264
930473949
930503683
930630089
930650728
930670466
930675595
930689010
930782700
930797554
930837813
930880040
930921255
930968707
931005593
931020849
931024037
931026805
931029866
931051143
931082018
931129624
931151859
931159224
931178126
931211304
931218986
931226163
931260043
931351828
931360367
931384297
931393903
931420869
931487676
931511117
931520381
931575599
931637500
931822186
931919091
932001289
932029092
932157817
932170545
932245707
932315563
932319300
932331478
932353688
932357445
932367502
932392360
932413358
932548483
932600073
932620571
932699322
932811190
932933350
932945963
932997074
933005342
933036882
933049076
933053350
933061270
933078066
933082918
933105247
933128215
933132243
933134420
933229254
933363565
933380354
933392051
933399755
933477283
933480087
933503030
933570121
933636770
933727270
933760917
933888732
933961503
933981314
934040059
934068208
934139966
934161330
934185432
934234950
934243761
934244858
934285826
934360711
934366638
934370359
934434688
934502049
934710580
934808626
934813370
934905330
934964875
934978077
934995809
935040746
935041176
935046898
935128343
935193883
935286061
935377442
935419528
935452586
935561661
935622022
935660535
935662887
935665752
935795154
935801620
936016904
936061646
936134913
936161784
936210517
936383525
936408304
936422107
936442825
936616687
936726727
936734203
936822086
937020204
937043014
937070174
937358208
937368908
937370462
937462386
937506370
937555630
937560055
937564883
937591159
937620701
937630061
937657406
937686474
937701857
937788978
937825251
937856083
937857635
937871708
937943883
937978491
938078487
938171093
938232785
938294646
938410225
938538360
938568619
938609734
938621990
938688784
938990740
939119510
939132115
939182070
939243757
939251758
939251976
939319272
939332426
939361959
939443331
939457902
939642514
939791693
939880399
939935715
940012184
940028450
940056626
940112915
940198403
940262185
940306100
940394099
940405151
940445581
940465661
940567636
940611234
940640867
940652392
940868901
940887879
940918691
940924004
941008632
941047412
941229818
941246929
941320460
941403707
941448705
941628216
941631756
941645883
941724574
941741720
941777096
941780760
941811040
941815646
941828910
941841608
941843114
941860724
941921776
941961221
941994114
942340263
942390272
942421109
942460101
942590967
942611495
942648909
942757732
942844425
942911803
943020593
943140414
943192790
943192904
943473285
943507478
943521676
943591947
943781859
943854384
944020287
944109110
944166390
944172002
944323316
944345737
944454103
944535157
944540725
944543060
944636564
944693000
944707244
944767711
944898009
944971286
945084565
945184515
945232818
945327394
945369000
945589391
945619584
945668010
945668402
945710683
945725535
945895848
946091496
946329391
946581407
946582940
946629410
946769791
946779157
946892888
946970220
947019060
947034387
947202505
947591601
947673938
947746444
947934549
947975455
947995070
947997222
948150677
948210408
948261053
948278525
948555648
948597815
948751465
948911618
948916999
948929886
948963207
949180844
949212798
949353424
949374484
949418898
949460858
949489669
949740686
949791215
950022167
950027683
950248780
950422789
950462095
950509328
950558899
950573009
950630176
950933880
951167888
951254576
951269111
951370219
951807016
952232741
952264850
953351891
953363535
954460050
954495003
955998565
956276919
956300025
956829199
957059282
957271404
957741838
957749503
957761957
957871555
958077262
958114847
959081009
970067027
970130697
970600717
970650407
970941090
971204748
971231856
971290215
971548878
971558634
971777027
971809955
972101606
972142414
972220647
972260250
972278283
972286911
972288904
972426890
972452777
972514893
972566707
972798893
972905452
973152408
973158379
973182381
973318450
973400262
973517252
973532675
973630993
973804088
973891187
973948790
974267788
974329494
974400083
974604767
974711188
974749492
975051246
975058083
975058479
975232620
975399599
975515054
975715191
976004580
976020134
976258486
976632221
976750710
976769994
976933437
977091553
977469791
977543161
977559474
977693699
977837701
977841980
977979383
978033274
978730889
978774145
978783977
978806665
979060250
979190855
979261836
979312182
979339080
979449144
979505956
979757216
979849119
979939106
979999077
980015951
980072600
981805154
982707404
982732707
983037270
983048090
983097017
985751195
987787313
990007579
990043082
990071825
990113302
990181067
990232542
990249295
990360586
990370992
990373688
990388954
990412778
990420869
990431959
990465401
990663644
990692177
990738952
990758727
990760482
990828241
990971186
990972642
991056155
991077357
991096618
991187074
991203444
991221231
991249039
991297921
991341399
991460795
991467327
991471957
991476272
991494416
991532014
991592378
991680687
991858706
991888492
992106682
992152225
992185842
992198829
992360503
992398780
992404795
992447272
992509742
992559350
992588878
992594998
992703445
992909952
993009956
993046711
993130987
993182586
993223553
993255239
993272625
993281235
993394215
993396380
993410631
993668474
993696486
993792219
993805152
993823791
993849683
993858332
993860988
993886212
994046326
994106661
994164344
994227381
994290254
994292446
994331149
994415546
994419707
994501273
994557461
994558541
994666292
994720261
994741056
994850404
994898315
994951624
995055535
995087629
995121097
995182289
995188908
995199933
995258184
995299486
995408502
995410856
995422582
995556112
995618289
995661966
995662755
995683853
995753988
995814181
995839992
995856842
995870585
996001933
996202982
996206101
996219414
996305480
996306568
996348333
996354512
996439777
996480184
996508389
996636570
996654723
996681392
996758192
996870611
996887905
996888903
997041124
997072305
997121054
997128109
997167594
997182612
997223133
997330156
997368446
997419508
997487787
997577524
997960325
998009223
998092321
998209686
998238021
998386307
998811655
998822952
998876010
998899208
998968055
999024233
999057880
999235643
999441586
999537793
999644986
999650486
999699088
999868504
999996187
77053638844
