336019499
338343455
500719295
500728085
505009827
505709646
507043810
507233121
623653948
712207838
722232898
770018806
770043756
770072587
770100036
770130505
770153705
772616193
775005572
880930096
881111343
881281771
881863555
881923006
882339603
883273101
883511814
883830959
885310995
885361093
885832203
886107117
886246204
886661981
886776288
888402495
888402526
888445575
888558696
889300368
889529903
889538500
889992503
900054218
900196216
900506383
900508770
900510668
900764686
900899558
900930240
901129600
901326022
902038785
902069757
902112441
902115355
902243136
902296992
902458983
902513554
902580410
902591506
902597523
902665506
902676467
902692126
902805473
902869586
902910220
902951066
902987647
903041614
903432372
903656601
903697858
903751992
903828959
903912791
903931288
904271730
904274827
904422320
904426599
904608308
904908508
904939493
904999906
905638494
905710153
905969297
905971742
906155670
906165251
906214717
906709290
906887558
906911610
907127302
907227769
907384151
907573435
907588601
907670059
908449056
908461102
908555848
908575330
908772587
908793083
908864983
908953315
909201068
909508488
910133501
910205686
910484469
910718771
910749254
911121205
911137668
911208026
911331090
911393407
911757203
911965474
912051241
912181238
912201378
912213580
912285802
912331480
912419793
912659289
912886142
913049309
913238919
913361223
913507176
913508828
913646815
913749343
913776510
913961920
913971803
914075964
914089809
914130843
914278590
914339377
914540811
914729082
915124081
915128389
915133616
915140145
915179017
915191951
915591941
915634747
915752994
915814710
915840779
915940281
916067587
916086264
916213014
916249390
916449699
916483450
916498586
916553870
916581660
916669675
916746958
916911090
917004843
917014303
917082077
917087483
917094210
917097453
917197882
917837680
918148071
918151909
918281117
918785019
919105676
919517371
919541702
919611995
919772626
919782088
930018536
930437604
930578566
930634136
930899923
931030715
931088689
931162429
931209094
931339816
931668402
931684208
931693656
931874034
931890690
931993810
932149060
932352004
932379772
932396375
932532548
932616121
932670988
932923022
932923500
932942799
932955761
933063366
933092796
933179156
933226246
933249010
933332672
933979768
934053558
934078220
934098236
934113475
934361174
934439479
934511785
934685180
934704626
934902432
934990180
935234848
935445560
935586865
935587322
935740173
935819363
935842013
935893012
936030399
936104000
936130878
936350208
936382038
936401060
936598285
936637860
936743151
937041943
937154044
937188295
937226899
937235686
937282208
937505055
937545461
937652425
937663365
937701293
937707751
937778582
937953473
938303092
938339993
938372588
938586468
938608338
938860908
938940078
939088363
939309323
939346068
939518489
939821555
939921136
940008307
940088577
940163818
940238787
940530170
940912488
940918627
940936055
941290901
941422427
941446568
941771054
942002484
942010446
942068678
942182132
942206855
942271755
942298508
942521481
942771083
942927919
943346445
943372552
943380817
943397008
943542000
943572712
943628905
943634072
943646667
943946677
944090390
944249587
944348727
944748993
944768485
944783444
944842473
944847772
945250786
945287020
945312580
945541082
945828477
945912389
946052103
946082530
946152183
946494900
946651275
946838184
946991384
947064202
947450327
947902446
947920175
948031428
948135451
948302085
948454177
948531075
948921103
949006005
949020290
949042704
949364544
949397281
949440015
949573303
949819407
949962685
950374799
950517500
950613987
950622885
950814098
950899109
950912535
950989100
951021133
951261314
951522011
951729033
952140610
952194433
952222703
952444203
953336390
953391190
953772664
953832017
953938801
955200566
956111171
956597515
957747644
957774905
957998777
958288983
959073344
959171222
959477007
959557316
959599474
970343084
970804066
970811008
970964696
971066004
971108606
971732405
972106200
973043525
973194548
973256468
973670310
973880138
974492204
975661016
975706090
975890680
976171702
976709065
976734373
976793607
977209791
977546222
977698228
978039101
978044505
978116985
978220321
978408706
978789920
979369400
979404734
979969707
981604449
987747079
990041699
990043569
990250226
990310040
990360735
990535949
990564437
990568060
990582859
990844377
990962676
990966010
990979483
990983952
991017652
991059971
991131077
991307816
991332512
991567587
991627723
991676580
991690905
991912115
991947721
992506441
992823136
993107470
993151464
993185999
993321507
993389081
993428088
993572563
993712908
993726242
994096807
994151018
994642359
994732694
994779208
994831327
994884210
994921203
994923236
995255213
995371875
995688719
995749185
995782474
995802007
996005290
996081859
996308557
996415575
996520301
996665276
996731733
996956561
996970792
997000041
997014526
997328292
997333440
997337334
997381550
998244558
998275244
998307565
998458636
998504038
998577399
999013091
999130109
999298793
999747161
999887974
