336820491
338029599
500032631
500047175
500054344
503014746
505001772
505057033
505058689
505733997
505747667
505891994
507168086
507222815
507582500
551028730
551031406
551058462
551084477
552017841
552535484
552555345
553012069
553519101
554050325
555030585
555122001
556028125
557055890
559018601
612248939
662383118
673441639
692334667
712180178
712213200
712658341
712905279
712905632
712959498
712998187
722263380
742274185
755439518
762280272
763432170
770085753
770171316
770182383
770320492
770334505
770342696
770407999
770568983
770726993
770971711
770989795
772511004
772582363
772601939
772645458
772648577
777062545
777278607
792234322
795734983
795736170
880207678
880278584
880542021
880600175
881050093
881088985
881497755
881546864
881664700
881788998
882015050
882042828
882078544
882142427
882248489
882314422
882324337
882348687
882551943
882734773
882781984
882856067
882867587
883031419
883039896
883142686
883158580
883171893
883220306
883250010
883500294
883519193
883965678
884088203
884286248
884369199
884668181
885201114
885589911
885772250
885989698
886031133
886478558
886706588
886744363
886778407
887032425
887580565
888061552
888107275
888252211
888450307
888980525
889077704
889537985
889713232
889948500
900018690
900067010
900083032
900119733
900202237
900225539
900242728
900290472
900410595
900697272
900850442
901055921
901248786
901259626
901287129
901799344
902050158
902096697
902250308
902260515
902450251
902465887
902517161
902642180
902647174
902671720
902691312
902760723
902838019
902979299
903042082
903064949
903071690
903134655
903146415
903373216
903477887
903479263
903558736
903643502
903655752
903865152
904033913
904060056
904171049
904228737
904343880
904416133
904430417
904438550
904439403
904491179
904534429
904598081
904616373
904626237
904647278
904672387
904909707
905087057
905104844
905115719
905125912
905131419
905144585
905177884
905191990
905227424
905304083
905359209
905360324
905584660
905613076
905688351
905690535
905716264
905956017
906018201
906039626
906046580
906072522
906126568
906271465
906367371
906457330
906559848
906610595
906684298
906706724
906748277
906766356
906917005
907082424
907110046
907172025
907183036
907211243
907224747
907225789
907297010
907429456
907633293
907666109
907775244
907833766
907901899
907902321
908052012
908108405
908318615
908352993
908370680
908375510
908421742
908551494
908576833
908593408
908601700
908700331
908874900
908912380
908954008
909290060
909330958
909803765
909845774
909875858
910190808
910367095
910471958
910508207
910611468
910627891
910755934
910778427
911089975
911133581
911149168
911269406
911397334
911412686
911442613
911523195
911611772
911737898
911850510
911878626
911948515
911985414
912081531
912117568
912126086
912134464
912195857
912254013
912341082
912386105
912399393
912565545
912723231
912781448
912843660
912999977
913221489
913259531
913423328
913444492
913476292
913598282
913650518
913717416
913751287
913875450
914006618
914041766
914047003
914113963
914162634
914202720
914202856
914211616
914257230
914300082
914420043
914477299
914537537
914579362
914642067
914693802
914730456
914775569
914810663
915044769
915174677
915320917
915351395
915353577
915361012
915457879
915505530
915511963
915540412
915562213
915647780
915699252
915759403
915823622
915850343
915860545
915902636
915982606
916036128
916085057
916104943
916158877
916231615
916292275
916362343
916429833
916485103
916516784
916542106
916543044
916557279
916683562
916704194
916708100
916726010
916759821
916796941
916874128
916876145
916913050
916925456
917099196
917099276
917345093
917407357
917408913
917410185
917429140
917881122
918022101
918101747
918115024
918282118
918297321
918336782
918782219
919007793
919010583
919055754
919079082
919207932
919244393
919393186
919481513
919538389
919705383
919741299
919751550
930006014
930017051
930035592
930043682
930051154
930052283
930084551
930095865
930380884
930387914
930434186
930443280
930511970
930731125
930757131
930838477
930871251
930896624
930920463
930921313
931065096
931128604
931333371
931348673
931350593
931366793
931570016
931578292
931610392
931667588
931687971
931753384
931890599
932028113
932051381
932055228
932100577
932111862
932149360
932158528
932209233
932218072
932290234
932299455
932346105
932412175
932434463
932462560
932524463
932626059
932642489
932652701
932654717
932664090
932706609
932801229
932821320
932835919
932836828
932877781
932909206
932948043
932958471
932971613
933005905
933042279
933089968
933126410
933191121
933227612
933250672
933299094
933330737
933371619
933479596
933525913
933557807
933602340
933632664
933709061
933730022
933750870
933790187
933842993
933850203
934172506
934197478
934242263
934280869
934287520
934301224
934305271
934327405
934449211
934452774
934518375
934719292
934738385
934807655
934809299
934862793
934909915
934935329
935030447
935099304
935156673
935220806
935231594
935274411
935305456
935310047
935327141
935400449
935462011
935540382
935638806
935643800
935662305
935701965
935707595
935729687
935741470
935773115
935791314
935795069
935798183
935807177
935882252
936087791
936142426
936236221
936333341
936389431
936652209
936681460
936681923
936765216
936806945
936900609
936902645
936924641
936973858
937010462
937049277
937066777
937092557
937182884
937198705
937224770
937599290
937620486
937650395
937686820
937741052
937762804
937790491
937821310
937842606
937993609
938059495
938133893
938243428
938354888
938430603
938504252
938553969
938570628
938616112
938648494
938764504
938950693
938968707
939063707
939138405
939188291
939251758
939302120
939304649
939682007
939951888
940083622
940143164
940156994
940191986
940212154
940215883
940251886
940313160
940326990
940409710
940472403
940660082
940664445
940780208
940920999
940929015
940930955
941138892
941170792
941639009
941871890
941882561
941987739
942081253
942170093
942413560
942430943
942446107
942490957
942806637
942911865
942966114
943021985
943122097
943188582
943227786
943229003
943250587
943272747
943488782
943520376
943718824
943750583
943875885
943930800
944032391
944191820
944224455
944235343
944277235
944390013
944429294
944473223
944485459
944692278
944700866
944851381
944879807
944888825
944891188
944911316
944970891
945075934
945102277
945130692
945227585
945248284
945533660
945690280
945790083
945858287
945966334
946022991
946129959
946149565
946171313
946204763
946261264
946346002
946418921
946466860
946469009
946504951
946599992
946662055
946711683
946723926
946777501
946988178
947094474
947101240
947267428
947268320
947470003
947632400
947690367
947707887
947722587
947730537
947758810
947763393
947793070
948200089
948204948
948307799
948378949
948771944
949156094
949303443
949352881
949360828
949361956
949468493
949468518
949843704
949877376
949920731
949983308
950087715
950096998
950102493
950132508
950157282
950338892
950507282
950540899
950603337
950666107
950860116
950953014
951076262
951238690
951322330
951522497
951723811
951750457
952141485
952178991
952271270
953335828
953336264
953539806
954344045
954447771
954741141
955071898
956288282
956305588
956998981
957455510
957900406
958010263
958180687
958190297
958190795
958271288
958280428
958508284
958800374
958975756
959080712
959597595
959662929
970359795
970457121
970927106
971132201
971188835
971378444
971579647
971916500
971943104
972062925
972305070
972502009
972519201
972906717
972931025
973283616
973291923
973296380
973515808
973533739
973895040
973921883
973943133
973945567
974005357
974388909
974451967
974660063
974745131
974820008
974951416
975210982
975305030
975331116
975364515
975472589
975558808
975900269
976021176
976043802
976061029
976156599
976168466
976282500
976336009
976336337
976348996
976424626
976551580
976669700
976687576
976910245
977001339
977202842
977317988
977356531
977385758
977533093
977592288
977724812
977969394
978066061
978206030
978336505
978498449
978638558
978711760
978730232
978918118
978980423
979055750
979095009
979160663
979220027
979352895
979621520
979781387
980074550
981002058
981212583
981300706
982101424
983079096
990009445
990077901
990191592
990208982
990268062
990307240
990436339
990489502
990500524
990527014
990648186
990682374
990683589
990688105
990715621
990757088
990806923
990821494
990822161
990860460
990879229
990887274
990942910
990964274
990992671
990999463
991037864
991048782
991055245
991148012
991231772
991247941
991282694
991309716
991324626
991364594
991438555
991460291
991475318
991507019
991569693
991573684
991575896
991604054
991712458
991753336
991831189
991921912
991969535
991971814
992011661
992022187
992158969
992262778
992283291
992335897
992379004
992410316
992420230
992559527
992628504
992728989
992767216
992811512
992940876
992965355
992994525
993045949
993051078
993125047
993241481
993245784
993298595
993321101
993327287
993327462
993368750
993391705
993393112
993484850
993587525
993608107
993621422
993677785
993707134
993732248
993869119
993988538
993992823
994006136
994013088
994064659
994119985
994218183
994292180
994353300
994413101
994455920
994490866
994519920
994645065
994712289
994740207
994800082
994827134
994908971
994940357
994990650
995054959
995099084
995150649
995173346
995205225
995271065
995429405
995461123
995578189
995675402
995681875
995700891
995709220
995715503
995763101
995791583
995873982
995878921
995896968
995928298
995979469
996104222
996245912
996259877
996390347
996475758
996505095
996630401
996687533
996706390
996818005
996840609
996943707
996976368
996980801
997055784
997061735
997062284
997078011
997083055
997096621
997098724
997114514
997136007
997255158
997278658
997344141
997357227
997412214
997456787
997538848
997563686
997729601
997733304
997869555
997876546
997910133
997941801
998045285
998054992
998235737
998536328
998549588
998591525
998597496
998621964
998664282
998771527
998785220
998808250
998869827
998911854
998928218
998975387
999011599
999058864
999159402
999403642
999660679
999725191
999960391
