505030317
505031956
507058402
507231951
507272211
662327033
712175718
712429245
770027094
770110438
770227982
770273738
770355525
770444996
770502271
770774636
772866768
880106358
880267877
880795999
881080277
881148587
881403886
881541331
881798070
881871727
883094499
883301222
883991502
885272479
885309254
885580409
886069102
886123158
886211800
886278222
886708806
887530486
888510293
888715878
888731412
888987019
889168087
900246587
900392803
900456513
900815797
901043454
901236638
901377672
901479703
901601786
901608726
901657347
901700792
901728676
901796304
901831471
901900964
901919150
902095111
902117683
902292934
902400490
902480809
902569336
902760749
902770353
902774904
902885040
902926146
902986563
903054016
903385831
903586878
903605947
903689502
903975244
904005383
904112363
904258277
904371983
904454838
904659552
904702322
904900835
904995253
905183835
905293752
905347120
905355417
905563954
905697575
905876165
906040719
906084548
906110301
906287438
906436316
906647677
906910989
907091205
907499715
907610388
907641916
907710714
907750295
907775570
907847134
908052597
908322308
908345010
908378894
908508969
908787684
908797963
908807877
908922951
908932911
909007732
909009774
909200260
909399852
909555156
909960964
910212776
910263949
910321963
910408419
910647134
910754742
911411304
911530140
911710173
912153851
912194321
912219252
912348793
912356560
912870171
912910708
913101194
913114860
913161678
913686461
914051983
914066543
914113436
914331970
914526777
914547851
914565742
914595109
914721314
914885652
914926965
915131743
915151893
915163300
915447647
915627081
915751239
916329186
916659500
916696414
916883820
917147784
917371734
917399885
917742462
917790163
917840187
918106819
918148797
918294347
918754095
919213882
919410994
919411388
919601445
919659884
919695379
919767134
919994888
930013319
930358553
930359189
930537000
930588110
930697618
930699195
930829699
930891199
931011179
931373993
931410068
931614070
931739092
931838222
931940071
931982982
932161114
932192661
932251800
932261022
932272706
932290122
932329891
932578180
932667733
932749779
932931420
933045211
933158955
933174177
933177705
933320416
933346479
933411937
933480882
933692617
934166676
934211381
934229980
934257784
934545326
934578696
934608691
934614561
934737751
934768278
934792415
934820390
934866385
934929242
935080588
935156520
935395025
935410757
935605431
935606469
935656500
935672320
935840671
935851520
936467990
936511892
936603696
936635010
936642565
936651970
936689847
936704025
936763157
936893733
936919087
937257400
937260393
937566652
937681282
937770528
937949398
938117557
938309788
938549310
938561017
938688040
938940017
939113013
939122978
939135797
939160097
939254142
939277783
939410420
939680434
939888416
940130737
940258410
940317800
940319277
941491619
941620182
941697789
941730958
941935511
942440008
942612310
942685093
942719046
942725303
942757069
942761436
942887737
943045904
943137864
943175505
943359117
943920071
944045060
944161464
944177949
944289019
944323423
944577197
944821650
944952029
945031311
945152244
945309030
945672630
945731290
945756590
945845707
945994681
946004897
946071225
946128083
946179286
946378587
946501130
946560515
946639131
946645962
946818887
947066020
947418583
947587600
947768682
947871198
948094676
948310858
948385000
948386088
948567056
948641169
948660144
948829085
949108818
949140665
949190947
949240284
949317722
949339691
949760927
949880185
949960445
949972110
949988795
950238109
950828794
951058615
951197479
951550161
951804946
951822382
952117756
952211360
952293889
953900012
954448987
955308989
958841958
970751892
970947372
971016333
972508480
972856564
972926747
973100202
973121490
973276669
973433292
973473922
973610886
973629040
973678508
973717307
973825665
973880778
973996109
974061013
974082639
974349094
975108737
975172110
975252288
975515502
975527212
975555185
975813374
976647979
977402706
977584177
978046171
978059838
978070222
978181814
978568575
978847781
978992880
979105685
979302232
979433706
981418088
982607780
983624200
988000081
990071271
990086919
990174486
990323778
990334236
990354819
990371354
990473954
990502851
990667705
990943297
991037862
991038293
991058750
991233163
991252557
991338271
991372794
991628157
991681105
991791379
991973492
992303004
992902689
993074826
993220491
993404579
993425960
993447454
993465636
993500732
993508077
993524544
993542585
993580885
993651113
993688902
993835476
993889891
994112767
994127787
994134322
994245633
994338911
994491523
994700036
994787245
994972988
995007032
995041487
995042312
995107662
995126727
995147417
995241233
995277458
995411075
995429515
995527810
995619151
995620680
995670187
995670764
995692504
995700515
995712532
995820821
995856388
995938137
995970053
995975357
996158807
996560680
996563117
996869269
996880332
997090790
997444288
997888906
998102589
998168615
998873819
998924744
999020753
999214745
999280308
999360726
999600998
999645707
999704967
999923344
999940597
