330125454
500028412
500035028
500088821
501023241
501077622
503017827
507121942
612238904
614441786
662220127
664323915
712404348
712582760
712835280
735491477
742232660
770023705
770080491
770101258
770135091
770177084
770198500
770204565
770220997
770299129
770309378
770420445
770522106
770858108
770977470
772811705
773048123
777078883
778771234
880097440
880101850
880200962
880356700
880753636
881129806
881150034
881219899
881550174
881640434
881742101
881850301
881912594
882001637
882028044
882441464
882847722
882873705
883009026
883105455
883148415
883172368
883179596
883444330
883699500
883860203
884235333
884921770
885083032
885232527
885318794
885977999
886330982
886569295
886702368
886707223
886783455
887037807
887112229
888019715
888088896
888201003
888335325
888727733
888774142
889057970
889259444
889340186
889895565
900017284
900022956
900088291
900334471
900360526
900405433
900410188
900411984
900445862
900459259
900501899
900572391
900576016
900585448
900716477
900746854
900758291
900961946
900988790
900991915
901102128
901252390
901331234
901335307
901340175
901507535
901632182
901903536
901921971
901959187
902183007
902289928
902509760
902580165
902602559
902651316
902653191
902716162
902745515
902777046
902893080
902897274
902937090
903078514
903087139
903105807
903205924
903214652
903291576
903373772
903436181
903463155
903590617
903627454
903754584
903868635
903984008
904062289
904093188
904197259
904263272
904353230
904446117
904470765
904616150
904670774
904680368
905034181
905198155
905216410
905269592
905370555
905375851
905552177
905568341
905610428
905658110
905878088
905891730
906000436
906044323
906085254
906097249
906166117
906212359
906304600
906316910
906349487
906360683
906409290
906448589
906680206
906750403
906778004
906818688
906923747
907032730
907150467
907211681
907258610
907266545
907515609
907626255
907750112
907777369
908051564
908185823
908212242
908219490
908277803
908432014
908466168
908612345
908612723
908632032
908701194
908755594
908774113
908852354
909043213
909156047
909654939
909688626
909727884
909971009
909990295
909993429
910255802
910364912
910405008
911077147
911089454
911138568
911205966
911282259
911389091
911410111
911486316
911502746
911727866
911875953
911989575
912081560
912088464
912119070
912151608
912203285
912218788
912301108
912331082
912346907
912363536
912456057
912781959
912841674
912887393
912968676
912989233
912994199
913110148
913138006
913142286
913557256
913574557
913610797
913648912
913783494
913882687
913912927
913969910
914108620
914183439
914186440
914295339
914312586
914350362
914449624
914503778
914537368
914556404
914589168
914623334
914633334
914652531
914654847
914657779
914679822
914720285
914721999
914784221
914835700
914855580
914935865
914991120
915124640
915156767
915224093
915266325
915437058
915575251
915606661
915700131
915852667
915886972
915951987
915963960
916030747
916097137
916267889
916322800
916401324
916459693
916471790
916518979
916525309
916610664
916696668
916750625
916832868
916864178
916870271
917007166
917097357
917362425
917363228
917400361
917416374
917420956
917423548
917583606
917753374
918103051
918278877
918613733
918791985
919001840
919037511
919063211
919090928
919102554
919226359
919400731
919476193
919494028
919551062
919591681
919595221
919690737
919691571
919961491
930033763
930037328
930419087
930434337
930452117
930560909
930566529
930577226
930589863
930652299
930668102
930698005
930704172
930749095
930757050
930800758
931066160
931131573
931132051
931218828
931292218
931416380
931499713
931502657
931557243
931566504
931658195
931691359
931896210
931950078
931963290
932106225
932109905
932167073
932184345
932192417
932204095
932241474
932301276
932305735
932337189
932530823
932622621
932629894
932785335
932822834
932995580
933002286
933019580
933058555
933180148
933230150
933263082
933328676
933379285
933410697
933420674
933428202
933457069
933489798
933500315
933513000
933549075
933555952
933560529
933574178
933654435
933735666
933964145
933975580
934019029
934050772
934133288
934374047
934442278
934461258
934555393
934611742
934635139
934648169
934854245
934876800
934919398
935070011
935073524
935181811
935300676
935447864
935488148
935497274
935782779
935804630
935934232
935934517
936070170
936092696
936259720
936405454
936520705
936603738
936718343
936769693
936823292
936830189
936898804
936921283
937012055
937083575
937271848
937423357
937458996
937516860
937618989
937642595
937676800
937684464
937729665
937820867
938118668
938125454
938362578
938740754
938820074
938843183
938887385
938914615
938981948
939042990
939062079
939172910
939320054
939506861
939550249
939647939
939688583
939721320
939921596
939930448
939943602
940064790
940143840
940190233
940239992
940353233
940522244
940540000
940941997
941080460
941417580
941651131
941690159
941793191
941838366
941884997
941919004
941922536
941940037
942053670
942057795
942131395
942211119
942323079
942361525
942526010
942598488
942612017
942753875
942991569
943009464
943065242
943070527
943101301
943190018
943220353
943260755
943550125
943686605
943822427
943880316
943928999
943988711
944058759
944195968
944448724
944504553
944587557
944659113
944684490
944686676
944727045
944763124
944769734
944955861
945134213
945215015
945411241
945697892
945919086
945965951
945982333
946016796
946112230
946218252
946301990
946403032
946411055
946670413
946681710
946694626
946739375
946762092
946773979
946875502
946930630
947109899
947267428
947611200
947939697
948018104
948045009
948094421
948400773
948579798
948694441
948808791
948871024
949287030
949447822
949563538
949572111
949858090
949893087
949940970
949977651
949989403
950076061
950330084
950556088
950612381
950613333
950780772
951350545
951389969
951557464
953360882
953393983
953901210
954448540
954555053
954741486
955070702
956267806
956322920
956470273
957013170
957071210
957705597
957873565
958752200
958771172
959370703
959550686
959678285
959791032
970013192
970107045
970140772
970308878
970707110
970850022
971090500
971302425
971942121
971957200
972112958
972150695
972209155
972222773
972265675
972287100
972336065
972680414
972860165
972880555
972899593
973072452
973509434
973856151
973910284
973910960
973927836
973934412
974058773
974508363
975000834
975117967
975138687
975192426
975314142
975408505
975671007
975765056
975797274
976710655
976780981
977027878
977130805
977350800
977522381
977720597
977740413
977885212
977975664
977992884
978021481
978068931
978350076
978431717
978497778
978580087
978588785
978880286
979133068
979146352
979185359
979444757
979597828
981075055
983070212
983120081
983381087
985004647
990044644
990054208
990170137
990170684
990217615
990321969
990348811
990372711
990447366
990465055
990481157
990485814
990602680
990631311
990654276
990684442
990698244
990708906
990732345
990745759
990794801
990938899
990968970
991010175
991070073
991264484
991298307
991375996
991438555
991515519
991525054
991548880
991552869
991598082
991611948
991641587
992048714
992082723
992106811
992108886
992380050
992507790
992707914
992889686
992920958
992948646
992954110
993035889
993092913
993105288
993119563
993180589
993238324
993386119
993386959
993424813
993647818
993827617
993872263
993980164
994018759
994062328
994081110
994199362
994228177
994240087
994278216
994300164
994318821
994479453
994568877
994609886
994628287
994638386
994703874
994809895
995041272
995206141
995650611
995694951
995712199
995728785
995963486
996020351
996026684
996063942
996119677
996127532
996130653
996215818
996224181
996608311
996654567
996739002
996746382
996788371
996979962
997052771
997118991
997142459
997222982
997227780
997245404
997295510
997546007
997601445
997637677
997722887
997756723
997762301
997764017
997822312
998425891
998438410
998453575
998486100
998583490
998600856
998614643
998648764
998705046
998814015
998911819
998959556
998990893
999373072
999443602
999482108
999504866
999603824
999727884
999798592
999997552
999998207
