330399539
333595959
336178321
500058792
500071864
500729301
500736800
501079445
505016695
505044128
505049459
505519911
505525861
505528791
507045551
551030085
551059534
553514823
555117750
655027147
655424516
696532335
702028384
705521082
712789736
712935150
770011671
770122016
770225658
770243069
770248682
770328696
770851385
770885110
771055606
772645354
772727981
774448885
777278280
880074889
880090984
880100224
880697079
880901668
881111934
881460383
881523338
881688820
881740022
881888617
882232296
882282865
882341007
882375606
882376567
882560898
882598685
882966206
883322290
883741953
883865053
884296363
884822200
885161711
885261181
885367788
885486838
885852996
886317949
886392965
886516040
886757704
886777767
886781948
887686813
888071476
888079686
888312909
888432209
888931216
889011466
889171882
889342930
889530178
889889444
9,98889E+11
9,98909E+11
9,98974E+11
900011321
900131253
900168485
900248428
900341787
900508511
900738287
900909445
900941554
900949294
900998999
900999991
901018787
901175278
901420742
901422360
901423707
901424062
901427006
901427844
901428105
901520778
901628229
901649054
901701789
901708107
901732784
901836460
901925727
902022967
902074997
902081911
902294322
902328280
902411188
902426129
902437050
902477282
902551946
902640426
902845818
902886182
902900163
902958173
902988783
903046032
903294829
903532257
903653225
904071517
904087959
904110688
904118916
904280292
904287380
904289623
904404385
904413163
904442837
904477147
904508187
904510295
904516168
904557079
904701608
904783237
904796994
904881669
904925205
904948171
905023300
905038710
905065214
905072720
905153685
905176058
905223285
905230488
905234628
905335667
905340563
905417873
905452345
905512868
905547732
905560892
905608205
905620344
905631652
905635990
905644610
905681373
905824348
905856144
905860745
905865019
905891037
905979795
905987276
906007602
906028030
906085734
906112531
906241883
906252563
906256889
906276774
906348971
906378827
906441061
906550534
906567508
906662498
906678004
906761522
906879702
907113244
907193359
907213079
907222363
907407009
907461517
907468101
907476793
907497781
907580625
907595950
907836110
908110081
908200773
908228597
908326963
908351684
908371242
908489923
908561603
908669596
908733577
908745512
908748232
908777568
908800866
908835650
908857782
908941703
909002311
909288237
909302818
909474884
909489044
909784036
909994474
910080235
910118025
910200659
910248379
910363213
910439903
910556616
910560802
910587956
910595256
910734412
911053585
911076485
911081977
911083611
911085949
911090458
911100278
911186264
911195717
911204452
911220864
911292085
911410599
911454520
911457737
911516100
911527323
911771979
911772169
911841985
911897929
911991317
912014042
912023564
912030781
912104346
912179979
912222065
912250304
912259376
912294186
912345481
912366409
912411137
912416653
912597700
912629739
912631966
912646313
912826124
912828344
912979706
913026075
913145080
913220303
913442077
913451533
913623320
913690810
913770361
913777711
913799604
913816696
913987237
913990717
914020219
914146500
914169437
914204111
914242533
914428189
914470510
914534342
914630709
914637416
914711565
914794850
914837485
914878424
914924076
914927475
915041238
915155157
915206763
915448675
915473764
915575087
915654808
915740779
915815484
915920072
915990913
916013936
916014210
916060473
916068867
916099183
916121771
916175778
916207277
916262321
916294915
916348606
916439838
916596191
916610819
916660996
916670077
916672275
916680093
916685235
916714436
916757561
916772289
916823163
916862203
916881744
917112004
917151800
917328977
917330776
917333346
917384515
917417442
917606880
917843203
917960243
918114303
918133144
918208840
918212481
918222033
919011988
919249887
919251757
919452644
919520715
919544110
919616145
919651001
919668775
919669795
919810266
930024203
930046511
930063904
930067801
930083111
930358938
930453265
930562654
930712715
930728661
930756454
930828996
930868069
930967721
931004037
931011743
931070959
931102604
931120455
931168418
931223545
931291985
931300954
931301117
931355660
931427775
931461328
931531817
931611066
931637787
931645560
931661191
931857906
931876157
931912024
931914868
932016119
932026922
932112192
932117105
932186660
932288190
932355348
932380001
932412175
932428714
932531388
932622429
932843665
932863191
932901582
932909970
932956141
932983116
933005218
933067378
933071710
933118944
933220191
933330319
933366862
933394798
933413887
933423130
933464882
933464988
933541663
933571206
933668380
933736619
933759977
933774188
934022621
934060586
934066801
934094098
934120620
934133865
934201977
934212278
934243436
934262556
934291338
934313931
934339242
934400482
934406468
934450286
934522284
934526663
934526919
934571783
934593029
934619112
934626066
934635156
934663587
934711023
934839760
934896852
935157167
935179704
935182969
935243629
935332310
935359085
935381086
935428865
935630787
935636412
935670754
935684541
935719663
935740788
935799855
935808068
935808203
935881548
935911554
935979296
936185228
936201658
936280048
936400970
936437270
936455152
936781031
936781921
936809813
936880365
936903810
936944769
936953035
936971960
936973161
937077191
937226490
937241948
937322829
937410886
937436486
937463191
937484000
937521727
937578772
937581210
937732087
937907755
937910307
937955083
937994886
938005961
938208871
938281040
938518211
938711953
939027786
939061187
939071222
939114010
939716699
939860192
939867274
939909011
940099151
940114850
940117621
940154039
940407572
940416686
940450784
940455590
940502602
940764746
940781600
940820092
940895588
941070674
941093464
941099280
941123038
941142685
941187693
941218323
941380729
941388407
941478027
941506700
941512767
941531324
941614518
941751888
941755485
941798684
941823425
942018985
942138636
942272157
942334013
942351916
942392795
942409084
942443828
942463633
942566197
942644848
942683860
942761464
942780463
942804102
942811181
942815474
942920737
942949194
943008302
943115591
943190667
943410574
943457910
943529705
943630597
943675185
943810496
943844193
943934444
943962684
944168889
944192256
944341684
944351521
944405405
944451186
944458800
944504959
944520165
944544737
944701947
944818155
944919135
945030324
945057427
945068945
945138046
945207711
945214757
945241583
945242112
945270961
945347870
945387273
945422087
945717164
945935088
946021190
946371989
946428502
946542926
946663232
946756585
946820607
947144500
947156939
947226312
947313242
947336679
947341997
947518159
947554717
947931715
947973709
947992500
948133700
948252600
948350030
948548387
948551559
948564110
948764046
948791184
948867470
949018962
949142772
949148288
949159307
949229085
949475564
949781117
949880031
949912209
949968380
950071638
950094066
950148189
950304315
950500149
950797274
950875567
951035176
951070265
951426126
951768282
951830767
951864334
952223119
952284225
952291031
952444913
952445900
952555572
952779311
954492530
955030362
955040507
955563003
956369767
956419188
956992824
957078604
957370793
957558690
957708563
957768791
957775228
957886881
958018381
958112885
958709602
959204686
959209088
959660194
959799747
970117722
970498281
971146568
971188918
971520083
971523313
971570081
971604052
971812011
972798880
972840801
972899198
972902477
972939590
973016511
973020259
973159334
973171666
973190189
973248882
973251920
973366770
973510629
973812185
973832760
973847919
974046963
974196001
974242774
974469934
974545717
974590577
974645758
974650602
975120322
975202123
975377088
975472566
975550596
975598083
975727279
975728448
975841303
975875710
976047929
976075202
976076864
976095872
976117910
976120686
976286347
976313931
976351066
976471012
976473223
976580206
976728072
976791015
976857475
976951716
977132040
977181077
977496973
977518387
977566818
977576391
977872499
978145444
978167576
978407040
978441988
978566361
978926064
979035750
979039697
979231417
979236553
979270920
979518091
979608391
979644747
979736323
979861693
979883353
979949184
980001223
981254407
982600200
982756642
982774433
983015953
983065202
983135770
987005700
987740345
987753932
988081819
990037737
990072544
990092606
990186638
990216242
990248696
990268176
990296307
990309811
990355214
990406849
990424516
990447589
990530738
990828567
990838996
990856205
990882581
990990507
991008051
991035483
991080480
991094032
991104034
991135073
991146444
991168788
991252595
991308658
991327236
991352987
991368482
991411083
991418334
991459353
991482114
991503584
991560984
991600334
991747252
991788508
991805803
991924065
991932017
991932220
991964394
991967303
991969235
992135014
992150057
992154056
992155529
992194478
992574025
992578189
992652287
992661360
992703848
992720507
992828030
992992152
993129583
993154900
993171920
993252786
993307948
993344521
993380174
993412122
993430531
993440570
993459245
993484849
993817078
993856329
993874983
993887979
993961622
994128879
994185155
994332175
994392020
994429190
994491438
994496430
994552248
994680982
994817820
995090810
995211209
995353884
995426095
995431333
995492089
995495509
995537917
995589396
995650325
995731520
995750035
995810173
995814066
995829810
995850219
995851872
995853001
995857072
996028502
996033774
996052789
996212857
996221793
996276511
996299435
996304792
996335226
996368895
996403164
996455222
996597521
996615483
996633306
996683121
996686126
996687534
996727575
996771017
996788596
997069803
997094223
997117897
997162788
997178835
997194766
997220613
997239384
997248440
997304246
997335428
997474455
997516086
997586121
997586830
997614787
997640528
997691919
997702159
997729104
997751995
997788852
997972820
998052903
998059551
998134941
998188183
998251314
998350185
998419695
998540157
998561790
998647411
998668212
998685105
998782016
998782088
998786786
998811662
998862488
998967844
999036353
999160290
999203910
999289100
999405403
999447500
999460266
999522810
999597884
999657474
999672617
999703590
999734838
999894440
999923847
999926954
999974349
999981659
79252290024
