200010105
331833583
332440353
333000903
333882173
500046362
500075018
500725080
500771697
502215646
503010214
505059555
505080211
505531315
505703212
505704111
505899939
507030622
551012616
551517661
552540955
557017328
559012882
622248423
655243709
655524117
662357056
672368602
712173043
712307882
712474867
732373741
770061400
770077406
770209511
770267875
770690786
770697174
770841204
770891737
771058825
771241965
772572029
772600774
774042106
795121232
880281202
880287999
880591828
881060598
881082020
881121264
881272484
881352290
881891312
881901090
881958006
882008271
882052960
882091978
882102050
882235666
882270291
882455995
882877784
882878185
882940418
882986060
883015885
883073342
883104414
883127300
883178493
883190046
883220052
883478333
883502583
883508884
883531985
883824787
883855588
883929894
883960232
884082018
884150797
884572310
884911999
885191193
885226012
885287575
885300889
886070055
886168994
886393736
886562424
886652292
886707372
886775997
887010504
887152627
887340086
887537766
887940709
888090887
888253585
888336733
888365557
888400037
888428483
888448583
888588434
888689878
888695995
888910556
888949496
889208588
889357383
889729207
889850149
900042069
900044792
900229390
900306876
900411338
900423494
900562016
900605848
900649313
900717081
900717086
900769557
900771868
900790080
901018691
901025071
901033255
901038523
901050252
901089893
901325575
901491252
901512486
901527581
901572181
901750584
901835929
901901606
901906092
902014210
902075937
902104625
902150803
902241908
902250884
902312279
902479937
902488712
902514594
902530787
902649515
902676027
902715111
902731885
902831797
902952121
903003354
903050575
903246434
903423723
903448061
903631053
903742212
903762180
903823017
903838616
903891511
903905030
903971045
904061329
904178784
904261173
904286775
904288869
904466343
904639005
904744439
905033067
905086655
905087547
905088333
905170721
905174168
905198380
905225869
905279608
905316552
905321273
905336632
905403110
905560710
905704200
905721414
905835878
905921882
905945756
905972359
906002513
906004323
906117422
906131969
906166793
906298280
906362477
906370617
906389166
906544848
906559590
906620460
906661683
906698432
907008679
907104331
907110658
907348540
907539095
907668893
907732673
907750185
907885817
907912929
907953433
907959546
908239580
908341688
908356683
908419199
908533112
908561413
908722545
908729557
908735679
908763646
908807066
908807705
908844471
908853307
908854314
908862216
908938904
908983687
908996679
909205027
909475818
909513873
909558724
909712588
909713121
909960703
909992074
910016982
910026656
910156440
910160956
910340363
910365758
910465565
910489228
910554441
910647797
910716977
910734413
910740481
910773383
910898285
911051244
911067592
911088684
911141192
911156440
911305968
911440397
911502627
911553046
911602898
911695889
911765359
911770725
911991185
912007795
912028800
912063236
912115187
912164841
912276430
912281794
912344462
912345293
912354818
912428955
912455380
912702082
912868240
912909357
912988782
913170352
913213163
913251220
913282011
913298825
913446879
913573532
913608815
913614828
913616649
913733751
913752036
913884004
913905443
914046061
914049524
914077959
914086881
914113422
914132407
914260414
914401612
914637630
914664085
914714969
914737665
914842026
914858584
914932167
914940558
915080668
915121216
915151821
915161781
915196434
915231716
915247923
915274653
915279795
915434138
915487527
915540656
915629760
915668893
915773672
915800159
915818307
915821912
915894887
915931170
916100604
916111149
916166849
916179566
916289593
916325151
916362187
916425501
916448902
916481725
916502512
916514392
916558981
916583293
916620045
916769767
916790846
916884982
916954776
916972059
917001975
917004715
917005207
917170583
917170873
917171829
917311172
917331015
917607448
917726557
918029838
918113987
918145584
918260726
918282628
918814085
918916260
919022196
919030228
919047788
919050723
919112553
919155353
919178252
919395856
919467183
919541695
919555241
919672285
919775860
919817712
919989770
930013688
930054650
930541106
930563154
930596383
930598304
930621993
930801170
930856465
930989510
931006630
931009171
931019453
931131885
931141077
931152558
931170696
931200475
931203484
931254084
931278412
931340676
931387715
931395259
931431197
931431793
931444965
931469009
931470799
931557781
931592011
931639800
931671234
931742691
931910242
931942471
931970699
931973732
932066612
932092346
932128509
932137565
932152360
932186896
932202155
932220478
932312618
932327159
932330047
932335558
932363536
932408189
932502776
932605778
932607411
932609720
932611851
932625665
932880840
932885666
932930061
932960255
932968222
933005138
933028227
933047454
933085065
933091564
933129860
933193483
933194906
933205909
933332260
933431762
933445052
933452878
933671257
933833718
933834727
933851193
933963520
933978145
934012053
934012732
934100573
934121059
934210683
934236665
934289585
934307716
934400312
934404470
934409302
934444630
934476206
934483775
934657744
934862686
934896693
934902702
934943524
934947483
934999090
935031579
935072769
935090369
935129291
935248701
935377387
935573010
935795798
935808393
935883395
935912187
935934629
935942544
935998601
936011511
936078318
936082396
936114048
936503692
936561108
936563424
936618040
936626992
936628701
936640190
936698767
936708891
936881961
936931581
936943920
936958485
937037600
937090056
937180065
937291516
937321270
937406560
937544160
937568644
937575907
937726340
937747341
937760533
937950133
938030002
938126668
938190802
938290576
938311314
938321952
938529227
938557987
938560229
938821788
938837994
938941281
939031953
939070816
939133700
939181501
939362505
939491740
939518222
939537821
939629858
939699003
939755009
939792669
939971297
940012750
940021053
940049188
940116760
940209757
940287899
940397717
940434714
940452250
940557956
940572357
940625322
940656272
940690840
940738448
940774668
940793679
941011391
941091052
941210035
941224422
941236850
941324440
941351186
941373706
941760357
941844131
941881608
941890088
941966033
941990610
942159085
942200993
942224053
942583985
942614664
942636577
942706717
942741786
942761251
942768282
942811370
942839194
942858685
942926006
943005531
943038600
943050288
943057617
943206643
943222513
943246272
943531194
943628287
943919220
943990218
944020033
944023000
944030687
944091303
944254807
944314436
944447967
944560726
944730955
945115011
945123232
945131314
945232255
945245570
945250676
945412443
945440746
945650162
945666110
945750716
945751208
945838986
945847969
945878616
946044243
946114421
946155659
946277262
946280457
946294252
946323500
946364113
946453055
946470447
946638234
946651997
946728620
946748214
946770203
947011878
947081152
947153727
947209890
947291039
947412050
947685656
947837069
947855007
947900211
947915045
947921434
947979502
948126601
948177680
948240165
948323735
948421574
948450375
948734941
948750160
948771870
948773702
949020083
949029048
949126008
949126963
949188170
949228418
949431958
949480263
949545853
949960105
950135484
950136761
950184565
950201268
950459912
950689300
950751218
950765255
950917818
950923254
951118997
951303544
951489597
951519030
951555081
952029612
952351313
952529004
953362292
953383932
953507028
953637906
953777413
954006866
955071987
955575815
956804707
957079355
957762013
957877758
957998200
958059219
958101007
958377735
958500245
959030075
959089598
959880889
970665857
971082444
971140968
971183272
971311778
971944064
972091985
972093969
972228606
972229271
972240216
972321447
972532373
972731622
972822016
973080079
973108168
973136158
973208677
973232530
973440282
973458161
973476568
973537433
973657525
973713130
973730886
973937061
974066907
974344200
974411763
974444170
974593198
975019696
975163140
975219505
975222813
975292994
975341876
975357377
975481691
975510343
975550928
975563835
975779485
975819391
975878832
976129031
976145606
976170986
976181952
976184884
976198188
976224426
976290093
976348996
976362077
976381294
976470920
976655300
976665762
976678677
976728881
976788603
976870978
976950187
977127808
977191040
977229594
977406804
977440605
977667100
977730819
977782788
977829282
977897300
978010503
978078897
978080382
978502660
978540032
978672266
978723569
978951778
979101514
979101569
979158581
979266344
979660103
979808777
979835577
979881501
979901590
979921600
982700062
982721809
983071331
983617800
987172107
987271957
987768585
988770711
990019622
990092315
990130274
990186094
990250302
990319476
990329980
990360206
990486360
990549388
990570381
990650844
990671121
990696457
990708260
990711867
990730749
990752094
990764921
990783883
990870032
991104373
991123907
991145077
991146725
991218744
991231499
991333267
991335386
991381010
991449338
991475999
991488379
991498584
991566956
991650163
991768617
991903793
992060843
992104212
992110134
992124414
992147614
992222097
992231878
992355253
992503399
992720662
992826980
992840158
992948616
992967454
993010418
993036011
993070956
993151986
993155845
993219898
993254458
993438662
993508274
993517030
993551686
993678454
993691210
993785356
993950331
994025913
994042466
994079144
994085760
994188556
994189241
994222762
994267612
994411785
994422574
994425948
994584649
994591345
994684556
994884087
994919477
994984049
995010587
995017065
995150128
995254466
995446185
995486737
995550225
995554112
995561397
995685415
995764889
995841002
995841953
995889226
995997118
996061942
996170906
996202616
996362186
996599380
996608907
996621606
996673619
996675136
996739698
996761275
996796444
996807677
996815135
996850376
996993676
997014660
997126763
997131337
997151248
997274188
997441131
997462782
997467080
997571427
997577516
997730293
997846470
997854128
997877104
997920773
997979594
998028799
998113080
998235303
998384988
998411332
998428215
998605625
998648065
998751570
998801492
998832512
998851205
998993484
999007803
999011320
999150822
999253519
999443844
999504784
999534050
999572403
999598403
999703630
