200072078
333023355
335183799
337797007
500029844
500086814
501076290
505871516
507139791
507251078
551010714
553025232
615248721
615543566
692392076
712356780
742288384
755439518
770480558
770553707
770757074
770813181
771024340
772511216
772831819
772857775
772901985
774774790
777078446
880494902
880850486
881392008
881470041
881786870
881792986
882263507
883916063
884970084
884980388
886402919
886622279
886773020
888590185
900203585
900393036
900510092
900565311
900600493
901150943
901207923
901341836
901508083
901660457
901685393
901882858
901891863
902179645
902194635
902303122
902491185
902523697
902744400
902883186
902946505
902957864
903344042
903452727
903644380
903863496
904055408
904125540
904338265
904427442
904443949
904482720
904685155
905116263
905121694
905240555
905332970
905408624
905787706
905788389
905792601
906076356
906392122
906444651
906488452
906570690
906695493
907090679
907188678
907422470
907601274
907787537
907872587
908680301
908685016
908691255
908755706
908861950
908953908
910538378
910795151
911147388
911171719
911202648
911455700
911481358
911589405
911610469
911711915
911744667
911752107
911937482
912033557
912034718
912078327
912122797
912124961
912184665
912332907
912380507
912394020
912467570
912557519
912623565
912920140
913122274
913525434
913697929
913813381
913901934
914041871
914105250
914564715
914659561
914697927
914717470
914752404
914971813
915210557
915613931
915889108
915948521
915999526
916019115
916116564
916155862
916534877
916712823
916794156
916908294
916942262
916995853
917100974
917121442
917808857
918139218
919069890
919108315
919144838
919219535
919450981
919456866
919609640
919793498
930021635
930031928
930084001
930360388
930606894
930863183
931011121
931018385
931023450
931066424
931078840
931305725
931337151
931355584
931484477
931562486
931595718
931878075
931947711
932090462
932310604
932321109
932348467
932371831
932418840
932471583
932535616
932740004
932744333
932808017
932968233
933035202
933133788
933178402
933286667
933341158
933427325
933441303
933459404
933496809
933496963
933503391
933510179
933543891
933576100
933932939
934013004
934027868
934092976
934175996
934321163
934499677
934590774
934870588
934915886
934939023
934968667
935034654
935196882
935326848
935426925
935434288
935457915
935475584
935481064
935522020
935548218
935560115
935762295
935858305
935956964
936212171
936334304
936378847
936405517
936467255
936691416
937014222
937512572
937676361
937738875
937881775
938089253
938111626
938210558
938263101
938325800
938345979
938361775
938580306
938648608
938764555
938782142
938852800
939282187
939299606
939423217
939488408
939945494
940065406
940336508
940440124
940482158
940610561
940676805
940686841
940774445
941025584
941262236
941411212
941591552
941698009
941819890
942032560
942163133
942204646
942274989
942281103
942620072
942676468
942918161
942920241
943009302
943614560
944180212
944210256
944426321
944555428
945072246
945157975
945244115
945449289
946002024
946152928
946176411
946226194
946283538
946299529
946453848
946514009
946514995
946573999
946670887
946764446
946805088
947292737
948071487
948298500
948393083
948422288
948438787
948524402
948621606
949119399
949389791
949471830
949900108
949986110
950088920
950353130
950405335
950431972
950597107
950640187
950653337
950957679
950999108
951003989
951040759
951725785
951758002
951901572
952321976
952426260
952601064
953661903
953667424
953909185
956320636
956500174
957005750
957111520
957308881
957570586
957763808
957870877
958975756
959071180
959898481
970122482
970172328
970201585
970223343
970684242
970757690
971510021
971804157
971989801
972117685
972186474
972236024
972295997
972493160
972667181
972771871
972799388
973113858
973433868
973490280
973632179
973740034
973813004
974312434
974454834
975145090
975401724
975656465
975919856
976091163
976339085
976490977
976547881
976616167
976655552
976808272
976968313
976988829
977103428
977373162
977438662
977529268
977767757
977855079
978021089
978098205
978240666
979062808
979161886
979170230
979294460
979585157
980012041
982610207
983637575
987771773
990019097
990023804
990070625
990372491
990431390
990503433
990555599
990618329
990647387
990691176
990730862
990778822
990837916
990937043
990985390
991029480
991090646
991090770
991103186
991280688
991443785
991450645
991459778
991468893
991515716
991547288
991552187
991651594
991719095
991766519
991990192
992102888
992272579
992595532
992784043
992972433
993117583
993124742
993234830
993254502
993523136
993590978
993762465
993785222
993858377
993888017
993977172
994012811
994337181
994676653
994848395
995155230
995161304
995162386
995258427
995280030
995297304
995388708
995445210
995461206
995714191
996158570
996222467
996452495
996471951
996499318
996531314
996733386
996835299
996962472
997137231
997209920
997210278
997321523
997357866
997371700
997533004
997549191
997660399
997695454
997837509
997860795
998334423
998432232
998682837
999166584
999321809
999994471
