332671978
337340704
500035650
500038793
501078789
501082120
505036672
505702018
507000201
551519344
551525224
553514205
555030468
557011462
623252380
662251582
692281518
694210697
696521128
696523928
712184265
712436401
712581717
712694225
712695656
712768499
712830869
712942259
735291010
755225210
770207076
770214801
770223027
770520566
770570567
771081960
772689525
772708483
772841626
777014737
880146667
880166008
880181899
880251045
880362939
881185253
881273087
881461009
881524242
881610804
881916261
882058690
882081007
882098187
882105359
882150034
882263738
882330036
882480822
882481956
882500358
882677227
882705057
882856467
883112294
883503194
883545251
883655858
883722144
883797790
883994283
884087535
884666233
885008272
885131359
885240313
886177400
886399196
886472771
886519303
886551387
886607210
886641980
886861119
887070210
887154828
887539192
887918790
887971440
888039386
888445663
888461144
888526061
888671514
888687844
888913431
888946336
889116716
889144406
889187980
889717972
900117397
900131882
900153656
900240874
900974032
901083152
901231992
901335242
901422684
901481193
901496264
901511340
901604066
901618130
901618281
901691992
901700569
901790826
901825025
901917715
901930822
901976809
901993913
902061365
902135529
902228094
902293387
902302320
902311211
902459816
902498212
902519401
902577581
902737086
902751964
902775636
902882421
902976065
902988379
902999212
903020315
903043575
903094775
903428388
903451198
903463940
903614472
903625982
903641792
903660946
903670592
903684676
903698891
903703939
903717454
903818168
904002312
904021985
904066516
904103736
904122018
904183933
904188824
904196002
904221610
904242172
904242215
904270664
904272573
904497585
904568177
904569693
904585893
904671917
904720807
904724726
904760012
904761976
904772338
904917868
905115526
905134543
905170890
905170907
905183018
905217604
905303594
905316982
905337700
905374733
905377588
905424649
905460944
905485655
905555223
905575956
905611012
905680566
905784842
905816221
905842433
905866464
906010522
906134848
906169525
906252258
906345336
906365750
906447471
906467214
906559044
906671079
906671994
906714959
906745796
907122390
907155509
907297929
907367423
907425487
907635131
907676648
907864565
907875566
907878611
908050735
908116117
908310593
908312751
908322907
908364945
908450673
908463540
908611941
908679293
908712108
908714796
908865987
908922011
908998185
909216507
909450250
909769898
909856480
909859001
909904182
910128161
910133091
910144706
910450270
911053736
911103460
911110793
911140575
911146815
911150557
911195052
911231214
911259163
911285141
911297930
911307060
911316340
911410549
911464264
911550748
911610641
911613982
911838089
911869807
912005347
912011606
912015370
912103392
912105683
912161715
912271736
912305477
912430672
912627492
912703407
912731342
912883303
912910507
912922660
912992237
913027839
913049663
913224841
913482010
913591190
913971742
914161576
914180744
914191880
914214932
914216098
914270437
914305451
914316005
914326904
914376566
914403014
914424442
914480072
914482745
914515109
914582062
914612864
914630453
914710820
914720560
914730755
914731962
914736640
914755352
914884070
915047477
915066594
915371214
915388686
915541027
915564732
915590415
915666427
915704340
915874406
915915707
915922928
916188078
916350890
916370680
916501493
916525773
916634260
916645951
916691171
916791670
916818049
916842544
916928712
916959606
916961747
916962482
917096448
917155663
917194299
917317271
917378487
917634252
917710608
918107672
918118457
918124164
918580288
918620810
918822120
919025696
919092290
919208170
919242271
919453832
919497989
919526153
919535385
919574006
919688392
919704377
919946469
930044792
930047667
930050130
930080559
930362737
930382044
930405257
930428557
930503275
930507841
930517805
930519165
930648729
930723130
930758780
930800472
930891120
930963176
931049107
931106002
931108487
931193911
931310364
931346286
931392107
931421709
931454888
931499515
931549083
931573088
931577915
931580255
931597720
931625586
931626599
931629110
931755708
931878816
931880694
931892456
931908083
931922091
931959534
932009694
932070018
932091692
932118859
932223296
932295088
932305565
932311603
932398435
932407357
932407504
932421380
932451026
932465570
932465919
932494666
932611482
932620200
932746778
932886226
932961655
933028403
933056828
933061561
933075956
933177873
933180031
933200859
933237477
933318992
933357874
933399503
933444083
933488802
933556687
933557594
933592187
933598087
933602004
933633973
933658762
933680478
933730194
933793187
933880780
933959621
933980925
934026499
934043101
934101414
934177353
934203234
934291571
934588509
934614294
934677221
934723550
934725335
934972009
934991954
935038694
935108480
935280616
935280789
935333900
935356361
935415549
935463932
935653332
935691440
935794775
935911784
935995458
936008002
936066107
936231057
936257131
936272040
936290392
936338881
936360879
936377380
936502578
936591127
936591786
936620750
936640996
936690059
936717983
936801091
936930888
937024020
937032332
937034739
937094115
937153134
937171726
937240187
937275096
937299062
937396465
937410282
937440515
937442759
937554782
937613909
937628552
937661620
937669092
937714687
937753700
937768992
937769094
937937164
937942894
938120058
938221003
938270662
938375860
938479824
938527010
938530686
938561550
938877079
938911107
938912892
938969211
939078882
939107818
939119819
939166643
939167828
939279101
939379993
939443240
939531484
939670882
939686088
939720959
939860640
939861000
939861075
939922098
939961727
940026039
940050138
940133324
940249698
940282666
940323217
940346061
940401381
940436885
940494493
940573677
940799488
941032731
941047971
941220218
941231769
941321991
941335350
941398383
941402290
941504043
941522909
941528292
941616801
941721713
941770820
941822040
941927555
941934214
941944947
941996300
942039222
942041575
942043064
942203553
942237919
942327047
942350202
942358882
942361124
942390339
942462000
942478776
942511022
942589621
942599992
942649586
942671086
942770026
943009541
943015211
943062372
943094563
943100412
943136104
943147486
943158190
943171491
943308887
943427500
943438688
943556971
943715551
943787573
943921109
943929280
943949442
943985999
944017306
944028724
944046004
944158515
944200476
944266517
944521278
944528082
944540046
944568808
944758138
944771818
944958809
945079977
945086681
945103090
945104096
945243325
945253086
945328443
945535557
945569832
945694989
945718685
945740953
945809385
945831962
945895886
946075957
946151875
946172732
946187637
946235009
946251199
946255507
946421251
946490285
946540317
946580792
946745655
946789252
946828828
946843240
947075771
947140162
947293469
947367474
947410388
947430577
947611309
947612521
947846770
947906701
947946660
948155088
948200183
948227080
948350712
948395550
948946535
948992848
949040002
949041479
949043307
949775204
950003533
950030621
950043926
950084772
950100673
950152440
950214224
950230014
950241611
950337772
950491925
950511224
950566878
950570047
950610682
950729909
950910116
951081606
951381821
951512485
951548784
951621072
952125357
952202998
952223641
953338296
953776003
954055455
954748479
955528987
956587173
956608510
957173013
957501064
957574342
958090961
958552363
958668700
959291957
959461115
959497585
959899399
970430646
970511470
970710648
971001288
971520158
972100087
972139490
972360389
972452530
972570785
972746556
972781132
972882289
972962697
973009496
973168114
973172015
973260509
973280565
973416300
973445150
973569389
973812106
973833835
973839515
973860562
973888109
973999707
974068797
974120307
974122852
974143694
974217876
974350542
974367936
974515544
974580889
975146165
975188306
975221223
975511033
975521525
975538683
975549082
975599891
975670881
975708858
975810350
975866803
975879093
975999109
976018089
976050906
976130743
976165882
976231212
976601024
976722545
976792926
977209585
977652952
977855530
977878827
977905960
977930092
978248483
978592305
978599029
978622362
978771700
978821284
978931180
979212125
979291003
979298991
979513411
979522412
979534483
979546633
979627101
979631788
979661222
979719944
979852104
979991492
981113223
983038003
983043007
990014081
990059396
990088519
990138581
990176641
990268308
990319867
990329123
990438055
990454112
990513032
990557461
990589557
990615789
990624926
990629228
990667975
990681254
990722869
990756975
990766288
990772584
990773716
990799542
990914787
990948082
990980449
990989571
991061980
991071335
991213057
991236585
991385309
991452100
991455860
991476166
991505904
991550096
991586765
991605991
991824041
991868519
991879212
991964288
991971791
991973403
991987924
992125910
992170554
992201476
992208684
992279721
992318484
992335244
992368126
992380694
992423229
992435515
992482780
992494429
992536803
992593717
992637772
992791555
992812330
992821618
992840486
992879713
992905548
992983132
992994505
993069131
993083622
993128968
993142082
993221556
993281917
993321042
993370304
993388207
993416070
993460590
993498883
993616977
993850207
993890082
993899190
993942451
993996651
994099272
994138417
994277997
994337780
994400434
994457626
994540307
994672176
994677464
994680924
994707424
994845575
995059408
995087309
995185351
995191765
995251360
995254653
995304793
995382018
995384000
995430690
995596364
995715018
995773117
995780967
995787541
995861338
995870991
995914196
995963008
995999889
996101759
996115754
996126856
996141564
996181122
996224612
996236310
996241782
996567522
996586770
996602048
996702802
996711948
996716105
996762517
996788827
996793078
996795888
996800326
996818641
997000580
997108176
997185082
997189995
997230216
997307764
997378926
997431808
997504108
997514491
997527689
997527985
997652025
997741653
997758540
997816044
997838508
997910388
997930692
997956554
998041772
998179390
998217126
998273914
998351011
998542369
998571131
998571389
998705568
998759487
998953627
999111520
999499393
999666605
999744919
999760700
999799309
999957980
999971016
