500012609
500036555
500045185
500077268
500081185
500756163
500789196
501025049
503027009
505022332
505062360
505090181
505523838
505530986
505536319
505706462
505743535
505821525
507132112
554036484
556014656
558101179
623994459
662219938
696521496
712487498
712532488
712909291
752217072
755324862
770170426
770454562
770584515
770646409
770680825
770989846
772529227
772611062
774008988
774040591
777000008
777772370
880698992
880935556
881134318
881310391
881353101
881439388
881517181
881529193
882002704
882006360
882187575
882858307
883080095
883081973
883102050
883108464
883471950
883579598
883797955
883800889
883840174
884082522
884885454
885051020
885080065
885328075
885866186
885920708
886063121
886099600
886311193
886333545
886336570
886480204
886499394
886568801
886578997
886611003
886750959
887068083
887112388
887362323
887903812
888059414
888320802
888511962
888591166
888707455
888919086
889090512
889121716
889250882
889339104
889341109
889811500
9,98941E+11
900020090
900136939
900167786
900291415
900760028
900840001
900994616
901005220
901046860
901100963
901112938
901266000
901270151
901355101
901402234
901435005
901447611
901614088
901657624
901785559
902013255
902066866
902114933
902142636
902296070
902300724
902314663
902446641
902566579
902689551
902690208
903041236
903048427
903080291
903121246
903127560
903165896
903236606
903330938
903367155
903431319
903550078
903636595
903674242
903711671
903870337
903902660
903908256
903998326
904080154
904110686
904143469
904225224
904260542
904442621
904530313
904666892
904743001
904939545
905053633
905063593
905091815
905114727
905141767
905250002
905302988
905331197
905385935
905394000
905400262
905401292
905405951
905521731
905679073
905861981
905886041
905999202
906040484
906076042
906090796
906105453
906161368
906234679
906283252
906308421
906451210
906528030
906671140
906676171
906682142
906723896
906744485
906759588
906769555
906987207
907114889
907167188
907203714
907224348
907351472
907448881
907454585
907488366
907573938
907592937
907721790
907772880
907858577
907932260
907990085
908079977
908081336
908098172
908144115
908184874
908331950
908408319
908464015
908469226
908481827
908646121
908682092
908688516
908716600
908780933
908948959
909076856
909077975
909128212
909128513
909249560
909533469
909591991
909732419
909755129
909793799
909832304
910082950
910139497
910222016
910339375
910402568
910408066
910748678
911060162
911080371
911114224
911127636
911170742
911243800
911288575
911313738
911423630
911443100
911447245
911700158
911723430
911731499
911866660
911981703
912035840
912120551
912146600
912170852
912235583
912361123
912368087
912372627
912410033
912429950
912580640
912629096
912702766
913200756
913226418
913291143
913297531
913299121
913444600
913455954
913512674
913550118
913591514
913630420
913857616
914033084
914080887
914108355
914184849
914187173
914230353
914282455
914358768
914471961
914472058
914481417
914560594
914703093
914765855
914773215
914781941
914792005
914820285
914833161
914843210
914990350
915028058
915100260
915124492
915131386
915217858
915234252
915241467
915327574
915399081
915506469
915519940
915571710
915611063
915660882
915667809
915881428
915898257
916023640
916121513
916156110
916366891
916367189
916476310
916506747
916531953
916573441
916596140
916693725
916791389
916822299
916913055
917190133
917332505
917336724
917425971
917765426
917771477
917774713
918144882
918153276
918211986
918258395
918328411
918740424
919027050
919060488
919081188
919106055
919112277
919120282
919137597
919254996
919262030
919402106
919490585
919512418
919585940
919637000
919686897
919704105
919711401
919714014
919782990
919803730
930351578
930364588
930367373
930380005
930385700
930423396
930428984
930467078
930481105
930492832
930511441
930513732
930515759
930519509
930568355
930646574
930706464
930737351
930797382
930813714
930828821
930862909
930878700
930926766
930986057
931142360
931197403
931241035
931331772
931376900
931402065
931441364
931503747
931534945
931668995
931679920
931690323
931699396
931782087
931786879
932098894
932168712
932211842
932252730
932358416
932364555
932415335
932421204
932605277
932638489
932800961
932923101
933022544
933025085
933028720
933062416
933074288
933119397
933131598
933188084
933196661
933280158
933293073
933299045
933358866
933388486
933400298
933441544
933474862
933588856
933657395
933698565
933704507
933743711
933766106
933783438
933791888
933856463
933978001
934090511
934111353
934161794
934192059
934207814
934301385
934305602
934349319
934441163
934453175
934493102
934509408
934514851
934765688
934785551
934797682
934894642
934960195
934996601
935116516
935151011
935178642
935192990
935339207
935488390
935543772
935579960
935601209
935704148
935740609
935827981
935850856
935910228
935988022
936024482
936205165
936257065
936268702
936304402
936353116
936362220
936560383
936571857
936631107
936678189
936718117
936804386
936840330
936886059
936900756
936953955
936999951
937233735
937236106
937241017
937391589
937453094
937484822
937559302
937662992
937668084
937711380
937719772
937752033
937898006
937903718
937943337
937946426
937971272
938058388
938358680
938367077
938418545
938430603
938484549
938510510
938544775
938582560
938818625
938928792
938930293
938994515
939021454
939033037
939052440
939141411
939302677
939321060
939361773
939485981
939683447
939726410
939783088
939850161
939850309
939919561
939960044
940052261
940070381
940092361
940165252
940254194
940450051
940494506
940530509
940539398
940539922
940568209
940613076
940758375
940852222
941010075
941083015
941184656
941343400
941451067
941471177
941576740
941589946
941610481
941662883
941720785
941736691
941826967
941839012
941888589
941990617
942082911
942088284
942177505
942193601
942284060
942330875
942389888
942472700
942495136
942501091
942532007
942548883
942676726
942696403
942835133
942957619
943020560
943040085
943087274
943092122
943099692
943109939
943250784
943321052
943370745
943381090
943415711
943450307
943501583
943545577
943590388
943659848
943861232
943882351
943921188
944051304
944073801
944134579
944208884
944221585
944255866
944600228
944610131
944614947
944700976
944770657
944822826
944851964
944910489
944968919
945055081
945083011
945118011
945150550
945163343
945199893
945230163
945309978
945318684
945355275
945479996
945480315
945521270
945547784
945596556
945605242
945706913
945726647
945780040
945861090
945888686
946068657
946200726
946264484
946295880
946339295
946398772
946684599
946722495
946748389
946801260
946832223
946910610
946927111
946953010
946977322
947039305
947070102
947223938
947515445
947530883
947604002
947610332
947641016
947667870
947690590
947749194
947800348
947870238
947942279
947977786
948116887
948206591
948370222
948436763
948750478
948941803
949076618
949308737
949338600
949706986
949911044
949952560
949956282
949965525
949987706
950054507
950141690
950149866
950492421
950555859
950610267
950630073
950653440
950819313
950825098
950856702
950940419
951091023
951210810
951393616
951490908
951492921
951559707
951905959
952111699
952265463
952423885
952773008
952779996
953105701
953131780
953322054
953438141
953773772
953901168
953909807
953937783
954334797
955251686
955405546
955523588
956362882
956433303
956574041
957050464
957715525
957944773
958072577
958601221
958974488
959090074
959370775
959391484
959530111
959777468
959874858
970012365
970222120
970391561
970510777
970717623
971361709
971779191
971972112
972127630
972137724
972150476
972241292
972267426
972299995
972577772
972916009
972921113
973006625
973112302
973133209
973194800
973205033
973223529
973339081
973451002
973501710
973638101
973644456
973715337
973830462
973870063
973880747
973889021
974153243
974341069
974504727
974615300
975200960
975287494
975309230
975386686
975508532
975589091
975707809
975708000
975758993
975759405
975925544
976260118
976308987
976333800
976378383
976762020
976949086
977014679
977015283
977066608
977698500
977911355
977997763
978030325
978087604
978251968
978418988
978423434
978451952
978481778
978557477
978787269
978830391
978842972
978862586
978914566
978941518
978960863
979097177
979205090
979232077
979509596
979522121
979592121
979927730
979964546
981210104
981212015
981423888
982772015
983638200
987742060
988885666
990114083
990127257
990128141
990157712
990218895
990376445
990413814
990434585
990437774
990461416
990500670
990549332
990556485
990574214
990594297
990637786
990638222
990667121
990677156
990720386
990787891
990856946
990897280
990908223
990997890
991033751
991038593
991043059
991076152
991130061
991251715
991309202
991316731
991329884
991385718
991386186
991452355
991514151
991600079
991650360
991664214
991690344
991696768
991700033
991785949
991800582
991819010
991935020
991957980
991981502
992160347
992233827
992345691
992528191
992626760
992665725
992700562
992915624
992958210
992981317
993169187
993261697
993328079
993345488
993607601
993696378
993718530
993734151
993777599
993787608
993922744
993951368
994004505
994017500
994018506
994073292
994083943
994084335
994098212
994131887
994350661
994371388
994447753
994491055
994491959
994616393
995080607
995091789
995138400
995171681
995204559
995270638
995308626
995412909
995426185
995568063
995568505
995599084
995617266
995630658
995640094
995663590
995724820
995878590
995881939
995887484
995946103
995983107
996062689
996081691
996139321
996387376
996422458
996505653
996560777
996607578
996666200
996666274
996672986
996692742
996712118
997042634
997060967
997061180
997068914
997106359
997120774
997153855
997180612
997211209
997231970
997278636
997329002
997357271
997415734
997469012
997500873
997686567
997708534
997712909
997730872
997867961
997890576
997929155
998016560
998026877
998071989
998214412
998478792
998606140
998651566
998733874
998852075
999011271
999116175
999288287
999391718
999448468
999477754
999491677
999579657
999610361
999640178
999685897
999744409
999799550
999836267
999873433
79116373974
