331876009
332940087
334770058
500025781
500059715
500761179
501000924
501028683
501030708
501035310
501077112
501099888
502216420
505030390
507151313
507190084
551517848
559000690
692213428
692275057
712454728
712516609
712916653
712938329
712984949
742282834
752232772
752251735
755239010
770010227
770062717
770219329
770221880
770289409
770506717
770559088
770650614
770691415
770721951
770760323
770793839
770840808
771211196
772506115
772752030
777089810
880122266
880393377
880691939
881007882
881068794
881303024
881450071
881601661
881689626
881768985
882438487
882793093
882866561
882993030
883086001
883132224
883193656
883199070
883242722
883308281
883400206
883774247
883880885
883883680
883900057
883923083
884281086
884724445
884921479
885300796
885379297
885593003
885681808
885682387
885715007
885850176
885990224
886428286
886707578
886807703
886892017
887073292
887680415
887923989
887932666
888013709
888058600
888072026
888201949
888404373
888460012
888662506
888741505
888936797
888973797
889103006
889336310
889415555
889501609
889756696
889815553
889888856
900195098
900233483
900236733
900290730
900530184
900562162
900737977
900908281
900918144
901008781
901039670
901220862
901231444
901588685
901591515
901618180
901625121
901635351
901657699
901667481
901706623
901942593
902022110
902071764
902081603
902104416
902119771
902175929
902188173
902224242
902255565
902298036
902324712
902420957
902444059
902446259
902452173
902700370
902723534
902727297
902749195
902771923
902898938
902919208
902990177
903004192
903066299
903096539
903136773
903192242
903207369
903313780
903370412
903411051
903456824
903477762
903529087
903583214
903633747
903653858
903865005
903871420
903879629
904031986
904052676
904059492
904077416
904133575
904162620
904248009
904250151
904256202
904301363
904414135
904440629
904443226
904472187
904556330
904580218
904660246
904718756
904783233
904798075
905029086
905076755
905083239
905090683
905108386
905176228
905191577
905208302
905238069
905261052
905264845
905317232
905372301
905477375
905558386
905558664
905587778
905611145
905633420
905649663
905650052
905650526
905652727
905671454
905690153
905809780
905818545
905882183
905884484
905935452
906001900
906091546
906092297
906163393
906253737
906278408
906321782
906323744
906338074
906346081
906436661
906531560
906585720
906697591
906750087
907114659
907201154
907415818
907470180
907502004
907597515
907656019
907692924
907753991
907780436
907819398
907888107
908061088
908289591
908321245
908351894
908482970
908515780
908572311
908581696
908608265
908709282
908799165
908949139
908993493
909008901
909276447
909606167
909884684
909962598
910045702
910144552
910201545
910348616
910353022
910365655
910453837
910609575
910778084
911032427
911064165
911097068
911097540
911110152
911175475
911278031
911309908
911318025
911515070
911528291
911585296
911688559
911747291
911932745
912000917
912037151
912111979
912124241
912220976
912234172
912790464
912843129
912846395
912850093
912978474
912990787
913025862
913047557
913180958
913187206
913221819
913278917
913308630
913358330
913451385
913498480
913526751
913545089
913680369
913871596
913891440
913953001
913995088
914041140
914246363
914321893
914340633
914374436
914452209
914511546
914718191
914731627
914751021
914824646
914825434
914867271
914920446
915060140
915091722
915114882
915115904
915122684
915157600
915183797
915450589
915470987
915480858
915544150
915566054
915668271
915765008
915784401
915786296
915823061
915898285
916016862
916113437
916240894
916351106
916378210
916382010
916532048
916696686
916727258
916783640
916846704
916860102
916879831
916941463
916990403
917005270
917102218
917330873
917357605
917364341
917366576
918077482
918109341
918130181
918292709
919002525
919010447
919015055
919100368
919156355
919176022
919229001
919247921
919388575
919460533
919480355
919540440
919560844
919565766
919568099
919609882
919650721
919662814
919698416
919761715
919793543
930033935
930037873
930043887
930061055
930062916
930350879
930358191
930367348
930370893
930399194
930518371
930533912
930544998
930583000
930617878
930642189
930650618
930652537
930681716
930716402
930717369
930738633
930787725
930816702
930837879
930879589
930904070
930943392
931089874
931139972
931159201
931198331
931211154
931253732
931305335
931374676
931444491
931467725
931484334
931540827
931606222
931789286
931850381
931888800
931951066
932044007
932151182
932179183
932183466
932208803
932222303
932253367
932380857
932403100
932412143
932567872
932803660
932809511
932823253
932833547
932890261
932893732
932921287
932944479
933015621
933039241
933041067
933045507
933076724
933093187
933133232
933168922
933177267
933179525
933190103
933190483
933351379
933370444
933395570
933404559
933437824
933481693
933483092
933501021
933518043
933534482
933565668
933583906
933612999
933661374
933706986
933779272
933963386
934017126
934040596
934075312
934150003
934151719
934197440
934276655
934324020
934354042
934359548
934390426
934440961
934570847
934626874
934768203
934797909
934818087
934820007
934922779
934949399
934981685
935092686
935108280
935143121
935197372
935330409
935340704
935440311
935486868
935578077
935657854
935672784
935759606
935803064
935859841
935874849
935894788
935920316
936073406
936131802
936198485
936296720
936307996
936329110
936352608
936377572
936425303
936461988
936501429
936518012
936530162
936601312
936649100
936754890
936806264
936924236
936936474
936973463
937084220
937087759
937204748
937212682
937380480
937447724
937538772
937584151
937742713
937753525
937883732
937993609
937996999
938039013
938040737
938070111
938136212
938141344
938228779
938298402
938394737
938422162
938652114
938782274
938908985
938928200
939010902
939164212
939170473
939312487
939330117
939421819
939430440
939430550
939461789
939585059
939659492
939780212
940062468
940109065
940120620
940254443
940384844
940406707
940412493
940465878
940469604
940511012
940688987
940992919
941006941
941019150
941034502
941081533
941082528
941225156
941225250
941269340
941285227
941425452
941430150
941599291
941661068
941872987
941953784
942020239
942218389
942225774
942403001
942438925
942444353
942615757
942660705
942763452
942771021
942800155
942926402
942955565
943008429
943035357
943208089
943336104
943378228
943541565
943567677
943610686
943621430
944040070
944082780
944129977
944144050
944167726
944256050
944329191
944331215
944344030
944350701
944423113
944654445
944672527
944700328
944822681
944900275
944912526
945106050
945271958
945277135
945332262
945423933
945481779
945492910
945546660
945628712
945659747
945765235
945873304
945899027
945931396
945991084
945995991
946034051
946050689
946117660
946417202
946522581
946664965
946672299
946729011
946766626
946768805
946768841
946896525
947057810
947520976
947529559
947586082
947590569
947650419
947831833
947934043
948091414
948220282
948260600
948501560
948502688
948627000
948660625
948748950
948829287
949051470
949191937
949197469
949230461
949286560
949381679
949395425
949423382
949443604
949590401
949807101
949922577
950110497
950190002
950219444
950272870
950335651
950439881
950521963
950571107
950582014
950680187
950716682
950735387
950785919
950822419
951090785
951110815
951316262
951505026
951589189
951661654
951718783
952000208
952046029
952115797
952525753
952601345
953330820
953353444
953408585
953707884
954443089
954495559
956268606
956329111
957102610
957780130
957931772
958034349
958171089
958856664
958870792
958898283
959033235
959928414
970008613
970019188
970162425
970256252
970490570
970497100
970601883
970660030
970719722
970807374
970906777
971151222
971172221
971340565
971399454
971511591
971907075
972064671
972152440
972181957
972228706
972290919
972321507
972330983
972333882
972365157
972536772
972721702
972781269
972800402
973195658
973247881
973314321
973378107
973581568
973733113
973766061
973801908
973849694
973888369
973908416
973954556
974002473
974051227
974109100
974204540
974217595
974224008
974737883
974779208
974870757
975140661
975224878
975252575
975337575
975396692
975517903
975531383
975540775
975651971
975672705
975857282
975866228
975868713
975884453
976175510
976194645
976270189
976332696
976441012
976499195
977155089
977242728
977298568
977348880
977352560
977998100
977998391
978144212
978629294
978720301
978772016
978925565
979122724
979136332
979240388
979248226
979595207
979951513
981116016
983026194
983061985
985732566
990031141
990077891
990099290
990100049
990149490
990178105
990239428
990242153
990371488
990375186
990416058
990464667
990481810
990599058
990622688
990648411
990682325
990720548
990723422
990770182
990953184
990981172
990998892
991129032
991256081
991263011
991302455
991355972
991374231
991410257
991418421
991455429
991506079
991533050
991540952
991551386
991566012
991669959
991785351
991789566
991918871
991926371
992029809
992080330
992123630
992156198
992215684
992221193
992242021
992250284
992398190
992584640
992620494
992700390
992731381
993115070
993192263
993198300
993243935
993245659
993348460
993489679
993600570
993603475
993843372
993861962
994046858
994050476
994125008
994193216
994200206
994304506
994315715
994333435
994376801
994404958
994464666
994587543
994837484
994882811
994918007
994977552
995020161
995050894
995065892
995090248
995116162
995163562
995178838
995251698
995298428
995320240
995376287
995443151
995479492
995503830
995526362
995537565
995552181
995571799
995588500
995651061
995930833
995983060
996027247
996199465
996202805
996213382
996239187
996382961
996605146
996730586
996763091
997171757
997292087
997316774
997460430
997622363
997720012
997784353
997788933
997911084
997942642
998065215
998090216
998103234
998119700
998206011
998222007
998234129
998338881
998378840
998507985
998638758
998688755
998858676
998878614
999051441
999104002
999160531
999211958
999411489
999413125
999505053
999545034
999554205
999572695
999574656
999588099
999632158
999769213
999795024
999943004
999952551
