000
330808687
331231617
332521617
336048898
336192323
500094873
500544777
501073745
505023363
505039359
505046553
505528673
507152018
507164515
507192232
507272606
551026391
551052173
554533808
555021243
555023084
557056025
612269699
624193155
652241711
652286082
655425059
662318555
662323209
692112287
692216828
696521156
712205926
712224123
712435162
712735718
712910843
722223041
735391889
770160711
770246419
770282744
770288783
770308128
770316310
770412623
770774395
771059115
772611532
772983839
773015156
774040990
792221787
795731182
880352227
880756788
881122178
881336662
881492999
881625787
881717688
881910244
882270125
883119015
883119057
883132919
883220722
883256567
883662404
883913438
884055022
884568004
884720373
884844224
884921181
884980797
885096383
885142708
885321161
885538284
885767622
885798487
886065980
886153383
886331665
888007583
888099936
888208790
888409099
888470171
888749111
889151588
889333834
889352666
889529694
889860141
889992397
9,92928E+11
900021614
900056833
900186189
900214584
900275759
900276107
900336870
900391306
900443616
900704340
900723585
900829070
900837105
900906301
900907749
900966677
900989891
901021909
901104839
901323903
901487579
901553760
901558195
901594544
901603766
901604373
901665741
901716919
901733756
901741784
901941273
901970906
902229164
902269016
902275510
902298083
902458708
902470285
902472613
902585009
902871982
902949564
903000321
903000340
903006629
903179999
903284313
903381521
903590226
903631819
903877200
903892426
903909369
904038182
904081536
904093781
904145159
904255163
904261146
904263282
904269686
904275966
904282708
904327646
904423986
904439403
904451988
904481261
904549251
904608335
905014224
905047045
905124272
905160288
905198400
905213320
905311865
905457285
905520993
905616104
905654481
905808473
905823157
905829050
905856679
905904683
905956761
906046005
906083591
906125957
906152352
906162346
906275750
906299770
906366544
906477532
906481812
906509388
906645500
906696176
906726991
906773744
906774515
906939693
906942488
907061373
907184525
907294142
907456936
907462003
907555898
907651225
907678771
907754417
907798791
907891652
907929313
908283401
908294739
908321256
908328605
908372494
908428300
908470732
908550980
908576699
908646459
908684818
908728710
908747731
908772743
908844682
908899046
908928836
908963838
909037962
909047540
909051872
909145402
909332733
909401000
909405852
909618831
909767274
910350039
910353580
910412019
910440734
910447527
910447701
910554005
910755587
910758504
910789717
910847411
911026205
911053158
911097828
911142014
911161250
911177471
911266855
911303881
911398934
911440495
911472547
911496709
911525020
911526067
911577206
911621023
911700323
911787477
911800615
911851269
911880723
912015248
912053916
912067898
912144178
912165201
912180960
912203957
912206971
912214617
912229488
912277524
912313856
912425759
912571002
912578385
912667611
913035178
913210431
913270412
913296330
913307635
913422925
913450072
913484510
913614001
913630216
913977646
914067555
914094096
914160661
914169399
914196283
914207811
914271157
914413312
914636210
914668726
914697829
914830183
914982457
915072013
915112408
915116324
915118016
915150194
915197351
915232338
915396231
915420264
915455451
915533212
915648815
915669898
915674181
915680398
915739310
915827050
915848277
915876459
915881991
915896320
915901160
915909051
915957699
916008565
916008953
916022956
916197725
916323531
916338885
916364939
916392411
916393874
916437516
916444410
916490515
916533071
916540885
916570958
916577170
916587730
916596505
916624349
916640270
916677002
916773788
916862011
917131918
917421523
917422565
917550078
917631412
917761889
917816066
918115685
918121614
918227571
918293210
918339021
918610157
918827959
919006386
919072186
919088823
919103599
919248129
919448100
919455449
919471114
919472822
919480873
919492475
919591435
919621186
919630002
919675394
919677230
919815846
919872787
930042111
930357239
930365690
930372355
930383251
930393839
930482640
930614245
930720088
930720703
930728784
930729778
930804610
930853766
930936363
930941524
930967224
931053404
931081281
931188089
931198589
931218624
931220118
931261366
931300379
931375230
931379574
931401500
931441583
931442668
931464970
931535334
931568055
931633371
931752682
931888971
931931085
932001780
932026045
932057477
932106863
932148868
932160320
932188158
932191331
932200017
932208688
932243438
932282701
932286970
932322496
932326798
932328886
932398077
932433012
932581185
932620273
932740585
933044637
933102258
933128314
933192804
933299277
933376049
933394871
933583326
933589245
933591905
933611229
933621099
933715150
933769576
933846080
933926332
933944409
934036113
934233979
934262678
934439566
934509849
934545009
934615474
934629030
934630873
934696762
934906560
935036580
935095185
935098525
935133086
935298424
935341144
935350612
935356903
935371128
935372989
935549980
935746737
935858353
935898976
935980057
936017992
936108884
936134803
936411481
936588310
936623245
936751471
936845455
936900347
936937505
936949590
936951055
937035262
937050054
937126567
937165100
937213770
937321211
937371747
937440556
937452661
937476461
937484616
937545379
937556551
937607898
937709757
937818386
937818609
937873606
938098822
938208282
938248501
938291128
938332865
938458282
938878990
938888013
939026700
939332292
939431589
939461959
939477138
939496353
939515755
939516306
939521420
939557988
939726968
939759575
939791003
939822557
939849296
939850024
939870071
939882486
939905395
939922482
939923791
939927746
939939285
939960792
939966530
939969061
939989341
940056808
940080623
940092780
940112367
940121212
940179191
940191378
940202079
940250329
940275636
940419161
940461189
940564402
940592500
940638507
940642029
940783767
940868460
940874010
940932223
941066000
941219123
941301798
941428182
941438079
941454551
941519897
941541466
941642710
941776644
941780930
941818414
941867347
942045464
942124813
942171237
942202808
942365058
942878829
942924580
943035404
943051816
943156698
943159577
943239626
943335082
943343111
943344964
943359725
943644610
943651281
943767769
943813331
943818587
943873108
943924424
944051942
944052214
944093202
944122159
944131023
944227412
944387545
944398284
944572425
944680164
944792311
944819291
944832009
944886569
944890060
944935342
944977276
945104014
945249881
945256606
945326384
945342870
945444134
945470051
945490082
945540886
945663216
945737341
945751309
945899664
945968668
946047714
946050380
946113081
946179892
946277034
946322100
946396941
946418453
946605487
946736181
946740716
946758857
946817900
946853888
946996367
947093999
947100357
947102030
947158527
947240769
947560207
947610905
947652489
947999903
948078228
948171589
948204948
948341604
948400167
948555303
948568689
948752078
948801490
948806918
948821960
948860809
948967721
949198842
949202022
949351961
949414395
949842911
949922523
949944599
949977590
950095491
950134648
950245695
950262960
950575130
950597716
950604449
950694906
950906990
950918986
950959997
951030815
951051770
951293993
951361955
951543006
951640109
951762662
951812659
951882004
952110827
952240855
953315958
953538486
953777310
955459141
955507810
955553185
955571008
955853310
955998281
956037700
956070709
956730402
957072972
957276364
957370482
957500768
957753326
957758784
957777057
957785599
957918383
957961960
957990717
958206088
958818689
958840725
958861111
958978081
958981409
959090673
959721083
959778082
959778390
970191516
970248822
970581953
970603860
971233105
971665057
971819587
971820242
972005964
972035556
972080068
972108791
972365152
972704510
972781167
972790711
972854222
972902212
972937572
973008737
973042245
973111562
973131132
973604750
973655053
973866091
974066545
974128090
974223559
974355053
974458832
974763233
975131882
975286893
975353130
975418111
975590703
975838283
976040979
976272785
976323792
976358183
976382689
976737471
976779201
976829182
976953355
976988861
977121000
977364266
977450091
977574414
977605374
977837656
977918595
977954222
978021211
978035340
978341948
978369392
978778782
978802681
979018560
979102765
979216041
979232506
979258856
979266577
979273032
979501986
979546232
979600049
980995110
981303707
981887400
982600507
983000881
983053228
983094114
983103773
983125140
985702551
985769080
987077897
987720227
988001120
990044433
990077957
990081941
990089266
990117983
990121277
990129484
990159272
990159770
990190717
990211566
990234662
990317471
990372602
990397131
990511063
990553649
990554985
990580076
990588038
990705756
990744936
990762168
990820862
990829555
990845644
990920890
990934424
990986968
991046269
991063125
991144314
991309716
991400081
991442499
991472956
991599340
991602217
991617878
991707302
991737331
991741508
991759238
991762075
991780507
991881151
992226774
992278587
992463107
992490282
992521569
992545244
992570816
992623889
992702302
992717232
992870911
992940488
992954895
993095576
993107789
993172480
993351747
993360137
993373403
993431765
993508395
993642580
993674515
993771448
993790817
993793909
993812357
993887421
993975736
994020866
994078003
994105953
994108251
994162906
994197768
994202588
994233923
994249061
994304389
994386676
994518883
994558478
994727793
994787560
994818087
994887272
995015105
995134342
995151310
995256605
995259570
995262273
995281480
995293017
995323936
995364353
995392180
995411825
995531568
995533891
995593428
995650906
995740066
995773542
995777518
995778925
995798651
995814737
995855808
995911382
996001160
996224402
996351536
996399090
996495308
996569817
996669794
996698220
996710245
996799436
996844401
996890558
997060641
997130707
997193290
997199117
997228580
997242307
997280110
997343864
997378651
997436551
997475502
997540624
997586992
997591221
997727979
997820765
997861464
998459372
998520838
998637524
998677188
998791160
998831454
998831608
998850417
998954068
998985250
999067580
999087756
999142453
999260327
999274636
999401942
999442782
999548716
999803171
999858106
999872072
79069942362
