331908489
500019102
500065115
500529729
500539587
500551269
500777327
501020386
502213252
505010817
505093881
505110665
505535995
505700942
507062395
551033595
555018767
662307470
662362129
672367192
692370549
692373654
712186131
712246603
712351101
712998119
722241978
755220410
770036247
770105783
770159794
770213758
770221407
770242926
770271908
770553262
770670702
770699202
770754757
770803277
770837989
770871097
770990330
771362303
772772661
773042787
880120878
881023838
881070091
881086688
881382195
881525355
881541988
881779396
881811707
881817996
881818272
881946001
882091979
882188897
882438885
882739392
882813045
883040102
883171157
883226064
883272673
883862182
883875589
884926666
884949292
885073767
885101283
885104300
885145055
885498400
885860853
886040195
886058005
886107479
886189992
886352322
886502181
886601980
886849294
886881950
887433403
887460183
887670167
887688681
888065676
888330904
888506972
888546655
888923488
889101568
889238580
889264474
889587505
889606020
889993522
9,92928E+11
900037217
900218991
900370266
900426960
900530307
900601178
900646064
900756986
900757684
900833088
900903571
900949145
901021712
901145826
901260121
901330101
901633318
901780682
901902373
901906870
901909842
901923915
902111446
902226950
902266233
902266416
902276260
902296626
902300559
902401001
902496188
902531761
902611520
902643058
902701120
902724223
902743190
902773779
902775981
902855609
902920470
902945152
903075292
903148151
903212630
903296789
903344042
903376705
903422322
903479249
903598917
903603102
903621964
903816156
903871287
904101395
904171762
904251861
904450120
904525081
904720355
904855898
904860430
904949717
904992689
905002060
905043661
905075242
905170811
905173737
905205120
905237278
905251898
905281623
905330479
905338929
905373819
905569494
905576355
905631226
905649105
905658422
905666171
905694688
905703682
905723917
905801393
905808509
905821951
906008944
906020227
906063179
906142746
906205951
906226371
906386013
906433038
906674897
906686260
906712511
906774540
906798518
906904241
907044345
907068979
907191197
907205987
907209511
907272781
907404043
907459598
907600895
907615821
908311802
908350955
908384770
908396543
908533282
908534853
908541897
908600840
908694188
908713594
908722358
908722714
908747985
908750520
908831546
908891520
908894792
908939434
909030800
909402023
909550980
909805049
909866050
909915653
909941505
910277678
910356181
910425313
910451897
910748570
910858000
911000085
911060985
911165464
911170749
911219765
911232218
911269971
911270148
911537910
911557704
911592737
911594347
911724235
911771443
911962792
911969186
912008307
912096066
912096560
912116610
912234756
912236958
912257192
912261331
912288531
912292156
912298654
912318590
912323106
912360353
912364657
912368959
912407890
912459082
912568636
912574977
912631784
912634346
912745010
912824151
912830722
913063714
913185001
913245898
913431377
913465571
913538844
913572102
913935035
914020271
914038990
914041922
914085328
914155203
914189190
914258382
914400229
914413120
914428990
914482885
914569005
914625488
914671216
914676281
914772038
914894109
914912387
915019977
915222085
915305955
915310000
915578083
915585815
915616961
915633008
915637981
915748289
915770397
915843343
915855488
915882205
915936781
915988916
916067586
916150172
916159115
916210649
916277002
916300811
916340441
916468589
916514535
916629194
916667722
916777929
916798461
916887119
916916069
916920430
916938500
917320361
917349970
917419745
917609237
917616005
917758537
917828587
917937655
918113700
918283068
918822290
919002986
919071493
919076970
919092379
919487399
919528919
919565792
919572491
919672291
930019466
930019955
930047013
930080490
930091094
930095866
930373314
930373434
930415372
930472250
930480172
930542951
930570591
930602902
930701575
930724292
930760590
930763651
930791312
930819634
930853588
930866936
930889095
930908548
931022208
931100759
931262606
931267723
931268155
931315516
931363448
931376110
931436394
931455606
931481593
931496961
931509291
931558022
931615760
931852133
931931767
931949185
931986616
932029944
932035446
932056445
932123996
932164409
932228502
932232526
932237190
932253474
932295001
932313879
932359671
932384904
932398879
932413545
932428757
932493906
932498589
932513184
932514422
932552463
932657984
932714909
932829103
932862160
932901988
932925775
932972904
932988604
933010359
933043785
933061213
933134458
933232992
933267468
933298307
933326665
933364743
933405696
933482882
933527787
933537091
933671030
933700393
933718706
933920082
934001999
934150456
934152858
934204039
934221681
934234246
934241560
934271262
934425858
934463532
934526867
934589282
934589690
934649008
934803836
934847445
934885585
934903234
934951884
934991290
935067882
935068058
935080257
935113695
935201713
935328611
935363447
935413965
935448408
935550785
935699194
935791752
935794134
935831473
936073135
936089287
936096092
936178111
936243228
936350759
936435494
936500058
936627862
936651676
936664973
936671733
936788056
937118219
937139414
937190088
937264484
937293182
937377797
937421507
937444377
937461270
937492234
937532019
937556019
937574945
937700860
937733197
937766561
937812012
937887979
937889030
937897789
937964749
937971957
937982998
938058590
938121254
938249997
938258081
938350424
938382550
938498893
938511263
938521216
938591885
938652860
938701219
938872287
938908363
939144444
939192829
939300488
939305076
939392570
939450241
939519727
939523769
939555520
939568484
939625667
939643932
939650133
939919101
939925023
939930694
939977977
940034370
940069675
940279773
940280802
940420844
940433382
940472743
940611258
940616717
940635659
940651715
940670990
940687737
940793322
940849792
940961700
941229576
941252473
941255451
941428283
941532315
941568883
941687880
941759109
941771511
941918093
941959333
941962110
941965393
941968226
941986075
941990036
941999414
942063740
942083083
942093400
942179159
942181386
942209578
942220195
942239886
942267505
942315904
942360706
942370095
942370790
942380664
942381947
942411716
942420360
942447903
942620868
942621620
942647232
942720924
942790520
942837622
942843636
942877965
942980062
943056311
943070517
943348292
943383332
943542530
943611544
943653594
943682033
943711475
943938822
943974945
944022290
944051061
944100966
944330323
944351551
944408605
944418141
944577722
944645264
944647548
944660606
944704969
944745291
944748617
944750310
944851584
945031077
945093600
945121953
945222289
945300683
945308180
945588104
945588111
945599288
945682101
945713300
945716841
945723010
945840675
945841605
946063179
946065059
946079888
946080807
946175157
946182698
946190486
946289096
946381618
946431894
946441608
946459868
946631552
946649750
946691992
946696649
946813246
947301200
947432307
947560324
947620120
947665591
947869594
948055602
948250255
948393700
948449443
948483088
948517717
948669888
948710848
948717060
948871998
948893094
948952133
949031161
949063929
949168084
949282450
949378496
949465577
949483707
949511940
949739002
949830777
949910784
949940174
950047443
950063031
950073368
950115807
950231219
950306063
950404496
950450589
950805457
950840610
950896999
950907964
950932388
950950227
951009689
951035457
951038282
951166661
951229278
951471081
951663906
951800173
952424616
952509353
953336314
953348595
953350689
953933438
954491298
954707701
955017579
955073220
955553629
956645354
957475696
957718572
957767886
957882900
957942770
958083243
958161680
958852522
958855212
958893533
958903536
959038991
959336035
970094192
970102287
970211687
970581077
970682101
970710512
970761637
970763085
970947060
971008582
971336703
971510593
971541011
971771069
971820203
971853999
972088876
972125912
972196061
972321966
972457561
972659006
972742847
972792926
972844222
972875655
973041055
973072120
973121788
973124993
973147085
973151096
973198401
973312487
973334406
973584959
973632056
973927379
973927704
973991208
974113804
974165050
974323523
974715755
974757888
974928833
975103746
975125505
975145333
975258589
975260094
975759975
975886701
976042386
976070582
976328400
976405018
976450838
976511163
976657079
976701089
976711791
976738786
976764545
976926686
976950587
976973337
976982303
977020323
977114248
977203930
977338187
977382008
977475565
977758065
977884885
978019604
978062260
978218118
978220039
978501580
978548900
978767980
979078092
979103539
979119256
979148900
979523737
979899291
979910521
979945743
981107701
981400057
983034321
983113838
983374550
985002600
985616656
987000920
990056656
990060103
990092344
990234793
990297898
990313240
990326910
990344087
990392930
990446504
990524082
990554641
990564690
990586817
990629928
990638189
990664621
990889982
990950468
991047950
991165110
991201136
991334405
991336104
991341189
991468807
991490167
991511705
991601690
991611733
991612123
991667200
991704551
991787306
991810933
991831618
991869289
992021258
992040655
992042729
992069405
992141384
992151105
992161784
992191186
992238177
992245989
992269300
992290240
992422012
992483192
992525208
992604080
992607078
992632564
992720784
992841694
992844892
992878393
992917636
992936304
993040356
993052360
993104841
993118463
993256808
993263938
993348884
993394629
993618628
993687152
993792888
993824836
993943355
994108897
994200240
994297066
994299097
994310881
994346028
994379597
994406915
994449119
994462527
994491117
994652221
994870501
994891798
994947298
995024411
995060099
995113085
995229191
995289058
995302868
995552013
995571047
995666700
995688183
995785099
995812695
995871069
995907361
996004105
996039496
996086487
996212211
996265737
996329688
996559132
996800349
996874131
996885236
997068460
997174988
997184886
997191964
997222082
997233686
997241983
997276806
997283545
997288992
997349204
997440289
997492671
997590577
997690799
997820066
998259801
998279414
998343525
998385087
998554686
998571131
998779593
998790598
998800516
998810520
998854735
998966889
999309894
999456308
999480597
999733675
999801197
999834030
999881952
999895770
