332768187
333158581
333777574
336448686
337055575
500018852
500070015
500553992
505720236
507052765
507512221
551058290
554514590
556012426
557050669
559002741
623774210
623994294
624192285
653323765
662224744
662350212
692100052
692101080
692320451
712428577
712472429
712926244
732534793
755724802
770106761
770120237
770887671
772680288
772704373
772730263
795720133
795931220
880089219
880259398
880272607
881031878
881285252
881637272
881738281
882187782
882338186
882370414
882420070
882506869
882637887
882791166
882876664
882946566
883121174
883132487
883146814
883160343
883512014
883925756
884055430
884116007
884184505
884422717
884598582
884816100
884959592
884960892
885400207
885530453
885763404
885895850
886008616
886124884
886170609
886200065
886250256
886321886
886561441
886654292
886668792
887496655
887680583
888050812
888370088
888655534
888760138
888770182
889140091
889151799
889231794
889348490
889518986
889894009
889910483
889934114
900011476
900096341
900166463
900176263
900427600
900435758
900504041
900702327
900785158
901034146
901074767
901208909
901385196
901429775
901631088
901790466
901804046
902001450
902004632
902069096
902101370
902271311
902282930
902447530
902469411
902605545
902767411
902771393
902792345
902818058
902891529
903017848
903037107
903050299
903073624
903078176
903095216
903131980
903212649
903438772
903448212
903555673
903649963
903651987
903668662
903757553
903758993
903779965
903956511
903976766
904041770
904172588
904197783
904269988
904278419
904281810
904422794
904422864
904438527
904708186
904883006
905074261
905080228
905127217
905149311
905169028
905228490
905240575
905311018
905328710
905408817
905467345
905515940
905541792
905610826
905620372
905645684
905668048
905671700
905705323
905759706
905848434
905860648
905921535
906020417
906064899
906081849
906082583
906113627
906163382
906174789
906292550
906306560
906308295
906328489
906395626
906405751
906451982
906456466
906534901
906672081
906692605
906702511
906754002
907296697
907328221
907332970
907414899
907435005
907460946
907480810
907502666
907556657
907784008
907965454
908333767
908430749
908484280
908517101
908571676
908622860
908725285
908752315
908758120
908758217
908759404
908765990
908777481
908801742
908801784
908804056
908844582
908862623
908913224
908939209
908999215
909033280
909061611
909087646
909267494
910100347
910132338
910331975
910368195
910368389
910437406
910508510
910624010
910634487
910822827
911019134
911041227
911115725
911134054
911180765
911190479
911299391
911395809
911426805
911444881
911526588
911552904
911570307
911593931
911801196
911992683
912000005
912122014
912152172
912182205
912296595
912399988
912451612
912469058
913044132
913066064
913216569
913284322
913559378
913633170
913668424
913678587
913963661
913966081
914033177
914077786
914325325
914423633
914442486
914443294
914455095
914504524
914552422
914582307
914589733
914600180
914626156
914733014
914735080
914759093
914773181
914812201
914827407
914905141
914946949
915067701
915120263
915217785
915248457
915248615
915274978
915458280
915497434
915606564
915740610
915751076
915808990
916006608
916113375
916196971
916351121
916516762
916534682
916568016
916578315
916602481
916633711
916646232
916711110
916721965
916757232
916758763
916828804
916841985
916882573
916944525
917097528
917314401
917318691
917378985
917557011
917731317
917746995
917747564
918100550
918144756
918156832
918215451
918267118
918793544
918814014
919008693
919022254
919085956
919117785
919246329
919539525
919567387
919598312
919636418
919759619
919807270
919883194
919902008
919942825
930370189
930409271
930425090
930498380
930572263
930579989
930635756
930678411
930722825
930860594
930917118
930963411
930972293
930975770
930979968
930982778
931039060
931052173
931062492
931092079
931122092
931136505
931162826
931181462
931208192
931242157
931250315
931262332
931278853
931321174
931337133
931359028
931399088
931434367
931445265
931496227
931520136
931571952
931575761
931578013
931701887
931740206
931852174
931880252
931885334
931912768
931921587
931940836
931967479
931971383
931982252
932022230
932034139
932086025
932202046
932242195
932252122
932268780
932284526
932318396
932318446
932328810
932330883
932341412
932349422
932389097
932404611
932458180
932472345
932506408
932525590
932561109
932610285
932631597
932768871
932800933
932920858
932928786
932939103
933008283
933071881
933087116
933090819
933092960
933109717
933112361
933119091
933122975
933277800
933298179
933340985
933352473
933392197
933428644
933460128
933524882
933546682
933678771
933711781
933724003
933987172
934048517
934051783
934063710
934087996
934129194
934167981
934201691
934211578
934221475
934238388
934243442
934305452
934393385
934420961
934482316
934557017
934566156
934608486
934773887
934786877
934881595
934904229
934935481
934946849
935087350
935157215
935258603
935260303
935296919
935438323
935579908
935582786
935608070
935770719
935833031
935850819
935852982
935903500
935991244
936092569
936127844
936176961
936195502
936270806
936388680
936431550
936468584
936482667
936636610
936639337
936650981
936665372
936679391
936728088
936808968
936952896
937018090
937160939
937175857
937212536
937235447
937311148
937491415
937497750
937527577
937600838
937671280
937702015
937766095
937854115
937867028
937980440
938310681
938324422
938355887
938475554
938552416
938607982
938648881
938660866
938705400
938803818
938950581
939031817
939135020
939248602
939253328
939292199
939431976
939445181
939470087
939519017
939660032
939691114
939747030
939837220
939911793
939995880
939997374
940053158
940084446
940091780
940107502
940151355
940334355
940351553
940412790
940465452
940508508
940551554
940559130
940590060
940611258
940661684
940662885
940668687
940671188
940784840
941025979
941058474
941101535
941138805
941201720
941205181
941210786
941218712
941348507
941404555
941568143
941584438
941593787
941682014
941889111
941920967
941922018
941974078
942030232
942032770
942073181
942151386
942173380
942336181
942343335
942410283
942635588
942746010
942912551
942934774
942985111
943037088
943041073
943054161
943069085
943199183
943221414
943300081
943401424
943430264
943444594
943590282
943693808
943861757
943948646
943992189
944070106
944132030
944165377
944192043
944339605
944426061
944439123
944592958
944740266
944800236
944871990
944890158
944985207
945011695
945019237
945020591
945056187
945260317
945271786
945297060
945312273
945331858
945369232
945387803
945541361
945611181
945723500
945775717
945786666
945820062
945821504
945829101
946110286
946202472
946219500
946314488
946382889
946469092
946471122
946597210
946653020
946674719
946869204
947011612
947226238
947648878
947803969
947841044
947843913
947871162
948062276
948255000
948290799
948342093
948416622
948462272
948759202
948775886
948811784
948869477
948965456
949010853
949071156
949111885
949225055
949348194
949540021
949557911
949700731
949752179
949764742
949986959
950079398
950113858
950189242
950190047
950191603
950224658
950450079
950586864
950841414
950846661
950955797
951270972
951293494
951342485
951636600
951710951
951721360
951808778
951809112
952215120
952222319
952286344
952312012
952551509
953388894
953626796
953703088
953839666
954052887
955048795
955528991
955550663
955552157
955950388
956030589
956312933
956332186
956769191
957052086
957660951
957720919
957725353
957757425
957779242
957879299
957990796
958077812
958550141
958666690
958801580
958870427
958880723
959448886
959499988
970133012
970157210
970166617
970182465
970258891
970304411
970370242
970499906
971347888
971359688
971634363
971718820
971920262
972003707
972123555
972180608
972199146
972271004
972418110
972499496
972902909
973154409
973158527
973421157
973530714
973701201
973730570
973798589
973912290
973932656
973937704
974049449
974066562
974131805
974820868
974821312
974841451
974902222
975067484
975074346
975153338
975168066
975171756
975178875
975220426
975322031
975358693
975428807
975432354
975604049
975665515
975729691
975740550
975817876
975864545
975870780
975909900
976019692
976175494
976220223
976248387
976338690
976348044
976353551
976420828
976428784
976677008
977007502
977009720
977161951
977203338
977309133
977391069
977878748
977937697
977965666
977998095
978080149
978112255
978330548
978386373
978472058
978632282
978706162
978961004
979082311
979141392
979152700
979501308
979511290
979523405
979979411
979990523
980007810
981708281
982731933
982758076
983023225
983035854
983600309
989990507
990043102
990094933
990202735
990214982
990219117
990236970
990268018
990316278
990504818
990568708
990597071
990600479
990652250
990676472
990681387
990696925
990820909
990882616
990937075
990956040
990982324
990985784
991009935
991090165
991111179
991226820
991227461
991232357
991267657
991270662
991429122
991446562
991511852
991626384
991680181
991720764
991868292
991914385
991933771
991951059
991955888
992066584
992102493
992183491
992270127
992438908
992462367
992486000
992598801
992723595
992837287
992871393
992873231
992917476
992951060
993055868
993067793
993095133
993118667
993130387
993132625
993191498
993205187
993217011
993244484
993270495
993279085
993362014
993451849
993552063
993571661
993622474
993673132
993904135
993975525
994151634
994155572
994188710
994276974
994303011
994303633
994325583
994341671
994455748
994733785
994760765
994762038
994785686
994857885
994879488
994887484
995062333
995202284
995468894
995554600
995608645
995627786
995766322
995871685
996000474
996081981
996089221
996110782
996112696
996176533
996216210
996302093
996310068
996608676
996621771
996695206
996703538
996716258
996860172
996998855
997050023
997195267
997217557
997511075
997536565
997738561
997739908
998001119
998032115
998036941
998265274
998284471
998294118
998373615
998375921
998426959
998451716
998576247
998912909
998961775
998971577
999136770
999161313
999165600
999193336
999195695
999593997
999646462
999665038
999720481
999802266
999994824
