331530970
331549099
332272732
500016117
500544528
500791985
500795029
501032057
501094170
505038263
505804542
554524231
556510686
557047385
696525551
712183899
712285913
712580854
712783810
770145587
770191686
770670702
770675770
772880899
774777989
778772989
792102136
880072163
881620260
881780011
881990696
882172313
882381600
882864212
883272121
883440706
883640078
883928086
883982923
884081774
884520071
884912608
885002884
885098080
886390973
887032729
888030828
888405214
889180383
889620161
889921081
900121364
900179897
900405908
900715909
900741255
901030830
901603113
901653070
901707508
902255950
902441259
902468895
902488801
902685994
902690773
902769711
902884764
902939004
903071057
903236331
903419332
903538000
903601165
903637686
903758791
904057682
904065935
904171784
904187588
904280014
904605950
904745151
904928626
905120762
905158839
905401805
905406162
905441778
905641210
905710078
905836403
905880585
905898262
905944305
905956562
906152079
906282580
906486265
906738115
906748660
906850580
906978991
907070958
907255732
907297905
907470343
907838186
907844505
907909690
907911482
908121129
908180693
908403340
908421769
908534494
908640508
908674399
908912054
910212184
910344724
910358652
910576004
910751557
911066693
911067720
911136111
911248691
911378438
911380731
911384123
911435575
911480142
911521407
911709643
911811487
912012059
912131114
912216299
912253076
912257379
912410127
912475523
912630196
912665140
912849679
913011230
913171591
913240587
913410841
913442686
913491887
913540767
913782518
914237331
914459321
914605374
914616955
914740664
914892304
914935784
915051509
915238183
915275992
915638038
915638579
915756212
916043488
916078658
916365329
916513536
916568424
916660598
916703085
916707976
916725007
916743608
916747644
916935377
917103091
917111336
918330317
918823668
919010700
919062692
919076507
919510148
919533667
919573838
919595757
919671684
919929192
919977755
930065363
930067383
930412921
930646878
930653483
930711834
930825000
930874189
930902492
930923437
931046272
931072000
931136774
931203185
931224441
931227776
931363403
931379521
931479629
931500565
931505283
931529526
931741331
931933938
931937111
931954206
932014211
932021193
932151982
932241554
932311957
932315685
932592301
932704570
932728589
932771634
932775764
933170378
933305427
933436831
933496169
933522260
933564640
933587169
933654188
933765456
933851689
934317680
934331553
934387877
934392101
934394569
934466825
934611062
934727106
934780013
934834773
934953205
935011145
935032947
935090829
935140315
935294347
935393679
935442274
935679640
935705211
936173189
936407315
936506460
936519015
936688385
936748640
937104740
937151636
937256649
937302182
937344487
937463883
937517468
937527555
937559335
937773004
937914484
938002181
938627177
938827030
938919596
939231308
939340844
939415903
939437237
939461691
939550169
939950329
939956119
939979490
939991173
940062481
940074488
940142374
940661553
940868886
940961756
940990484
941054789
941181000
941331675
941341498
941500795
941508544
941711519
941723521
941825902
942034088
942046111
942078581
942182112
942469820
942564020
942648215
942765000
942999593
943002955
943222408
943332953
943376730
943388152
943440923
943670666
944016980
944118855
944181564
944392011
944495579
944561510
944760656
944779544
944783702
944888690
944924570
945251178
945264969
945632912
945683261
945760641
945841281
945872328
945980114
946006043
946180052
946322260
946442724
946455919
946578706
947542413
947626408
947844380
948155772
948893334
949141288
949201122
949307176
949445970
949912087
949931078
949951178
949989915
950097709
950155000
950189377
950202028
950452065
950690838
950841656
950972098
951226522
951650141
951929197
953340201
953772472
954479555
956705571
957775018
958071310
958221402
958662496
958992269
959303732
959550730
970188400
970709768
971099198
971590441
971693031
972007233
972227413
972891910
972902720
973550448
973651971
973799805
973881600
973965577
974575054
974810081
975022954
975092018
975171327
975371985
975519320
976070795
976184020
976343435
976520265
976580191
976973337
977031654
977184141
977424255
977639498
977744024
978069795
978088802
978336156
978477454
979808477
979987868
983312434
990279929
990428074
990508634
990512089
990545039
990619123
990696063
990699286
990815887
990877883
991032951
991121753
991190787
991244926
991267469
991272213
991444302
991508736
991523557
991612483
991761892
991869096
992260925
992661818
993015674
993041970
993463038
993713920
993937464
994009681
994253306
994368433
994917801
995008534
995026123
995202374
995228658
995850785
996018090
996058256
996073387
996099589
996100555
996227141
996321071
996525455
996580420
996629956
996702057
996727508
996757545
996848137
996890987
997012471
997080397
997082762
997139812
997171095
997356201
997788282
997901792
997944587
998006133
998431953
998708589
998976785
998992612
999045112
999312333
999321429
999423089
999578404
999601511
999621993
999690671
999839960
999880774
999925759
