330013377
330023441
330200202
330641236
331018892
331251075
331948585
332070802
332120266
333400787
335234893
336301230
336645050
338600484
339067633
500057872
500065556
500069880
500080703
500544556
500744069
500757343
501031672
501047798
501096676
501097376
502211250
503029515
505023280
505028885
505038612
505052201
505511721
505521741
505521808
505721722
505730412
505734404
507055666
507125161
554030949
554057889
554513036
555010799
557034581
557044727
612239878
614166248
623778664
652255058
655243926
662222240
692250708
696533584
707230355
707235218
712350151
712579875
712656794
712789982
724322424
724922188
732375147
732539113
762244360
763351732
770017672
770072806
770117271
770182930
770322029
770487679
770620151
770670911
770720761
770747504
770855250
770896969
770902587
772552272
772553171
772571084
772665653
772701330
772785277
774005711
792232126
880172191
880217172
880250166
880358789
880369616
880598814
881000682
881011104
881060085
881117796
881169404
881210514
881250160
881270791
881332008
881428286
881451424
881523595
881532788
881556667
881640330
881730244
881745455
881804008
881828558
882022907
882048282
882288116
882318120
882382808
882461949
883005697
883041993
883055151
883066268
883113543
883132728
883171767
883221304
883264326
883269608
883334355
883401971
883505775
883698288
883820880
883838226
883850930
883862519
883900204
883911963
883962528
883971804
884053079
884119097
884267696
884359390
884510343
884682606
884931656
884978887
884979495
885093222
885148606
885509686
885539600
885648283
885649933
885780815
885832526
885833993
885970718
886003950
886111283
886138303
886200048
886280260
886314989
886325515
886490809
886527505
886577274
886621006
886704063
886754808
886782109
887003686
887030396
887041616
887070204
887076532
887094414
887439097
887535559
887662466
887800105
887917776
887936699
888050929
888076469
888283198
888336973
888385775
888418791
888478171
888500383
888505039
888580182
888657080
888686807
888700787
888720805
888901191
889041959
889070127
889089424
889109291
889252325
889262232
889281878
889537414
889538185
889633939
889768777
889890043
900160274
900194058
900208998
900210595
900241225
900330655
900380271
900418107
900440122
900446593
900475548
900524290
900564483
900582262
900592834
900601408
900603560
900629984
900701999
900716071
900738363
900751605
900755053
900821558
900830364
900947424
901020542
901206167
901206379
901211412
901215411
901219489
901220465
901260271
901301207
901358188
901410692
901507946
901508077
901517075
901521018
901560664
901631208
901634749
901645242
901647213
901647785
901658909
901727295
901811971
902000873
902031858
902041812
902090829
902106465
902186380
902197922
902203937
902208810
902241993
902248508
902292520
902301958
902315458
902329016
902330612
902341686
902380395
902449810
902471597
902498775
902611969
902668535
902668932
902721200
902722304
902771654
902776831
902792721
902880187
902918724
902922877
902971153
903005864
903060989
903074291
903111282
903221941
903237671
903279038
903338571
903419287
903440122
903598800
903635159
903649398
903790686
904001185
904016126
904027782
904033064
904057707
904060666
904114345
904130475
904148084
904166698
904176484
904181418
904200547
904314225
904401291
904435548
904542789
904543354
904644384
904650260
904652725
904660894
904742763
904749960
904777274
904886537
904999204
905026779
905057584
905069595
905081645
905087934
905091098
905126517
905132016
905150145
905152262
905158625
905174487
905181293
905183203
905294648
905307285
905328183
905335764
905349074
905353150
905357703
905359910
905373906
905380525
905393251
905413062
905461225
905481454
905588565
905618182
905634145
905649377
905668200
905673604
905675186
905763744
905791197
905810952
905813423
905822651
905825831
905829486
905834698
905857865
905882085
905905184
905990273
906020134
906025533
906053198
906065733
906069624
906075457
906118229
906126687
906151812
906172316
906215055
906222315
906260706
906269432
906273580
906276768
906298422
906308661
906333578
906337924
906362337
906367171
906405818
906408777
906420010
906459445
906459534
906520551
906620994
906686909
906696535
906700614
906721848
906753022
906900740
906910119
906921902
907040459
907068979
907089692
907106025
907158728
907168578
907214021
907215525
907233595
907332526
907333366
907379490
907380657
907425762
907445055
907448788
907565604
907568793
907687170
907701287
907747868
907754841
907758195
907783690
907792350
907803558
907807375
907808007
907830958
907838483
907865101
907910781
908108052
908201325
908204191
908338454
908380131
908390485
908392006
908511716
908513833
908525585
908579006
908581356
908620226
908630002
908633375
908636110
908652277
908672306
908688179
908705825
908742353
908744088
908752732
908754556
908762421
908768761
908794887
908842968
908851948
908891986
908895048
908923938
908926335
908961152
908985405
908986671
909058482
909091895
909141883
909174593
909212342
909296157
909395215
909466728
909513264
909538789
909641944
909712917
909728623
909766144
909910516
909973020
909984133
909992295
910052199
910107780
910181989
910200181
910212723
910252361
910254575
910321150
910341013
910356072
910406061
910525450
910647047
910715229
910716696
910735340
910749552
910822359
910840347
911061683
911068587
911082198
911094384
911125091
911141737
911169821
911175727
911201433
911253342
911294911
911376637
911394959
911459001
911512899
911542115
911581035
911712209
911757809
911759190
911906263
911920215
911936010
911936979
911978606
912040559
912055307
912138278
912152468
912157690
912190774
912203640
912216689
912244321
912248406
912253633
912294692
912320268
912320490
912341299
912357093
912464696
912558611
912632546
912652995
912804305
912834490
912924101
912937181
912939620
912960203
912981885
912998919
913014742
913050950
913173250
913177279
913215181
913257273
913291838
913413313
913475949
913492930
913520530
913530987
913576710
913702623
913732575
913743312
913821797
913856147
913921964
913965291
913984919
914026443
914031973
914045616
914080807
914279192
914341014
914415678
914432771
914453818
914458131
914484723
914517983
914537177
914549826
914554722
914562728
914650442
914901287
914941943
914990610
915004002
915043482
915109389
915132091
915175458
915228084
915228488
915258323
915281512
915300636
915301303
915345152
915440474
915455292
915463717
915496475
915556564
915577310
915581821
915606373
915609737
915631354
915637959
915743305
915783238
915793606
915804313
915810677
915820580
915854565
915869693
915878703
915878982
915888601
915997274
916001287
916006645
916041860
916050063
916058101
916068492
916077724
916116693
916131018
916285805
916330340
916339836
916363949
916384704
916386690
916387049
916397948
916477801
916543876
916571138
916628110
916661373
916679779
916692070
916711130
916781641
916868859
916878611
916884734
916891787
916900519
916929367
916981514
917108386
917130084
917138812
917177286
917313092
917316282
917335727
917344401
917345054
917351549
917371455
917379559
917386405
917403125
917577888
917759482
917776723
917820859
917889044
917962949
918122289
918135615
918157585
918206562
918296729
918447517
918570298
918755802
918787079
918796159
918910914
919002478
919007930
919022696
919036300
919110677
919113079
919257286
919260033
919474077
919474527
919498284
919506832
919530017
919530486
919552748
919567520
919573588
919618984
919656640
919690484
919691644
919722182
919777750
919898587
930008904
930013818
930051848
930058118
930068538
930084790
930087697
930358469
930363688
930371798
930378882
930439210
930445828
930493000
930496449
930514255
930515374
930548586
930576210
930623740
930640182
930662414
930690684
930732721
930735894
930757385
930769458
930807813
930811270
930815363
930830145
930836642
930839211
930855992
930858273
930862315
930864123
930871709
930872083
930873830
930902093
930903515
930906030
930923583
930950448
930955184
930960180
930974333
930984424
930988810
931004221
931011196
931030252
931052286
931087080
931094995
931104004
931105264
931163597
931220112
931222388
931225110
931277478
931308903
931321177
931369108
931398386
931434304
931444407
931445853
931477495
931480076
931492159
931525619
931615308
931622999
931630520
931636324
931762272
931792490
931875330
931876085
931910695
931910963
931923534
931926108
931926608
931966220
932001644
932007955
932019798
932021492
932068066
932072333
932101458
932128084
932140252
932190563
932200558
932202066
932207076
932212652
932220251
932221480
932235410
932239773
932240575
932248508
932281412
932335507
932350218
932355300
932380313
932385868
932391466
932418986
932438897
932445806
932470051
932484633
932521460
932528033
932643959
932651945
932678508
932680485
932696906
932737986
932777914
932811420
932854221
932870827
932903262
932907557
932908629
932922258
932922400
932938588
932968529
932995772
933007407
933018887
933026396
933030400
933051611
933053420
933056015
933057307
933057930
933103216
933108664
933111617
933122420
933132925
933184620
933188618
933203474
933209411
933255704
933259455
933270040
933285141
933298002
933331568
933341689
933379505
933380538
933386105
933388162
933400758
933406052
933406801
933418283
933447719
933480323
933488717
933518182
933523924
933552317
933558833
933586851
933591879
933701485
933703464
933718885
933781226
933820415
933921179
933977726
934013017
934035820
934038218
934059663
934081150
934125377
934130903
934141389
934212173
934212507
934214565
934226700
934242911
934249269
934250528
934338717
934348845
934352794
934376913
934384277
934408430
934421402
934428880
934430754
934434357
934437310
934447785
934454561
934458792
934469293
934470615
934500560
934510055
934541183
934541466
934577693
934598112
934613344
934618388
934631191
934639277
934680360
934711273
934751800
934762783
934807986
934822227
934905604
934916077
934925760
934990861
935035167
935116169
935129499
935149141
935188528
935203336
935271108
935294274
935295922
935339917
935367280
935404717
935410862
935429908
935465009
935472702
935477050
935580709
935651474
935654430
935661598
935681789
935825155
935870663
935894636
935943456
935949221
935951613
935977130
935982767
935990882
935993012
936005195
936041281
936043366
936066419
936228079
936252402
936285268
936285922
936331356
936359543
936405660
936437362
936501014
936515266
936561307
936581262
936604774
936622986
936636149
936641966
936659655
936671985
936722083
936724935
936755564
936756163
936824443
936850514
936867238
936962057
936977800
937015921
937020108
937032182
937130926
937138177
937150344
937154058
937163187
937194540
937228691
937257978
937319825
937378097
937390076
937415758
937514208
937517626
937548266
937557112
937565351
937610702
937612178
937617795
937660109
937728668
937815557
937848321
937868382
937887107
937906898
937909010
937932878
938108058
938165606
938227676
938242129
938251785
938279315
938313883
938318292
938330778
938335445
938451279
938457848
938485969
938523433
938637177
938650897
938656707
938750129
938807719
938830567
938867887
938883896
938884992
938964401
939048691
939048895
939067375
939090506
939092860
939094489
939112233
939258846
939317719
939351986
939354943
939357898
939358228
939376102
939517003
939544508
939554563
939567991
939655022
939701939
939750124
939772420
939792912
939821676
939865957
939901079
939916410
939948037
939972776
940005384
940016412
940022904
940109075
940198775
940232923
940307112
940328812
940341363
940361674
940363642
940409399
940418108
940450200
940459009
940485003
940488185
940517507
940541317
940557701
940597177
940750966
940862478
940986798
941004631
941056008
941087847
941088391
941111192
941208893
941234408
941241685
941267277
941273500
941308588
941330902
941413093
941441131
941449022
941449939
941458211
941486763
941511489
941512704
941517484
941522181
941546968
941632421
941688141
941780264
941785787
941818175
941820292
941871505
941878507
941919979
941942360
941978866
941980064
941987447
941994448
942023992
942048778
942069151
942080949
942089979
942166050
942207022
942213665
942252855
942273800
942276575
942277554
942281754
942289774
942360201
942364646
942394055
942417576
942461147
942511225
942532495
942535760
942581378
942658822
942746486
942770873
942800949
942884793
942930206
942941051
942945101
942990713
943009115
943018614
943062377
943102556
943210425
943321170
943322854
943340461
943341223
943354335
943367303
943401982
943439315
943575747
943576085
943581686
943601782
943627577
943690570
943818573
943970587
944046233
944103468
944120168
944131790
944138410
944182701
944204246
944268807
944358586
944401186
944412202
944448000
944452864
944468303
944542487
944546610
944563093
944691800
944731990
944830584
945052424
945066626
945070378
945132888
945147416
945191020
945200931
945212138
945228102
945261881
945270705
945310460
945362058
945390637
945450497
945450568
945464407
945571580
945644490
945676695
945719797
945722709
945758602
945769258
945775752
945816063
945821418
945832305
945995799
946023600
946068969
946069680
946144122
946416903
946429878
946574782
946621486
946670988
946735092
946749295
946793200
946840688
946848560
946849388
946881133
946890309
946984941
947087525
947192160
947216688
947221315
947222006
947241429
947269805
947277179
947348984
947377436
947507795
947553709
947555517
947601987
947710906
947733735
947761504
947851428
947862050
947871165
947878755
947891419
947910528
947969313
947983877
948011846
948020885
948024464
948071304
948077337
948078424
948108008
948110357
948272958
948277509
948324577
948337803
948449760
948507619
948520012
948646202
948694402
948758601
948849984
948891027
948960290
948961689
949020221
949287222
949372846
949372937
949411110
949440047
949449948
949486633
949487607
949571787
949739807
949744772
949775547
949788160
949906911
949910858
949920945
950021167
950027201
950032816
950054018
950088773
950121686
950138613
950144063
950222782
950270047
950302405
950334318
950377735
950452522
950502956
950517155
950564464
950564547
950571994
950573154
950581323
950635502
950640040
950643073
950708626
950719555
950761403
950767480
950801123
950907858
950910071
951023763
951045854
951046919
951213525
951251030
951351820
951358381
951368686
951500385
951561957
951598994
952109494
952200201
952230116
952282622
952301968
952552865
953369414
953440107
953505026
953662628
953704336
954051197
954307909
954344045
954558557
954642929
955451441
955538480
955553581
955559172
955577307
955708086
955779803
955952579
956263126
956280809
956310516
956462023
956637379
956674449
956691078
956725510
956730676
956764475
957070987
957175756
957500782
957555171
957665466
957790991
958010209
958050086
958070490
958100949
958202179
958850793
958980561
958996323
958998855
959099085
959377175
959678580
959894868
970065533
970173191
970178792
970208300
970306645
970344848
970451030
970467546
970760625
970867772
970927671
970942090
971001429
971067878
971130422
971142363
971234727
971311205
971916111
971941225
971981269
971997961
972031300
972039099
972078281
972108904
972241677
972242966
972296429
972457976
972492678
972501700
972513039
972555187
972609086
972726515
972737470
972743027
972766426
972781209
972831380
972856525
972873171
972943090
972944290
973012415
973023948
973066127
973105006
973118185
973131858
973170390
973189963
973251881
973280991
973298276
973300672
973349171
973353323
973394878
973400846
973470203
973543011
973735057
973740882
973833391
973860083
973862666
973899561
973903203
973908292
973975533
973983085
973989208
973997686
974218222
974280877
974520008
974562670
974791962
974831566
974838687
975016169
975050488
975194973
975244589
975274414
975303130
975320199
975340112
975358941
975430765
975444391
975483505
975509113
975515079
975522300
975577212
975651982
975800175
975990535
976020501
976056838
976093730
976192150
976268282
976294442
976340980
976352444
976370320
976419295
976666476
976737113
976738690
976779211
976875739
976909221
976924244
976997769
977019776
977041109
977081407
977357672
977390350
977405405
977439693
977525422
977528186
977546082
977683836
977699878
977707246
977718486
977767780
977805856
977807674
977954743
977973406
978019006
978036662
978050668
978062260
978073054
978074742
978098680
978240913
978307570
978330318
978389505
978398995
978455075
978463101
978490919
978559660
978731985
978762109
978781315
978810546
978881331
978918531
979011375
979028000
979071990
979098701
979112689
979171990
979180193
979221502
979254537
979292659
979321171
979321811
979332882
979345677
979442804
979523438
979523983
979544585
979699399
979738191
979913663
979950528
979970370
979986227
980101987
980777665
981270761
981412520
981700061
983001481
983113731
983147357
987713555
987773782
987785555
990032126
990071540
990092284
990158881
990167090
990186772
990188860
990225333
990263677
990274741
990292107
990324478
990347307
990425157
990428632
990430807
990465814
990539575
990541689
990561102
990577475
990607585
990633057
990638956
990641084
990644708
990659392
990664916
990710069
990724364
990743884
990752670
990756119
990803980
990835825
990915487
990946904
990964035
990964171
991044676
991066243
991128408
991131231
991166957
991188348
991199489
991207930
991221887
991255309
991276828
991281117
991354793
991356898
991473844
991475877
991499323
991507869
991528895
991542261
991592266
991669217
991670005
991698714
991708731
991792058
991853998
991862285
991886645
991948378
991959721
991964695
991978191
992021456
992023186
992095287
992151720
992206186
992217071
992222813
992225153
992240887
992245726
992280343
992333774
992351951
992479464
992515859
992524209
992556424
992580740
992615915
992696979
992725245
992785053
992819825
992830715
992841204
992851084
992851682
992860883
992897773
992939606
992981110
992992023
993051690
993080778
993098779
993179021
993201749
993314107
993316019
993319084
993323464
993327894
993374550
993435809
993461923
993464177
993529479
993549051
993592306
993642186
993670076
993690558
993710273
993732206
993744552
993796771
993810755
993812875
993834486
993851415
993854882
993862812
993866381
993910777
993946492
993964064
993971714
994068382
994069293
994080206
994090997
994139497
994188578
994193188
994205838
994223010
994224027
994227873
994247379
994316117
994316450
994350910
994418591
994424813
994453390
994487979
994505171
994512724
994535166
994582724
994610284
994628741
994641562
994648286
994667145
994700409
994706644
994715035
994790358
994794109
994795761
994897327
994924981
994930085
995026417
995050358
995080552
995092889
995114705
995130774
995133413
995150061
995189392
995201278
995247727
995248905
995266159
995273213
995294618
995410037
995421937
995476956
995484974
995488803
995583166
995592012
995593988
995624947
995625581
995704287
995708757
995728503
995760939
995818498
995851500
995929890
995940190
995966689
995989039
995995109
996019097
996050620
996051376
996061583
996092951
996233204
996243624
996250611
996267052
996296329
996302420
996308800
996359464
996360366
996370250
996401655
996409434
996443999
996458566
996501284
996504843
996554885
996556573
996601543
996666540
996672927
996691249
996703482
996727291
996751166
996786768
996788125
996795281
996834406
996851778
996901458
997013416
997013513
997023066
997029103
997047221
997047540
997082010
997122197
997123037
997123636
997195779
997228464
997233686
997238888
997251983
997265882
997352444
997367707
997371883
997372000
997398767
997413293
997428190
997431455
997433737
997481388
997487021
997541329
997576769
997589404
997632588
997675056
997685450
997700140
997729862
997735666
997748785
997752620
997778345
997798012
997820996
997858596
997945097
998029028
998141995
998322885
998408940
998412502
998459034
998471790
998531957
998547718
998579357
998591261
998618992
998674613
998681410
998722783
998750785
998808615
998870284
998934069
998965435
998968365
999002999
999010862
999060619
999188110
999290418
999370036
999408176
999457781
999493914
999510002
999548408
999573287
999636385
999639561
999647560
999667648
999698782
999703073
999770257
999807758
999824668
999883000
999905579
