331110031
500037415
500050741
500530602
500532014
500533468
500755174
505019328
505033014
505033639
505033990
505510035
505522819
505710172
505795012
507062192
507122016
507191575
507213300
507247876
552518491
552528189
555191545
556031282
558011155
558037078
655037217
707230277
712442437
712442550
712507070
712654752
712818230
712970172
712989880
722266477
770007877
770061352
770212557
770422737
770551957
770670898
770840420
770948783
771003013
772718681
777096929
778781215
880868778
881062242
881520977
881681878
881721288
882004907
882233036
882340773
882687222
882727330
882773176
882859009
882899922
882993770
883029991
883050717
883057814
883133830
883400580
883511414
883770712
883888865
883890540
884069686
884230491
884737880
884818186
884827107
885001165
885099391
885270706
885475152
885532355
885592959
885622426
885782595
885799094
885922656
885950498
885951287
886177988
886521718
886630343
886658488
886660790
886774877
886806064
886861680
887431333
888007031
888078006
888102393
888308680
889049294
889208386
889300355
889305268
889512112
889710882
889721966
889811887
889971411
889988222
900110704
900138200
900239603
900377389
900502068
900553428
900572170
900685768
900709787
900753390
900762738
901014522
901041007
901201664
901218202
901271978
901371550
901424161
901441528
901509181
901575344
901628981
901666233
901730167
901782508
901921545
901949049
901956203
901978007
902026563
902066362
902208213
902261677
902324549
902328738
902412818
902445933
902540790
902573638
902651993
902827232
902854287
902855854
902899017
902936611
902966101
903006055
903007582
903081273
903111300
903114636
903274033
903363262
903439645
903579524
903618358
903630701
903713941
903776299
903825755
903951949
903993910
904074439
904292770
904447600
904492429
904608207
904718194
904961018
905022505
905062513
905071694
905141899
905221663
905317989
905338413
905350563
905354546
905360110
905499383
905660224
905748703
905839545
905849202
905865263
906029969
906150971
906210509
906270533
906275009
906281965
906330793
906417674
906595451
906678848
906772961
906910112
907095752
907127516
907157468
907244662
907262601
907339921
907378477
907408898
907423785
907458292
907487198
907525799
907581355
907602234
907640690
907778180
907781995
908160756
908289858
908322075
908352907
908396962
908524767
908606326
908649097
908686905
908692682
908706321
908798519
908847369
908929697
908978382
908990632
909019300
909083576
909398874
909539980
909600102
909619111
909708287
910252015
910281108
910286002
910330879
910406191
910409923
910465631
910547121
910552118
910744705
910809646
910809855
910910022
911091049
911128242
911192394
911328880
911381762
911394523
911445414
911464782
911501865
911516710
912014886
912070253
912140018
912159694
912200776
912211731
912280181
912312339
912338110
912339933
912727403
912815158
912821703
912847276
912884415
912946801
912976889
913004585
913022401
913286108
913443661
913727703
913806106
913872069
914011670
914027171
914036657
914137734
914194758
914297068
914321776
914411764
914536731
914672530
914721204
914737490
914777596
914809905
914827420
914835688
914841860
914991205
915105951
915126367
915145545
915187572
915200054
915280481
915297360
915363353
915398973
915450497
915552458
915556409
915564996
915567966
915661725
915761389
915813289
915821910
915888581
915991509
916021157
916052008
916093046
916104491
916308885
916323772
916357125
916446383
916452211
916463379
916466454
916486837
916514660
916563732
916565162
916604259
916661604
916670494
916721532
916813688
916824145
916914228
916940819
916983832
917179330
917193581
917199397
917318089
917322102
917400734
917725887
917838508
918113954
918127800
918129306
918143668
918222305
918281783
918333539
919023496
919025611
919032608
919070993
919223597
919631660
919670495
919708091
930085864
930353673
930366720
930412005
930425279
930457684
930466215
930468516
930475928
930534546
930567023
930573065
930629108
930631614
930698331
930752312
930763510
930790941
930856013
930964073
931007351
931013985
931038691
931042820
931101081
931125789
931199847
931206445
931216591
931222593
931308816
931320989
931441372
931478440
931580561
931672528
931795077
931853455
931856908
931941983
931988891
932022561
932116992
932203703
932224849
932225152
932253193
932307715
932311478
932326720
932328081
932368812
932374784
932391908
932402840
932408473
932416225
932450529
932494548
932536267
932552502
932563484
932592629
932659590
932662268
932764408
932851772
932873710
932908087
933068610
933088110
933098808
933103178
933152426
933241057
933270459
933270763
933290185
933295863
933400943
933464243
933506141
933518407
933557656
933593461
933671702
933911987
933926667
934050285
934075961
934136507
934189510
934191311
934196989
934249676
934302261
934312887
934401241
934410144
934574724
934628724
934741219
934762589
934804267
934822179
934915787
934938728
935031297
935042266
935092813
935280893
935353656
935377417
935398177
935513332
935658732
935700627
935701422
935701912
935717728
935745292
935776888
935842728
935961214
935980261
936047478
936201151
936257888
936268197
936324408
936324477
936478155
936498902
936549126
936629293
936665939
936669094
936700263
936759287
936780983
936822029
936862283
936895303
936901817
937021797
937035301
937073301
937123532
937133090
937148787
937210182
937223944
937239319
937268363
937325958
937521572
937546052
937552967
937565784
937574727
937582185
937621785
937631894
937685456
937761587
937784211
937842661
937877987
937942800
938083704
938101689
938120261
938178684
938181701
938341411
938451341
938483138
938484262
938890739
938892683
938992888
939015350
939046676
939074807
939119184
939148102
939308681
939329200
939409994
939429218
939462028
939499293
939643932
939650052
939690313
939754947
939881586
940032808
940070083
940107242
940142536
940202370
940254005
940254347
940335852
940352332
940355581
940391981
940404146
940428489
940438988
940461419
940534845
940706166
940711044
940765585
941011235
941027339
941205753
941261893
941281584
941399105
941400145
941419903
941559868
941600927
941760023
941800583
942011615
942065005
942135183
942140111
942196109
942211009
942211976
942258177
942271970
942380211
942671580
942982922
942992487
943059525
943068688
943130126
943337320
943380733
943565256
943607017
943632787
943650092
943711475
943882326
943893439
943979939
944001354
944087558
944275060
944322114
944341887
944391491
944446305
944540408
944552785
944604781
944701364
944867819
944881957
944885850
944912618
944952394
944970205
945012389
945050500
945088861
945111519
945137711
945179032
945237694
945482596
945555829
945634707
945636332
945718169
945909497
946064476
946362683
946461571
946470190
946476977
946500861
946541958
946640023
946651521
946659587
946680504
946716535
946797272
946825078
946924655
947077582
947158120
947225974
947230280
947299420
947368587
947397177
947521892
947582308
947697733
947723107
947847519
948238610
948286009
948311960
948501188
948673222
948679966
948913222
949002985
949027227
949071650
949244553
949301085
949371773
949766122
949768785
949912808
949926711
949940222
949973017
950571207
950836077
950847608
951521144
951558689
951561600
951660411
951828894
952259190
952273818
952302530
952520605
953327477
953370327
953374342
953604606
953770463
954127222
954142524
954460604
955010530
955254166
955302197
955558597
956090100
956709771
957759105
957780024
957808458
958033933
958056585
958800022
959031260
959605599
959797515
970008484
970437300
970454474
970500407
970500681
970710166
970724045
971169014
971542555
971728790
971998137
972199308
972223251
972227150
972246259
972303996
972340453
972378788
972393113
972420212
972480809
972883272
972935325
972940506
973142588
973159910
973185753
973368286
973430177
973454135
973660051
973852542
973860698
973930098
973974904
974185456
974331279
974402401
974405083
974442340
974540887
974570974
974642455
974753636
975220354
975329697
975491199
975595458
975729172
975765776
975772258
975884358
975980710
976065457
976170440
976244008
976310083
976323093
976348089
976365657
976439599
976729690
976730151
976913117
977115803
977190079
977201251
977227989
977380875
977454457
977653774
977716200
977841099
978018020
978080694
978440502
978951978
979002290
979010785
979068005
979177515
979212223
979232629
979272529
979344323
979352282
979404738
979421278
979534480
979550377
979803285
980700005
982001612
982713555
983031884
983607161
985001591
987002015
990048487
990157153
990250590
990388349
990398582
990419997
990466266
990516434
990602298
990633089
990638304
990833852
990851383
990935044
990976087
990980659
990984779
991148492
991182171
991214183
991224702
991237288
991253818
991270275
991284610
991299037
991334198
991385840
991415887
991545858
991603227
991607383
991643242
991700309
991744551
991816866
991886880
991901005
991907609
992097170
992104087
992119500
992135859
992301853
992335566
992407686
992409433
992410477
992436432
992488174
992540688
992608006
992640156
992703510
992764188
992860703
992869818
992870687
992939590
992975978
993033359
993043056
993132594
993198380
993359982
993362023
993399499
993433829
993511207
993575491
993640685
993654018
993688780
993741612
993848418
993865287
993922379
993936841
994041052
994215254
994378834
994380957
994392285
994426842
994475806
994497601
994635881
994639479
994775928
994876509
994909390
995081393
995135757
995154791
995282614
995340280
995365454
995414188
995465842
995584630
995590030
995622601
995701614
995900060
995936635
996077799
996116924
996193134
996195770
996200304
996331728
996360909
996478125
996479998
996490786
996623648
996650423
996675677
996701723
996739886
996878393
996955719
997004875
997027131
997134070
997152920
997197067
997261064
997346757
997433948
997506981
997527839
997548226
997555459
997557286
997840984
997960916
997963832
998045566
998188428
998305562
998498300
998613351
998621021
998761780
999096144
999158510
999228282
999306474
999353297
999400301
999551871
999645702
999667023
999795528
999850508
999983982
