330801290
334001060
335710381
500095803
500712105
500716970
501036039
502215886
503014696
503017884
505022712
505080724
505806407
558013445
558039538
559019419
662314173
706026133
712153280
712419929
712580739
712583178
712913146
755223730
770019796
770100510
770250755
770501516
770833174
771020195
772660486
880336292
880398689
880723601
880752406
881098887
881372767
881401210
881742727
882068922
882300696
882413444
882438187
882448487
882563836
882964243
882972112
883001401
883050710
883096639
883120898
883142212
883272027
883338484
883530390
883703731
883805705
883831951
883903089
883911281
884116676
884662112
884748287
884756162
884961956
885345575
885564554
886000321
886331523
886343007
886367606
886388330
886574445
887510383
887538585
887989404
888021685
888061061
888090149
888247674
888400409
888423868
888461105
889005959
889050450
889070502
889118491
889226724
889256264
889300015
889337129
889533492
900078199
900168560
900502014
900550951
900581302
900680121
900766258
900827214
901124255
901304587
901361066
901371990
901419195
901516662
901519216
901624990
901625770
901649603
901667372
901886365
902244495
902448985
902576307
902602571
902610928
902652110
902668300
902678487
902702489
902931464
902945978
902949382
903036260
903100048
903171298
903501625
903665019
903666177
903820312
903861212
904064130
904113282
904118656
904277289
904278647
904319094
904451160
904484833
904501216
904701966
904777558
904911104
905112909
905198007
905248218
905307897
905340458
905415806
905438117
905477140
905503949
905504434
905835881
905838993
905892457
905911505
905970851
906092948
906300969
906304977
906346575
906375404
906447411
906537474
906576061
906670612
906702006
906721865
906750767
906787003
907127232
907167882
907223625
907446447
907464848
907540484
907592276
907786484
907873655
907991238
908352860
908354110
908354149
908468768
908510002
908566225
908592985
908673797
908707778
908713907
908715447
908719194
908758409
908758575
908798578
908855892
908948575
909022276
909058030
909065595
909463103
909809787
910012980
910122183
910160507
910321960
910648287
910741475
910748570
911084545
911089769
911110187
911195245
911204241
911412807
911475036
911505583
911565492
911598805
911678528
911758797
911926110
911955257
912002381
912080279
912129591
912248607
912261949
912279005
912296431
912307332
912353909
912372679
912845464
912851455
912922788
913009321
913120878
913206354
913565754
914011601
914158536
914227561
914228801
914386960
914403204
914422686
914505654
914552855
914565580
914607018
914694407
914726929
915171768
915181891
915208982
915221959
915222457
915230245
915243631
915370417
915469097
915478283
915556903
915569484
915813135
915831053
915854090
915867361
915927013
915986905
916066820
916076347
916095442
916209363
916290445
916397980
916465136
916505459
916612119
916664877
916691251
916757667
916771239
916776202
916809597
916818697
916846057
916879291
916911519
916944484
917015777
917118712
917148792
917181992
917379721
917429166
917630983
918134051
918140219
918153672
918241964
918303214
918732803
918818870
919023544
919049001
919065011
919097995
919250736
919265451
919455412
919471911
919491951
919521411
919576770
919665031
919692766
919709497
919802991
919821292
919846798
930361157
930371445
930453715
930463608
930474294
930564608
930687846
930709288
930738901
930790171
930791787
930793070
930820104
930898595
930910072
930982489
930983670
931000034
931008796
931038284
931077067
931079691
931095846
931187280
931213688
931261635
931280963
931390276
931400822
931441631
931473241
931491141
931514355
931533094
931598910
931746766
931799963
931851166
931854171
931966104
932013979
932117022
932172612
932201563
932215538
932223089
932281992
932290926
932303309
932347154
932353087
932370764
932450185
932472751
932472901
932561980
932606614
932645727
932785377
932878388
932890089
932961860
932981079
933009597
933043813
933059605
933080009
933081019
933112364
933112419
933114424
933342411
933352078
933400970
933405859
933406920
933417764
933451578
933464967
933465173
933475605
933505867
933560619
933582348
933718807
933753273
934029212
934191131
934218615
934247111
934264449
934270587
934272016
934283105
934359568
934371614
934380936
934502991
934527150
934548085
934558568
934596995
934630039
934641864
934657949
934660158
934708115
934779024
934930588
934975131
935043703
935049497
935130056
935141574
935322792
935333510
935394010
935403156
935438289
935519060
935533605
935708444
935842290
936267741
936366419
936388661
936522652
936589462
936639283
936664714
936671958
936694010
936762048
936771677
936806450
936820258
936951114
936975074
937078809
937175979
937210878
937321762
937352408
937357351
937480423
937721396
937741867
937746441
937893757
938082014
938332284
938360343
938407705
938515444
938550484
938745931
938748989
938801983
939133383
939172592
939303095
939350877
939469388
939661487
939662890
939721167
939727242
939755521
939780329
939833848
939905573
939932779
939934488
940050226
940062922
940098433
940142025
940153995
940156780
940322287
940351689
940472829
940560585
940598803
940611763
940677003
940723252
940868644
940934133
941005020
941070243
941140391
941314008
941880344
941932060
941940563
941946447
942006423
942031412
942152012
942177603
942200279
942246270
942283282
942400552
942474148
942520181
942527112
942533322
942680583
942711225
942844677
942849315
942872388
942890335
943084512
943198782
943237203
943239389
943274111
943320848
943379298
943380801
943411606
943524323
943547222
943635783
943641188
943668772
943739102
943740327
943764505
944146280
944338781
944391001
944468308
944552442
944553833
944571879
944595851
944661605
945048938
945086916
945151918
945356575
945444385
945479319
946258101
946300366
946346494
946353550
946471257
946638791
946660579
946661721
946670516
946769059
946818292
947287190
947353575
947380309
947422121
947622207
947671780
947691059
947731950
947993433
948172704
948256064
948433038
948520210
948616848
948709550
949014500
949122500
949267936
949370811
949424247
949561331
949940658
950059942
950062985
950170079
950195720
950338407
950448252
950556707
950623334
950850683
950956160
951171214
951173066
951252007
951252097
951320765
951351589
951621416
951666462
951717481
951828400
952118615
952146707
952524121
952558387
953382797
953778005
953937003
954331222
954349888
955202599
955306880
956323271
956462928
957013312
957552868
957736569
957779209
958221919
958506367
958889272
959198187
959222655
970111972
970125556
970207792
970245511
970380089
970765855
970901757
971014182
971152523
971232303
971886663
972001987
972047109
972062018
972067174
972252542
972330993
972333736
972401022
972917978
973177626
973180967
973183814
973184407
973207455
973220529
973260209
973409454
973534488
973594677
973700262
973870983
973881329
973904992
974090812
974333255
974349100
974513084
974609868
974711177
975011590
975032594
975078484
975127353
975165235
975320910
975372613
975480928
975550047
975569001
975595996
975752755
975830861
975863386
975868506
975872408
976152815
976153616
976161953
976170304
976191219
976198992
976482372
976746268
976851200
977083392
977092887
977428981
977524792
977591026
977763083
977914363
977991164
977995709
978050846
978051379
978130930
978959558
979078858
979095115
979180074
979203732
979215855
979235373
979288893
979328404
979340696
979341550
979348689
979505751
979601354
979726400
979741419
979819106
979949410
981305775
981405070
983020244
983068887
988080450
990023464
990096201
990267831
990454388
990457702
990581314
990602628
990602932
990604272
990648628
990691214
990701917
990751259
990754011
990940152
990998085
991000720
991027465
991309795
991423959
991471073
991541589
991882982
991920294
991933415
991941084
991988761
992117227
992132487
992150470
992195805
992246434
992382990
992460731
992509161
992657712
992669881
992695893
992750560
992766972
992792687
992918684
992923300
992978800
993034213
993070636
993102640
993102673
993212251
993318989
993322342
993380145
993428642
993512495
993557472
993599084
993660833
993691493
993707141
993728525
993772801
993840479
993868980
993920828
994108307
994154965
994303886
994475356
994551612
994643144
994650018
994661033
994807049
994880665
994932040
995293087
995366016
995390789
995567241
995581656
995850140
995881257
995893545
995908582
995913778
995921488
995989626
996068483
996172017
996220319
996370585
996509345
996590491
996614248
996620462
996667434
996753285
996858556
996910563
996983393
997004476
997043876
997109182
997158777
997314171
997330887
997442909
997450704
997511555
997589069
997599922
997697730
997714464
997721583
997897090
997898511
997914979
997929587
998282170
998324134
998339972
998398129
998508906
998605156
998709287
998738050
998803110
998831609
999081392
999182080
999192174
999459795
999530949
999683639
999726316
999793777
999858215
999961687
79067090360
79683564140
