332909055
339018181
500539601
501029508
501034969
505006393
505097478
505708488
554528545
622258659
623537650
652282868
696543871
707007245
712030071@callbackout
712566744
735420661
770003281
770024301
770100238
770133607
770334009
770347794
770481883
770667485
770698990
770860979
771010996
772611593
880083706
880734343
881116368
881384853
881414471
881539498
881928668
882001162
882014334
882363331
882448086
882560477
882704553
882850598
883338005
883558683
883561176
883860013
883961909
884722800
885292061
885811200
886141784
886292009
886365054
886393212
888588900
888788100
889820791
900148914
900600058
900721227
900738696
901252098
901430584
901459717
901497482
901647253
901669850
901722907
902023989
902088922
902128592
902472972
902486123
902505686
902722517
902760659
902801335
902936506
903036335
903062131
903106766
903202071
903649272
903677545
903776804
903957033
904144364
904253857
904270355
904404483
904439491
905163713
905247161
905340633
905368825
905412113
905495007
905562176
905617223
905618657
905688688
905948382
906068833
906084775
906339991
906512668
906520542
906687764
906739399
906767475
906832989
907143718
907160936
907215687
907673105
907821233
907942507
908515016
908748813
908807187
908843252
908929515
909020679
909469249
909947197
910222790
910711689
911000709
911050860
911205920
911242462
911287960
911345434
911446438
912002225
912073515
912298679
912387332
912399019
912628286
912762212
912811680
913194416
913261615
913477614
913661982
913675700
914030053
914124052
914585496
914683301
914728631
914795243
914841707
914841989
915100275
915245227
915350130
915583987
915815586
915841190
916085048
916170384
916363699
916388601
916410491
916447992
916519102
916570369
916581051
916862939
917009908
917080515
917121607
917138787
917174504
917426477
918263535
918714775
919004429
919051959
919101396
919115862
919550721
930008642
930048969
930082271
930404787
930428031
930502130
930623493
930657216
930754495
930989355
931004383
931021140
931344722
931370539
931452798
931517806
931572304
931614184
932000980
932108177
932190382
932201441
932244218
932248392
932337623
932418484
932669596
932726878
932773737
932816272
932838891
933099287
933164111
933319598
933373763
933454059
933738898
933767503
933798803
934026626
934059310
934186009
934189464
934284578
934321291
934422764
934529617
934716998
934751790
934853734
934888937
934967664
935242432
935473728
936004972
936148508
936327703
936482286
936533204
936589402
936700770
936702887
936763945
936777892
936820571
936857185
936867104
936884676
936990053
937039202
937069293
937072930
937075885
937228636
937237151
937263815
937611016
937650010
937714920
937733197
937788577
938033975
938138085
938262629
938269388
938302125
938363501
938671208
938680838
938703938
938819426
938841165
938861919
938879002
939094304
939350772
939358515
939375909
939563195
939829695
939977531
939983487
940079686
940120779
940181281
940321292
940410255
940507673
940597507
941010620
941671166
941749193
941817555
941868040
942066170
942183283
942208832
942315404
942494924
942500081
942583090
942597067
942682202
942763009
942833329
942922083
943063092
943191787
943197305
943245259
943281920
943323336
943431575
943586808
943772432
943779189
943826164
944180590
944226638
944236302
944379896
944589467
944664616
944795490
944848592
944904752
944998917
945032666
945043188
945085409
945190384
945212870
945517790
945641989
945847137
945883088
946527471
946669162
946699984
946802546
947212066
947553989
947840226
947903308
947937017
947976017
947990493
948106105
948149808
948518486
948601941
948753234
948944464
949071660
949258232
949461223
950111481
950203541
950310524
950729991
951716017
952267075
954442627
955547400
957571656
958121565
958842102
959201978
959575696
971720506
972003012
972224305
972267323
972411281
972446076
972478780
972574449
972669600
972766061
973102515
973105861
973251785
973741233
973897970
973925949
974129256
974352627
975310111
975333090
975568586
976460595
977067146
977153888
977581990
977811891
977947799
978330386
978390301
978420740
978538100
978804101
978925212
979205322
979322959
979331393
979519353
979538585
979551330
979849698
979887780
979943653
980010244
985002526
990066815
990151003
990261110
990296727
990436339
990489377
990535304
990597966
990660754
990668359
991012754
991117209
991170396
991311128
991335259
991342449
991352787
991522652
991612263
991658892
991667679
991837176
992244065
992252161
992290537
992437456
992467592
992492292
992662272
992731579
992825206
993279263
993432953
993458308
993524283
993605387
993778833
993831900
993979950
994742086
994763812
994972390
995147738
995326970
995388581
995415311
995481087
995520576
995858070
995981491
996031062
996080618
996121371
996272358
996559242
996610188
996615066
996728214
997020558
997083787
997119901
997168095
997291612
997427745
997458791
997596021
997650885
997829051
997883454
998230636
998403514
998423130
999000255
999036564
999079226
999080001
999100974
999400938
999459469
999490615
999921611
79175371954
