330013377
331018892
331948585
332120266
333400787
336645050
339067633
500057872
500080703
500744069
500757343
501047798
501097376
505023280
505028885
505511721
505521741
505734404
507125161
554057889
612239878
614166248
655243926
662222240
696533584
707230355
712579875
712656794
724922188
732375147
732539113
770017672
770072806
770182930
770322029
770670911
770747504
770896969
772571084
772665653
772701330
792232126
880358789
880598814
881000682
881117796
881210514
881270791
881332008
881451424
881532788
881640330
881730244
881828558
882022907
882048282
882382808
882461949
883041993
883066268
883171767
883221304
883264326
883334355
883820880
883838226
883900204
883971804
884053079
884359390
884510343
884931656
884978887
884979495
885093222
885509686
885649933
885832526
885833993
885970718
886003950
886138303
886280260
886527505
886621006
886704063
886754808
886782109
887003686
887030396
887041616
887070204
887076532
887535559
887800105
888076469
888385775
888418791
888478171
888720805
889041959
889089424
889109291
889252325
889262232
889538185
889633939
889890043
900160274
900208998
900210595
900241225
900330655
900380271
900440122
900446593
900524290
900592834
900603560
900629984
900716071
900830364
901206379
901211412
901215411
901219489
901260271
901507946
901517075
901560664
901631208
901658909
901727295
902000873
902031858
902041812
902106465
902186380
902197922
902208810
902248508
902301958
902315458
902329016
902341686
902471597
902668535
902721200
902792721
902880187
902918724
902922877
902971153
903005864
903111282
903419287
903598800
903635159
904027782
904033064
904057707
904166698
904181418
904314225
904401291
904644384
904650260
904660894
904749960
904999204
905026779
905057584
905087934
905150145
905174487
905183203
905294648
905353150
905357703
905373906
905380525
905413062
905481454
905618182
905668200
905673604
905675186
905791197
905810952
905822651
905825831
905834698
905882085
905905184
906020134
906053198
906065733
906069624
906075457
906118229
906126687
906215055
906222315
906269432
906298422
906308661
906333578
906337924
906459534
906520551
906686909
906696535
906700614
906753022
906910119
907040459
907106025
907158728
907332526
907333366
907379490
907380657
907445055
907448788
907565604
907701287
907754841
907758195
907808007
907830958
907865101
907910781
908392006
908513833
908579006
908636110
908652277
908672306
908688179
908705825
908744088
908842968
908851948
908891986
908961152
908985405
909091895
909296157
909513264
909538789
909712917
909728623
909766144
909973020
909984133
909992295
910052199
910200181
910254575
910321150
910525450
910647047
910715229
910735340
910749552
910840347
911061683
911068587
911094384
911125091
911169821
911175727
911253342
911376637
911581035
911712209
911759190
911936010
911936979
911978606
912040559
912138278
912157690
912216689
912294692
912320268
912320490
912558611
912632546
912804305
912924101
912960203
912981885
913014742
913050950
913215181
913257273
913530987
913576710
913702623
913743312
913821797
914026443
914453818
914458131
914537177
914549826
914650442
914990610
915132091
915175458
915258323
915345152
915440474
915463717
915496475
915631354
915637959
915783238
915804313
915854565
915878703
915997274
916001287
916041860
916050063
916058101
916068492
916077724
916131018
916285805
916330340
916386690
916387049
916571138
916628110
916692070
916781641
916868859
916878611
916884734
916891787
916929367
916981514
917108386
917130084
917177286
917313092
917316282
917335727
917379559
917403125
917577888
917759482
917820859
917962949
918206562
918570298
918787079
918796159
919002478
919474077
919498284
919530486
919552748
919618984
919690484
919722182
930013818
930051848
930058118
930068538
930087697
930358469
930371798
930378882
930439210
930514255
930515374
930548586
930623740
930640182
930662414
930757385
930769458
930807813
930836642
930855992
930864123
930871709
930872083
930873830
930903515
930950448
930955184
930974333
930988810
931011196
931094995
931104004
931105264
931163597
931220112
931222388
931225110
931321177
931398386
931445853
931477495
931480076
931492159
931622999
931630520
931636324
931875330
931876085
931910695
931910963
931923534
932001644
932007955
932019798
932072333
932101458
932128084
932140252
932190563
932202066
932212652
932220251
932221480
932235410
932239773
932240575
932248508
932355300
932438897
932445806
932484633
932521460
932696906
932777914
932854221
932938588
933018887
933026396
933030400
933051611
933053420
933056015
933057307
933057930
933103216
933111617
933122420
933184620
933203474
933285141
933298002
933331568
933341689
933379505
933380538
933388162
933406052
933418283
933447719
933488717
933518182
933523924
933591879
933718885
933781226
933820415
933921179
934013017
934035820
934038218
934059663
934125377
934214565
934226700
934242911
934249269
934352794
934421402
934428880
934434357
934437310
934447785
934454561
934510055
934577693
934598112
934613344
934711273
934762783
934807986
934822227
934916077
935295922
935404717
935465009
935472702
935580709
935651474
935654430
935681789
935825155
935870663
935943456
935982767
935990882
935993012
936005195
936285268
936285922
936331356
936359543
936622986
936636149
936724935
936824443
936850514
936867238
936977800
937015921
937020108
937032182
937138177
937150344
937163187
937194540
937228691
937257978
937319825
937415758
937557112
937610702
937612178
937617795
937848321
937868382
937887107
937909010
937932878
938227676
938251785
938279315
938318292
938330778
938335445
938637177
938650897
938830567
938883896
938884992
939090506
939092860
939094489
939351986
939354943
939357898
939517003
939544508
939567991
939655022
939772420
939901079
939972776
940016412
940022904
940109075
940232923
940341363
940363642
940409399
940459009
940862478
940986798
941056008
941087847
941267277
941273500
941308588
941449022
941511489
941512704
941546968
941632421
941780264
941818175
941820292
941878507
941978866
942023992
942069151
942089979
942166050
942213665
942273800
942276575
942277554
942281754
942289774
942364646
942394055
942417576
942511225
942532495
942945101
942990713
943062377
943102556
943341223
943354335
943367303
943401982
943439315
943575747
943627577
943818573
944103468
944120168
944131790
944182701
944401186
944468303
944546610
944691800
944830584
945066626
945070378
945147416
945212138
945390637
945450497
945464407
945571580
945644490
945719797
945758602
945769258
945821418
946023600
946069680
946429878
946749295
946793200
946840688
946849388
946984941
947192160
947222006
947269805
947553709
947555517
947733735
947851428
947871165
947891419
947910528
947969313
948011846
948024464
948077337
948108008
948272958
948324577
948758601
948849984
948961689
949287222
949372846
949372937
949411110
949486633
949571787
949739807
949775547
949788160
949906911
949910858
950021167
950054018
950088773
950121686
950138613
950222782
950502956
950564464
950573154
950581323
950643073
950708626
950801123
950910071
951023763
951046919
951351820
951500385
952200201
952282622
953369414
953505026
953662628
953704336
954051197
954307909
954344045
954642929
955538480
955559172
955708086
955952579
956310516
956462023
956637379
956674449
956764475
957175756
957500782
957555171
957665466
957790991
958010209
958050086
958070490
958100949
958980561
958998855
959377175
970065533
970344848
971067878
971311205
971941225
971981269
972039099
972078281
972108904
972242966
972296429
972492678
972501700
972555187
972726515
972737470
972781209
972831380
972943090
973105006
973118185
973170390
973251881
973280991
973298276
973349171
973353323
973543011
973908292
973983085
973989208
974280877
974791962
975016169
975194973
975244589
975274414
975340112
975430765
975509113
975522300
975577212
975651982
976093730
976268282
976294442
976340980
976419295
976779211
976909221
976997769
977081407
977390350
977405405
977546082
977683836
977707246
977807674
978050668
978073054
978240913
978307570
978330318
978398995
978781315
978810546
978918531
979011375
979028000
979071990
979098701
979171990
979221502
979321171
979345677
979442804
979523438
979544585
979913663
979986227
980101987
980777665
981270761
981700061
983001481
983147357
987713555
990032126
990186772
990188860
990225333
990263677
990324478
990430807
990465814
990607585
990638956
990641084
990644708
990664916
990724364
990743884
990752670
990803980
990835825
991066243
991128408
991131231
991166957
991188348
991199489
991356898
991473844
991475877
991499323
991507869
991542261
991592266
991669217
991698714
991792058
991853998
991862285
991948378
991978191
992021456
992023186
992095287
992206186
992225153
992240887
992245726
992351951
992479464
992524209
992580740
992696979
992725245
992785053
992819825
992830715
992841204
992851084
992851682
992860883
992897773
992939606
992992023
993051690
993080778
993179021
993201749
993314107
993319084
993327894
993374550
993435809
993461923
993464177
993549051
993642186
993670076
993690558
993796771
993812875
993834486
993851415
993866381
993910777
994069293
994139497
994188578
994223010
994316450
994350910
994535166
994582724
994628741
994667145
994706644
994790358
994795761
994897327
995026417
995080552
995092889
995133413
995150061
995189392
995201278
995248905
995266159
995273213
995294618
995410037
995421937
995583166
995592012
995624947
995708757
995728503
995818498
995851500
995929890
995940190
995989039
995995109
996019097
996061583
996250611
996267052
996302420
996370250
996401655
996443999
996458566
996504843
996601543
996672927
996703482
996751166
996786768
996834406
996851778
997013416
997013513
997047540
997123037
997195779
997265882
997367707
997413293
997431455
997481388
997487021
997541329
997576769
997589404
997675056
997685450
997700140
997729862
997735666
997748785
997752620
997798012
997858596
997945097
998141995
998322885
998471790
998531957
998579357
998681410
998722783
998934069
998965435
999002999
999060619
999457781
999510002
999548408
999636385
999647560
999667648
999770257
999807758
999824668
