337320505
338861086
339805540
500547905
500551025
500722837
500772826
501038383
505041087
505080083
505522027
505535566
505536133
505766261
507184606
507594052
551046457
555126667
557025255
557049436
558101470
615243322
662363620
692289450
692331818
696523017
696535556
707003002
712091044
712285913
712451075
712475467
712572325
712747565
712776095
722227136
752257267
770052293
770088445
770147729
770327980
770550190
770639295
770710867
770798677
770858590
771001086
771038990
771292924
771412011
772880670
774772929
777071948
880073818
880373993
881010024
881021199
881060163
881067587
881074114
881637010
881888285
881929101
882361011
882415660
882445751
882627772
882936686
883007772
883011907
883171801
883202902
883239666
883510262
883840285
884230377
884260081
884664588
884827001
884901199
885410385
885760401
885789858
885915755
886120987
886361920
886379717
886653727
886691976
887058588
887431959
887904414
888098389
888617010
888952252
889083338
889240910
889250115
889626886
900017624
900039011
900085331
900170893
900328997
900392806
900419891
900424341
900430401
900456183
900595394
900733081
900740485
900772021
900919143
901022542
901044393
901213757
901378428
901421442
901478995
901513360
901515109
901516469
901637377
901654969
901907929
901967073
902015955
902079242
902122590
902211178
902249854
902272205
902440602
902460798
902651993
902653488
902767856
902805499
902897791
902922435
902949302
902962638
902973959
903082885
903103151
903776866
903805346
903820312
903868286
903885577
903886757
904030386
904258088
904268817
904280506
904281957
904515949
904518081
904549875
904554844
904577273
904596468
904661695
905023300
905049395
905051042
905063052
905076871
905126606
905218537
905425169
905505944
905523585
905756261
905833361
906083004
906088697
906095901
906099767
906104280
906112969
906141697
906282426
906333578
906443119
906451532
906541229
906661975
906667631
906764141
906781852
906802805
906994001
907005449
907130434
907200834
907214021
907298697
907658282
907672017
907696799
907753027
907790907
907912919
908080737
908137012
908482354
908494648
908518293
908580082
908670690
908677769
908685300
908711992
908790463
908802285
908805375
908852354
908852794
908855663
908992862
909013376
909142605
909555058
909921189
910018765
910198118
910334074
910401617
910434395
910515204
910570768
910622528
910635253
910754895
910800100
910801978
910918432
911050490
911075760
911108999
911132148
911169038
911198232
911247307
911291505
911410625
911431219
911455833
911562262
911565033
911571076
911573242
911575088
911739086
911812102
911961603
911991767
912002748
912075001
912130642
912226975
912288615
912325818
912374313
912375500
912434101
912451868
912650788
912875237
912920383
913228072
913291044
913462346
913502320
913578290
913879241
913952919
914005331
914098723
914405616
914423037
914464099
914503699
914564847
914727197
914803191
914882625
914971813
915038836
915068565
915106868
915155200
915187839
915306930
915386172
915406133
915502117
915643502
915666468
915673832
915744479
915755528
915764696
915881581
915892206
915902726
915973101
915978439
915983036
915991802
916012260
916288662
916311091
916399392
916427854
916437172
916556979
916612529
916628037
916640845
916685354
916694942
916701064
916798040
916800812
917133101
917160959
917199646
917366434
917388588
917582989
917754758
918106656
918159732
918297728
918319190
918815783
919006386
919100610
919257303
919541809
919569382
919596390
919600114
919663181
919715224
919723313
919778796
930032960
930034160
930502183
930548511
930597266
930693239
930792511
930896471
930960294
931003239
931062762
931111990
931141778
931180964
931212963
931216191
931270656
931289370
931376019
931412289
931484033
931486879
931531955
931580019
931602133
931641474
931654477
931670039
931896454
931971530
931979667
932097159
932282180
932290086
932290890
932307585
932310491
932318312
932319594
932428286
932454451
932500614
932514494
932520358
932536871
932552546
932614330
932670283
932798288
932812009
932868959
932952536
933005172
933021884
933060368
933084790
933118791
933162701
933181618
933259958
933262715
933290986
933313910
933428902
933442724
933449586
933450446
933475959
933481215
933511788
933571034
933575408
933582195
933617209
933645863
933671295
933691182
933852420
933866185
933970911
934150240
934162656
934201716
934226006
934249010
934293336
934305012
934307778
934323944
934329309
934400889
934444489
934595605
934622077
934681286
934707588
934707995
934753331
934761468
934812019
934852126
934911958
934934999
934952154
935003050
935031797
935041629
935087710
935102061
935325272
935484868
935510489
935528797
935674586
935708659
935752032
935861115
935962423
936000989
936026785
936155063
936186892
936204300
936229832
936310069
936361519
936402489
936410696
936503021
936508524
936513012
936515331
936528868
936534929
936636722
936644315
936700205
936703687
936708370
936800643
936829595
936972286
936980892
937125702
937127798
937140481
937162681
937219842
937224413
937241686
937262006
937263266
937381257
937393066
937536559
937543887
937768273
937778726
937893011
937939304
937997073
938047337
938071084
938171093
938290203
938304656
938355508
938549428
938558608
938681419
938697704
938813508
938918507
938990490
939015080
939028646
939264507
939352998
939411418
939621950
939671601
939706508
939874767
939884442
939935667
939995537
940111389
940322085
940379721
940414447
940502100
940578589
940709423
940746790
940931950
941011783
941038239
941071737
941221764
941260240
941290759
941340282
941354131
941361981
941370961
941380194
941389505
941566465
941618478
941621727
941622497
941791197
941831785
941835857
941852626
941853224
941962751
941978926
941979669
942000008
942099819
942121034
942132337
942184759
942230463
942383212
942408300
942410069
942549009
942573993
942661810
942669080
942778097
942802406
942835427
942844414
942899116
942938688
943008616
943018150
943024821
943041809
943048434
943061315
943149821
943179303
943198600
943376769
943384945
943426458
943549991
943660414
943719367
943738185
943772812
943879900
943919645
944004234
944008073
944185418
944460357
944473387
944549288
944562018
944579596
944717012
944924705
944937686
945036366
945218308
945230713
945283330
945300480
945341040
945462003
945520067
945562040
945581869
945649487
945665331
945673319
945713992
945827919
945868568
945906981
945980985
946001223
946109195
946129836
946198111
946199701
946210240
946251678
946254958
946283935
946286010
946301200
946381945
946408487
946498097
946580792
946581395
946584004
946594555
946599171
946669750
946676478
946721080
946776727
946778759
946803484
947138384
947158318
947250382
947300782
947335457
947847519
947849690
948222421
948415860
948448441
948620465
948705090
948708580
948749909
949131261
949337738
949596616
949933435
949957018
949958894
949960553
949981048
950007407
950010894
950023073
950025751
950130283
950337628
950399228
950452327
950561204
950567580
950625777
950635502
950649984
950850779
950986567
951012491
951014605
951053365
951119158
951156228
951242406
952240855
952376969
953660091
955056772
955309291
955516063
955535376
955561494
956410313
956560524
956597515
956604818
957073252
957574771
957738468
957753868
957769392
958048890
958199939
958287828
958700393
959799691
970000775
970097677
970107717
970191626
970204544
970290195
970405022
970458384
970491326
970704585
970726968
970788792
970859757
970907738
971147117
971336109
971781600
972112958
972120533
972157783
972282187
972292611
972301400
972442013
972666632
972782276
972791563
972844224
972857763
972926500
972942292
973018688
973123686
973138363
973180860
973222487
973228619
973268082
973341953
973520486
973821918
973827093
973833008
974062976
974275979
974339796
974358081
974671267
975055549
975124499
975154842
975160366
975261511
975332352
975457665
975494022
975500359
975500850
975666545
975774121
975806667
975914148
976160231
976372030
977380701
977602474
977623898
977636556
977732016
977751192
977848700
977857490
978016929
978041970
978370048
978434585
978451001
978461491
978498900
978501449
978700897
978787520
978990823
979212091
979232882
979260846
979542590
979620835
979735333
979909389
979992805
980002620
981104243
981219119
982100030
982613598
983041967
983091658
987709464
987777487
990040890
990153063
990250314
990253321
990258955
990291057
990346976
990364989
990427043
990469106
990574060
990590512
990618789
990746300
990765556
990788026
990922934
990975148
990980698
991130053
991147221
991185964
991242956
991249591
991280381
991371528
991428996
991432112
991514700
991517686
991615758
991626730
991638743
991652688
991684000
991713864
991715963
991746201
991767990
991820978
991860641
991882187
991932184
992063848
992082810
992121559
992127015
992129295
992167404
992169121
992176770
992234071
992248798
992350012
992350548
992365532
992378605
992570690
992578804
992592182
992766036
992807552
992871393
992887286
992887300
992892666
992904515
992918726
992950098
992950960
993100777
993119849
993129398
993152793
993174192
993192911
993248797
993269571
993302399
993332458
993344678
993481945
993489189
993579202
993687997
993781450
993812066
993943377
993983664
994110397
994179000
994223376
994257760
994286620
994336874
994380787
994410204
994436869
994455784
994458737
994596871
994811965
994825343
995182351
995242676
995269092
995286654
995444866
995488803
995528812
995535865
995621370
995651314
995683061
995709564
995765796
995967585
995974726
996021118
996031773
996053486
996193941
996205828
996284196
996347848
996401183
996414598
996730712
996736174
996884475
996885011
996936365
997024844
997044303
997174704
997220545
997301527
997302368
997303214
997376440
997412492
997533419
997633545
997668686
997780688
997929989
997967284
998031046
998049795
998091689
998161099
998300354
998505322
998774187
998814015
998843334
998907924
998925556
998939599
998960592
999001857
999033308
999112484
999187282
999214188
999273231
999301552
999485486
999680292
999686879
999820289
999984808
79660197101
