334452727
336093355
500024337
500052441
500793547
501007735
501029508
501030708
501090880
503010471
505012635
505026331
505098602
505521573
505719908
507037738
507045462
507242757
507281008
556012426
556012522
558022950
662218431
692245146
692390785
712081799
712224123
712429300
712431572
712471305
712477939
712500136
712622721
712921320
732425707
742272737
770024422
770081596
770220952
770222353
770280394
770460578
770663690
770858690
771010182
772642717
774779100
777059089
777374999
880251200
880280184
880359993
880711582
880750955
880790905
881073637
881381138
881488887
881720477
881814540
881910108
881924433
881972818
882072907
882442083
882911009
883173734
884298808
884366677
884462681
884628689
884792717
884919124
884973666
885005595
885360665
885368688
885376070
885797589
885896889
885938588
886096190
886184288
886400882
886488489
886646563
886667148
886739293
886915554
887029378
887435020
887656101
888010793
888021073
888038098
888098082
888460330
888950729
889007989
889107782
889541676
889615151
889901490
900026946
900071459
900208919
900330793
900454490
900456364
900562016
900606284
900718208
901090704
901178752
901250866
901262172
901401383
901407842
901436311
901583656
901600105
901677315
901721263
901794024
901844646
901876050
901947544
901955887
901971229
902003391
902005466
902006088
902131710
902174425
902684747
902691184
902700483
902846343
902880009
902982787
903034422
903346768
903355931
903415487
903431190
903432372
903460225
903524996
903623694
903627261
903807379
903870850
903886162
903901772
903902059
904031490
904081286
904111298
904171983
904180630
904251588
904282708
904297571
904403406
904415737
904444585
904456068
904462025
904558938
904641075
904754443
904874742
904921288
904925141
905059775
905064647
905179289
905280204
905293069
905318442
905336481
905340408
905400118
905533016
905645586
905948382
905969135
906004006
906004468
906022414
906076029
906095064
906100108
906118119
906169251
906255543
906282231
906564341
906588846
906636663
906682101
906752535
907070958
907233626
907258435
907290599
907462296
907571487
907665863
907723100
907747127
907755650
907774014
907796505
907819094
907856042
907882712
908085451
908203676
908496071
908525081
908560236
908729595
908741253
908895765
908922011
908957412
908966201
908988181
909040771
909045590
909058297
909069190
909090694
909117336
909228854
909246586
909247956
909343551
909569509
909749461
909953150
910162626
910229183
910441422
910465006
910713263
910939506
910962014
911009343
911050596
911123926
911193279
911287434
911406880
911729972
911735255
911758309
911789288
911872477
912101306
912119030
912154725
912207058
912221429
912273232
912300308
912375264
912439143
912451108
912454153
912457673
912462419
912505797
912552690
912755880
912820776
913129058
913141205
913255997
913266366
913270211
913511977
913546324
913563312
913677173
913697717
913715256
913852472
914083523
914084017
914221065
914266610
914271811
914310610
914443910
914513144
914556162
914619084
914624582
914640155
914721607
914742463
914801161
914853536
914913278
915043229
915052881
915124214
915127372
915211963
915226177
915285265
915354494
915396777
915614829
915640270
915670160
915671977
915698896
915749583
915804612
915838269
915890607
915905621
915989002
915994929
915995222
916120477
916216678
916296828
916374290
916407656
916490919
916539049
916646575
916744252
916760705
916921897
916922872
917363228
917712871
917781926
917843551
918133764
918270850
918320037
918798950
919058098
919090977
919100186
919471282
919509771
919550934
919555064
919562917
919582396
919587614
919590928
919598259
919656566
919665002
919727878
919770721
930012768
930020750
930047891
930057091
930378304
930456969
930535366
930561610
930647688
930673480
930734748
930764475
930773334
930803023
930807710
930958478
930959288
931001624
931013344
931111213
931170289
931176392
931212427
931299078
931317290
931345141
931394151
931416158
931431590
931464922
931499906
931605535
931616150
931716584
931744565
931762488
931781017
931784080
931862112
931900660
931949098
931998629
932142562
932168414
932184401
932262888
932270177
932296015
932308362
932366094
932372526
932395646
932420382
932561939
932657764
932682529
932723394
932731992
932902896
932979454
932991387
933008697
933032738
933044521
933157994
933176763
933191994
933233209
933313327
933380410
933390964
933425208
933499504
933527645
933570022
933597000
933600391
933671202
933678208
933703382
933736815
933746263
933789985
933951200
933967725
933973414
934170398
934194425
934200711
934350782
934384775
934412101
934605373
934616919
934647016
934701530
934763883
934881872
934931016
935079142
935092709
935242886
935296919
935461094
935527855
935539205
935577754
935600767
935646067
935738353
935880258
935881762
935955653
936019504
936068985
936080490
936091693
936211492
936280904
936412741
936439191
936441262
936500956
936518404
936552177
936665486
936692241
936720971
936723180
936913233
936921952
937042242
937062129
937091183
937146444
937170101
937241551
937277537
937292603
937350367
937484819
937510910
937590026
937606515
937609084
937626765
937632393
937669114
937775883
937802105
937945602
938081896
938248788
938421231
938516362
938623940
938737779
938974727
938994217
939071468
939239321
939239907
939368099
939391949
939411129
939642266
939659994
939862458
939935654
939956924
940043878
940062287
940111387
940116338
940116483
940161321
940169141
940204044
940296454
940591788
940632688
940781563
940959959
941009420
941024763
941066011
941110302
941212285
941255013
941356050
941365383
941432151
941617129
941714292
941752829
941921828
941940343
941962297
942093848
942121401
942231080
942289191
942480501
942548054
942592691
942679976
942753073
942757024
942917417
943160609
943233033
943252788
943282187
943412589
943448086
943470391
943595775
943670109
943671616
943784747
943827932
944008730
944121684
944245058
944262468
944264818
944352233
944480911
944658894
944704930
944730052
944963300
945100386
945212733
945221124
945251700
945277307
945363068
945427274
945451141
945452217
945519111
945531102
945538753
945635457
945687377
945717544
945723993
945787773
945894790
945950592
946099791
946135686
946164990
946178886
946211228
946264305
946366690
946377587
946398885
946537555
946641971
946662325
946724293
946856562
946987908
947075255
947107984
947220007
947319493
947322013
947456462
947532623
947722995
947733445
947813991
947820858
948110385
948386861
948440987
948504636
948611192
948690507
948710661
948746532
948919889
948938999
949021650
949098303
949172477
949230087
949300515
949415780
949480605
949926722
949979499
950004939
950007029
950049472
950188880
950494111
950503172
950527482
950752117
950870989
951089085
951144247
951192297
951722058
951730030
951734797
951900501
952174405
952228846
952229674
952292600
952298380
952386364
952414549
952608292
953330579
953373930
953839301
953992595
954441479
954448625
954540323
954802646
955512676
955521195
955853399
956431977
956804393
957278881
957552055
957557882
957789325
957881588
957900080
958070385
958105363
958180666
958209000
958220601
958371067
958707676
958890779
959332656
959486777
970263477
970285222
970455062
970581488
970663095
970701021
971228707
971241258
971315252
971319731
971387444
971748984
971885353
972070601
972099388
972187377
972209041
972267737
972426068
972476669
972554005
972620806
972645060
972650063
972751081
972844110
972885292
972994003
973032034
973292353
973365065
973563962
973596555
973600732
973652204
973698020
973709019
973716066
973771233
973785030
973800812
973804342
973927720
973933743
974087247
974109490
974370902
974400108
974477674
974565028
974568358
974601790
974644845
974889097
975128120
975350984
975396979
975440190
975443845
975581963
975595420
975626046
975644949
975778184
975853073
975894919
975957373
975995133
976153080
976204575
976210085
976388707
976402590
976713378
976917983
976968488
976980208
977032366
977078504
977109299
977130091
977252586
977267343
977271989
977272260
977667383
977741738
977853325
977997887
978100172
978321016
978412186
978516979
978675052
978888097
978997050
979089909
979178385
979301719
979904594
979993239
981001985
982780551
987720999
990016323
990018990
990039759
990119595
990220226
990233898
990258893
990362524
990380604
990419656
990429491
990456792
990490869
990502081
990516944
990565706
990593039
990645883
990711659
990715589
990730721
990760595
990788617
990791799
990817196
990877784
990922089
990928866
991023695
991135126
991188492
991197565
991209544
991242443
991500138
991518111
991538797
991572381
991577553
991583057
991630490
991639607
991695009
991721927
991834344
991900646
991931860
991965884
992027606
992067003
992101839
992216683
992226774
992423016
992586769
992602557
992660587
992735593
992741577
992765989
992791064
992930057
993022379
993084015
993117835
993319622
993377525
993415271
993484649
993520285
993678522
993768560
993809986
993858286
993991762
994034291
994096477
994110331
994174092
994190153
994205796
994264383
994264984
994332248
994339204
994360003
994392554
994428730
994464591
994468414
994494050
994496430
994498222
994499523
994556290
994741400
994816507
994843872
994899297
995063652
995212590
995276992
995301830
995408834
995411404
995540045
995552157
995598984
995613232
995681256
995738684
995850375
996008357
996107016
996122989
996241016
996559950
996602392
996641636
996756066
996761494
996773884
996843927
996853123
996869909
997011535
997039999
997043167
997046469
997143784
997220709
997315842
997332204
997346989
997367686
997410955
997421824
997432586
997569979
997584559
997737302
997825762
997858596
997901132
998011572
998026085
998028695
998039228
998242324
998358934
998386626
998489939
998668294
998688914
998693796
998707270
998760385
998805161
998842699
998846560
998872233
998885307
998906117
998914172
999000797
999016106
999100669
999102390
999130580
999257373
999306394
999313656
999495940
999538187
999558183
999574160
999661567
999665618
999824668
999880017
999983393
999989524
999996501
