336969621
500061686
500064377
500099650
500108829
500754884
501033754
501040531
505009406
505072607
505099219
505518787
507033808
507271909
554033276
557061796
652210429
652226965
662219369
692279129
712205989
752265006
770030320
770044684
770092008
770202065
770238812
770249429
770257599
770366101
770700365
770737904
770772532
770909323
770962021
771025262
771040164
772504455
772527595
772547787
775770189
880202308
880210681
880503047
881060407
881349492
881381138
881888614
881922345
882008219
882039096
882448180
882504484
882756404
882814114
882851050
882890005
883053606
883334548
883602500
883700012
883788393
883831271
883911363
883918999
883971581
883997131
884537830
884821917
885306855
885819339
885855857
886061011
886107677
886138286
886141851
886260603
886403112
887150284
887349305
887672521
888033079
888147667
888368828
888440889
888462992
888594100
888691009
888703222
888779126
888796776
888910503
888910793
889072466
889110063
889132015
889348286
889648889
889981281
900252040
900254164
900454561
900739909
900747313
900950933
900972014
900981179
901025879
901090927
901384245
901503718
901548991
901664800
901903834
901995853
902004856
902063264
902074842
902102717
902133332
902142512
902436881
902446486
902464496
902540135
902582110
902811122
902878220
902994795
903006105
903027721
903034581
903049294
903099995
903110314
903135618
903366869
903431767
903480285
903488715
903520889
903622772
903661986
903698879
903767898
903784391
903796005
903824632
903885898
904031213
904135588
904267722
904422884
904435921
904446654
904582990
904590001
904622977
904706351
904744322
904782677
904922488
905030901
905091325
905115971
905192086
905252263
905300264
905314775
905316213
905362744
905389122
905455020
905505695
905512787
905661430
905685001
905811184
905824707
905832253
905871744
905953085
906008128
906074393
906174306
906227525
906260609
906285459
906311338
906339677
906370355
906378285
906568631
906756883
906881813
906890940
906973775
907018817
907102417
907107228
907165343
907213111
907352103
907427043
907435383
907441530
907447562
907492066
907560193
907588809
907708891
908103835
908311782
908370794
908413505
908445144
908520681
908548050
908551585
908634940
908716781
908719337
908734470
908742601
908766221
908790463
908850754
908911930
908952525
909158082
909752777
909823536
909831811
909970493
909997954
910017121
910116966
910260681
910574885
910645485
910837708
911057677
911076717
911103298
911122926
911242203
911451149
911476760
911541026
911588806
911593267
911593709
911628566
911842011
911944373
911971229
912217077
912246277
912273133
912282510
912288292
912321959
912362993
912376883
912422891
912434660
912435588
912624687
912632616
912720221
912834478
912956054
912995852
913050914
913328866
913553412
913636863
913791550
913794474
913838238
913841457
913879241
914025756
914055587
914057589
914057952
914086741
914194888
914242236
914255206
914432550
914516889
914556060
914815657
914877753
914885488
915005997
915036437
915081574
915114340
915145054
915250759
915305188
915327417
915354610
915394978
915487272
915583556
915685747
915776818
915942804
915983736
916026138
916178090
916276191
916364638
916523008
916557794
916599501
916628433
916750117
916894098
916898616
916920494
916948702
916992083
917128009
917143885
917196189
917354797
917728503
917747644
917782912
917849290
917987864
918108586
918792608
918818228
919006069
919023644
919060010
919061775
919087570
919140181
919248587
919253596
919421420
919425695
919441309
919502147
919559506
919753837
919762787
919788331
919790045
919829821
919937085
930053064
930096076
930353282
930361567
930435772
930468555
930537351
930537952
930540361
930568182
930580872
930671684
930700185
930791361
930812413
930852667
930903890
930989710
931015597
931047242
931058604
931077432
931085432
931214162
931215560
931222254
931232288
931276468
931279964
931340114
931350486
931389382
931410352
931466594
931507362
931515158
931760657
931765656
931772615
931780162
931916487
932025122
932031925
932054433
932098316
932192388
932204188
932211971
932260201
932411054
932511645
932521170
932606906
932667802
932668156
932674707
932676226
932841241
932877672
932882504
932924792
933024650
933052854
933053995
933144400
933261053
933289528
933314246
933319407
933403908
933421514
933480640
933553109
933579716
933596592
933598098
933611663
933657739
933771789
933784990
933972728
934067284
934072582
934077147
934129092
934135042
934137403
934204347
934380464
934414088
934462202
934641656
934643257
934663832
934675220
934689609
934707600
934708575
934774324
934785407
934795885
934820364
934840704
934854499
934865959
934964006
935132611
935175068
935282001
935332985
935334470
935522482
935543840
935586884
935691971
935878300
935886461
935888108
935962997
936035930
936047580
936129884
936244428
936251240
936275095
936303980
936310094
936494550
936565292
936568221
936633895
936653280
936804721
936930434
936995995
937011091
937100064
937182087
937293438
937346011
937415132
937530372
937558274
937629483
937778300
937827881
937842311
937844843
937900717
937918592
937968193
938041218
938137577
938211444
938220573
938260150
938486002
938774146
938775170
938780683
938849706
938878387
939033444
939198101
939338000
939391373
939544671
939683773
939748081
939923878
940000992
940049276
940077021
940100922
940114919
940311374
940339489
940343451
940439922
940578892
940589192
940608817
940651256
940678992
940737887
940758110
940781571
940790723
940885679
941091714
941190610
941201108
941334496
941401130
941423292
941442090
941504695
941506619
941508995
941509795
941676685
941720370
941720672
941733791
941777486
941805139
941838116
941864440
941871988
941972919
941978673
941995525
942181386
942192837
942216777
942297471
942641579
942656405
942725121
942841560
942996880
942999074
943049182
943057424
943085701
943153062
943157676
943171818
943252083
943370590
943375537
943414600
943436801
943458000
943458858
943534057
943572303
943575800
943594546
943600775
943609221
943777441
944008193
944104691
944150685
944187737
944341705
944444924
944450409
944559706
944612545
944660580
944661490
944706062
944717252
944772859
944777800
944855997
945007778
945032808
945055522
945087222
945151520
945164541
945229585
945269600
945366787
945427717
945520059
945617516
945731608
945772724
945866444
945870302
946004035
946009774
946126011
946180584
946219659
946290908
946358535
946448003
946627226
946653132
946722447
946827995
946883545
946907592
946933409
946989180
947060412
947211837
947292076
947411476
947548079
947618333
947663737
947725092
948018387
948172794
948333242
948351618
948468619
948534441
948661420
948717060
948738490
948800387
948821542
948821793
949152865
949166905
949332243
949343535
949454943
949979510
949987058
950144013
950153579
950222017
950227776
950227882
950249962
950306523
950502652
950662331
950670261
950791993
950854504
950881944
950889290
951034748
951107245
951116232
951377710
951564748
951729293
951802848
952773190
953134742
953377988
954057407
954105757
954418941
954494747
955401055
955508333
955909013
956808186
957709792
957790536
957903979
958503008
959330081
959330382
959331963
959397705
959407571
959556956
959575054
959672030
959775554
970093359
970100219
970251769
970361421
970400874
970741998
970757700
970948700
971070208
971084848
971105400
971500530
972006506
972133123
972226079
972226215
972249177
972272678
972420280
972420672
972448464
972557343
972572726
972802720
972855669
972858200
973027504
973035054
973057301
973160111
973171202
973215125
973241965
973303102
973570063
973772171
973847060
973856677
973858666
973863636
973882112
973890949
973902255
973919049
974059535
974081266
974220208
974517886
974555843
974565028
974632227
975050240
975217273
975221443
975298685
975331718
975331860
975367510
975387214
975453113
975654047
975777840
975808313
975862149
975906078
976337558
976361779
976391558
976455855
976552960
976703270
976730711
976776950
977130761
977147909
977242467
977464648
977805990
978015422
978062044
978288890
978406566
978433031
978561032
979509501
979537606
979747367
979871909
979946156
979986971
980777765
982101424
983313177
988889559
990068517
990069420
990217678
990256688
990268061
990278189
990335941
990350771
990392527
990403319
990413550
990428290
990442389
990456511
990476021
990557319
990641781
990703221
990723345
990745388
990746323
990774817
990777380
990833438
990839192
990928401
990940883
990966987
990967589
991002475
991058199
991122548
991168307
991239108
991280401
991387444
991410780
991499698
991514001
991529313
991542289
991611401
991624303
991652691
991652988
991718387
991777427
991793091
991889874
991940422
991941361
991988496
992011546
992122421
992137983
992215213
992238323
992255900
992508286
992600354
992724837
992881083
992895993
992896111
992999690
993205434
993208390
993251573
993281203
993307526
993314703
993334221
993409939
993445812
993460376
993570973
993599556
993730676
993778478
993904770
993974422
994039737
994042770
994052002
994092722
994112053
994121794
994138421
994263390
994272455
994308133
994333321
994386457
994386682
994437090
994461880
994468953
994489911
994554586
994554821
994633470
994700505
994702531
994707506
994770935
994861988
994893607
994918482
994934920
994989196
995000019
995076058
995175421
995220910
995297838
995301171
995301402
995348423
995400687
995495584
995495963
995533260
995549186
995838380
995971980
995982199
996145920
996153837
996206581
996238869
996246286
996262539
996303580
996379488
996380350
996380640
996412112
996607782
996612375
996675069
996682777
996713690
996763036
996813848
996831330
996902592
996923689
997014437
997091182
997140415
997182784
997187140
997341518
997369039
997369576
997417430
997441180
997474119
997485121
997535822
997539638
997605605
997616989
997657848
997700223
997734307
997775533
997795975
997917707
998044637
998268326
998283780
998290155
998339314
998471391
998615333
998620160
998870831
999255208
999305758
999594991
999666727
999701984
999722984
999758534
999771962
999901059
