200020546
331721571
334385555
500098044
501049688
505034845
505737419
505791708
552017118
553025666
554029892
558077576
559000834
612250488
612263308
622255147
652245608
655827463
702023323
707225550
712125728
712265552
712935073
712946261
755838860
756121213
764133564
770182869
770300511
770685656
770780940
770787688
772512155
772663110
772732428
777059395
778771779
781202100
792100488
880097375
880100576
880202557
880250324
880295298
881021013
881028711
881202720
881503008
881788900
882251513
882258985
882513737
882523275
882891022
883073536
883080728
883112279
883127205
883711135
883820029
883831232
884083386
884562919
884588890
884912000
885059190
885505519
886007173
886169187
886180622
886232015
886502191
886745058
886922233
887087174
887158388
888009525
888032898
888097637
888101861
888260330
888444620
888733600
888922722
888941605
888956667
888986939
889078784
889079755
889255771
889301318
889306201
900092012
900103801
900150599
900155779
900554530
900650809
900664667
900708137
900709038
900786878
901033021
901193907
901342666
901510927
901586265
901630420
901632696
901655351
901737885
901931967
901936963
901983473
902019678
902025857
902053426
902078985
902102527
902102540
902215008
902260725
902271960
902281773
902285833
902290424
902293859
902312030
902449504
902542939
902672422
902819262
902874323
902892658
902902771
902917730
902936939
902940882
903036642
903134131
903372807
903431435
903606891
903608406
903752181
903755151
903837573
903867010
904014466
904078499
904086819
904107834
904168600
904417520
904430114
904456342
904475339
904575920
904621170
904654171
904688009
904771053
905027668
905046091
905095945
905168684
905193820
905225508
905392072
905407308
905520868
905525657
905571567
905616393
905616468
905618950
905775114
905801578
905830385
905870001
905938211
906033324
906066502
906161882
906300748
906308220
906357508
906395359
906451808
906553006
906565777
906585193
906689001
906694956
906751419
906869802
906969101
907073077
907110875
907164003
907183658
907201345
907215727
907228491
907239717
907472875
907527248
907565722
907590350
907671950
907717648
907784156
907790179
907810252
907835570
907951989
908081014
908083201
908103440
908389999
908406009
908795457
908804269
908804877
908823737
908852767
908934785
908962905
908969505
909047467
909125267
909143362
909342970
909445106
909500368
909910611
910058819
910346468
910369132
910483832
910485698
910572178
910600171
910747079
911095150
911140004
911196683
911197171
911199154
911203862
911249192
911269382
911380848
911412062
911418101
911786117
911796361
911957788
911973252
912017488
912054616
912179771
912180096
912180980
912262124
912267724
912288531
912320529
912323085
912384849
912414340
912476428
912566469
912572960
912959540
912985211
913132014
913221407
913242800
913280424
913465655
913581204
913762569
914009035
914042555
914100228
914161585
914225357
914307005
914420293
914454519
914466655
914481016
914550500
914577077
914587869
914600071
914668983
914720421
914726691
914736366
914751659
914802321
915029016
915034344
915099168
915137868
915151944
915167622
915221858
915498786
915537349
915550933
915552424
915666213
915680226
915797739
915809011
915818765
915955768
916020252
916087121
916107950
916283181
916331525
916357080
916401313
916449408
916515400
916522891
916557900
916585540
916604993
916666973
916683364
916730777
916796208
916861606
916904284
917091886
917109676
917172789
917349011
917366276
917403838
917552577
917573181
917886090
918107715
918131011
918134386
918140349
918151058
918318763
918321290
918332860
918441457
918692670
918825295
918997005
919018140
919021468
919512944
919516921
919522125
919555618
919561320
919608793
919774546
919893525
930005463
930054876
930355021
930431627
930498700
930532914
930595382
930618820
930636292
930712752
930796807
930833857
930896384
930963999
930985589
931016480
931033041
931063152
931067191
931072960
931086705
931178894
931180748
931193996
931217481
931274446
931323442
931372425
931383717
931400031
931402574
931630089
931641821
931666718
931750009
931933757
932008224
932026564
932067696
932139803
932143999
932185171
932204730
932215155
932223210
932231418
932238486
932252063
932283237
932293189
932310802
932310862
932319149
932360956
932367513
932388667
932659449
932666811
932900768
932938690
932940490
932940560
932965967
933101008
933142906
933160618
933182389
933234944
933281715
933302107
933408591
933408855
933481530
933551676
933593535
933653779
933691901
933945727
934028792
934050718
934128648
934183575
934222367
934250519
934332346
934343604
934397787
934408343
934421912
934444558
934462309
934538394
934552487
934556455
934560456
934580574
934632577
934698211
934724740
934751064
934751391
934765161
934800775
934801999
934900910
934918118
935124881
935195222
935201077
935244747
935331945
935405216
935416103
935426748
935512444
935512553
935525472
935615161
935704114
935871688
936155610
936232327
936504015
936624570
936672644
936839089
936870254
936879717
936983072
937104050
937154188
937154402
937240457
937582121
937623730
937630913
937634341
937678488
937699007
937709383
937776501
937978205
938210881
938525666
938598307
938688847
938837579
938860551
939090982
939096092
939161373
939192684
939208884
939376907
939381165
939447887
939469656
939487011
939495938
939616067
939712311
939738686
939788819
939820360
939985977
940066675
940081804
940108005
940112678
940136869
940274499
940296164
940510855
940541199
940682181
940703133
940889204
940896400
940985510
941048808
941128868
941140227
941207745
941221967
941254373
941255355
941284547
941313733
941367337
941420128
941585059
941755950
941770665
941877835
941927040
941931965
941943971
942123090
942171487
942175704
942319993
942321472
942422578
942522282
942705056
942714805
942815777
942818861
943185679
943263635
943380636
943393131
943441199
943570310
943692029
943813281
943816122
943820412
943821887
943834681
943843932
944062720
944137001
944198820
944240605
944284636
944472860
944510208
944592505
944736676
944784769
944791616
944914484
945001801
945100678
945166225
945187878
945213870
945268007
945291956
945347949
945385610
945440508
945493048
945560392
945680097
945719000
945744748
945770470
945774143
945840041
945868189
945875995
945893164
945963832
946027563
946056506
946156557
946160759
946490811
946520481
946707784
946729778
946752271
946800785
946846398
947139294
947438300
947546868
947583836
947760212
947887337
947970615
948022657
948102685
948120790
948250255
948308595
948411271
948425602
948650110
948681766
948773991
948775157
948890777
949028819
949195424
949196989
949222790
949263545
949330706
949333433
949427525
949471044
949552292
949739474
949957018
950009398
950151089
950167612
950191565
950224041
950251591
950291990
950310443
950464000
950502714
950619880
950637310
950701217
950827722
950920719
951002679
951050540
951110688
951171168
951174887
951178889
951192878
951350893
951630097
951822209
952101393
952131884
952229269
952447507
953309687
953315144
953838242
954348485
954466065
954641555
955539804
955551941
956472012
956500221
956998607
957302858
957768308
958981144
959099985
970004881
970151218
970219186
970302128
970372395
970707728
970725515
971110788
971139200
971241079
971531077
971574149
971669496
971931318
971950059
972226828
972369505
972538493
972736364
972752112
972772880
972790801
972901482
972918965
972970780
973012896
973124285
973140247
973239799
973268003
973490343
973500204
973609444
973655001
973662724
973688004
973733424
973759004
973857803
973870125
973921964
973932024
974025247
974153553
974161155
974181223
974219002
974532757
974557121
974689474
975208196
975259001
975501885
975551967
975687727
975780679
975872733
976000361
976168001
976171368
976364110
976371500
976501951
976516191
976611979
976620450
976710597
976862186
976980323
977200784
977205200
977251304
977479203
977558662
977958083
978060997
978063530
978118885
978406727
978457292
978558787
978585090
978851019
979087882
979088687
979137515
979238084
979255445
979267037
979431519
979502248
979526888
979874022
979890058
979986106
979987155
981101091
981101541
982787077
983030430
988008223
988805857
990001457
990027877
990083358
990225964
990236904
990258969
990279366
990523730
990530035
990563721
990576040
990588789
990595397
990611633
990617851
990618529
990654728
990681123
990710628
990781582
990787673
990790292
990858345
990871848
990902136
990909542
990930016
990960085
990964983
990977803
990980136
991005530
991030811
991065486
991069206
991081895
991094454
991138594
991198901
991207728
991212859
991308748
991359017
991366713
991386658
991400433
991447044
991515566
991554829
991599853
991628581
991691168
991742733
991742762
991830485
991865808
991926669
992048000
992146968
992210278
992447545
992501521
992507773
992538777
992565573
992715055
992767980
992811505
992857883
992907601
992914141
992958188
993021326
993036090
993105960
993128267
993308890
993336864
993434100
993439430
993495114
993542059
993650740
993717706
993785685
993848850
993860199
994004375
994024245
994031615
994308722
994413089
994450060
994455723
994463199
994502196
994574628
995031678
995096309
995159063
995195978
995241755
995258173
995279076
995410111
995410356
995413888
995418383
995525725
995705312
995717103
995812290
995850012
995858546
995872597
995896169
995904774
995949634
996017019
996028797
996213290
996220079
996322667
996365245
996508482
996540774
996574563
996599089
996678137
996738664
996811956
996821763
996849531
996911133
997010705
997029921
997077258
997175154
997262519
997418575
997430954
997460273
997478700
997481487
997482759
997493233
997514490
997515305
997545171
997548582
997595647
997739606
997969485
997978584
997991808
998095208
998099802
998170907
998201286
998339323
998431780
998434979
998447958
998456345
998668690
998671763
998725063
998747920
998748247
998845077
998911505
999005051
999026578
999061125
999068106
999132102
999145989
999224116
999404069
999454471
999471274
999563522
999601698
999884569
999902038
79500131096
