500722600
501085872
505018068
507039431
652247058
712243524
747731910
770262477
770352290
770391002
770703119
771088606
880080025
882422471
882498888
883384101
883680185
883968884
883989823
883990962
884084090
884231484
884239398
885299466
885593616
885785758
885896661
886110083
886151960
886161698
886269111
886313083
886403635
887040719
887660069
888089484
888579091
889346062
889542454
889761608
889848495
889857666
900508844
900747070
900828408
901111884
901509492
901517013
901666441
901951280
901976985
901991341
902028504
902080657
902094609
902175566
902200785
902476877
902599109
902660662
902669983
902889074
903036759
903063717
903086587
903136170
903243283
903554499
903601811
903842421
904131324
904268582
904608434
904963105
905107050
905138693
905167151
905183688
905198159
905206273
905328389
905375014
905434908
905504588
905642706
905819549
905822260
905877901
905901960
906000862
906032468
906389006
906455960
906696020
906752515
906782515
906806158
906902011
906949404
907148679
907268386
907452010
907710329
907727663
907993384
908167008
908295768
908338851
908390233
908579979
908778838
908833468
908835972
908856507
908867269
908868508
909585090
909682508
909851808
909887833
909982896
910284400
910711196
910741899
910742189
910792949
910891091
911059987
911139865
911262025
911305033
911423262
911588673
911635109
912008505
912049900
912053646
912175586
912207247
912229969
912417505
912750203
912767778
912831932
912907180
913224366
913418785
913943199
913961645
914024665
914455839
914458393
914550940
914814725
915148608
915158321
915225266
915380126
915556117
915829903
916320814
916378600
916459959
916533107
916568084
916710247
916909408
917006030
917180468
917406587
917774064
919028446
919031863
919032860
919038696
919088795
919204145
919224142
919269394
919514230
919540532
930035356
930526280
930628681
930672681
930893110
931122523
931213389
931303942
931378383
932042451
932071387
932156806
932176299
932244157
932319173
932323327
932342523
932468846
932478119
932495113
932606232
932828210
932955660
933107790
933164882
933179068
933241250
933271778
933400207
933565365
933876787
934050225
934071724
934261999
934478609
934497469
934545315
934638010
934740466
934813882
934890195
934900968
934989590
935031439
935045727
935071320
935117381
935118461
935172726
935318838
935447681
935459402
935472686
935717135
935721121
935770870
935801142
935807115
935852401
935855652
935976335
936039990
936818693
936844449
937177781
937225488
937316710
937440115
937707066
937768494
937953400
938008553
938332345
938691880
938981279
939029910
939097557
939435252
939494599
939934819
940017300
940055475
940312082
940450484
940498600
940547804
940619806
940764388
940814850
940822379
940881931
940940462
940986770
941040625
941250284
941300478
941528768
941605088
941648679
941698801
941856264
941922800
941967889
942015250
942091529
942395150
942843797
942887666
943051181
943160289
943276644
943377091
943460394
943510509
943531526
943823331
943842375
944083220
944140121
944354068
944408008
944467188
944688401
944735960
945138992
945282358
945307159
945483233
945492585
945635152
945766446
945785665
945883758
945926966
946060157
946289970
946418487
946574948
946599292
946613081
946684022
946775351
947270046
947313061
947396077
947422726
947536424
947668805
947765585
947895199
948147272
948173133
948365853
948396777
948413778
948420071
948902007
949571906
949766321
950031094
950122661
950148287
950192016
950300357
950891804
951076768
951177482
951199373
952141555
952161513
952262410
952444540
957669604
957876668
958067778
959070222
959473773
970250346
970363505
970507157
970691066
970762555
971049198
971261256
971381997
971388584
972004188
972278291
972401332
972598788
972615850
972809959
973113663
973172786
973189584
973949589
973950386
974104661
974453211
974508368
974518307
974545915
974556880
974561003
974842874
975109767
975134442
975478688
975498889
975596646
975616162
975852014
975965054
976009983
976074577
976855055
977235393
977902813
978043224
978348786
978380058
978500179
978784590
978828599
978991943
979031066
979061102
979093084
979167900
979232907
979432040
979525859
979647677
979864447
979919140
979975232
980001941
980017734
980072016
982745114
983357576
983681119
987077902
990120877
990489596
990539168
990603715
990652615
990841564
990869933
990934663
990969379
991057507
991144355
991257091
991417242
991745518
991812830
991930773
991966977
992210063
992228171
992294585
992422774
992427528
992553118
992672867
992675775
992868178
992881287
993018547
993074410
993144225
993180299
993216366
993416902
993486955
993600151
993601219
993633865
993878304
993922528
993981303
994078581
994086090
994288438
994343702
994416160
994548424
994846065
994875712
994888244
995002088
995117755
995155783
995332392
995718574
995983284
996045134
996138500
996152545
996230780
996783744
996786636
996867361
997026511
997048216
997300463
997479450
997660238
997926555
998209343
998325338
998372023
998411850
999594471
999688269
999927574
999928656
