331978409
333110142
333225122
500040164
500053442
500532012
500543181
500722465
500726450
501028394
501088819
503010930
503011675
503028486
505019749
505049486
505053605
505092120
505511889
505525547
505718183
505732083
505820715
507166114
551020290
551514376
552550471
554025130
555171720
558031696
559020190
559029192
612242900
612250305
612269101
623273391
623652086
655221021
655270386
662215801
662220606
692333028
696523143
712090639
712498800
712634303
712636964
712792222
712814446
752280769
755321375
762211759
770051264
770073988
770089587
770090518
770090554
770149201
770151718
770182811
770258007
770364686
770372019
770373633
770458784
770492988
770691416
770726070
770795500
770820449
770948986
770952550
770981770
771771939
772508406
772568807
772577670
777058525
777371109
781290307
792210000
880084606
880093545
880182557
880273322
880378895
880383585
880697985
880752245
880834050
881000892
881142192
881511135
881599093
881624022
881664848
881742121
881760185
881761170
881803280
882075955
882245585
882351838
882388678
882468893
882720111
882852369
882952202
883061989
883132922
883140687
883212012
883482578
883515353
883770312
883774333
883778868
883809818
883810268
883819298
883832294
883880489
883906870
883938558
883960686
884062886
884068659
884294707
884350313
884558590
884790616
884919097
885166909
885230190
885349944
885409910
885449955
885480409
885656204
885762322
885778797
885970477
886006023
886119694
886121562
886312702
886319090
886381204
886632232
886663101
886681871
886700272
886769200
886770626
886771013
886805151
886897575
887039727
887055051
887104200
887664588
888031287
888047077
888106303
888111899
888408985
888426362
888761613
888771055
888920055
888961969
889008504
889082818
889119348
889131682
889198108
889251031
889257796
889336348
889515121
889878710
889919165
9,98915E+11
900011193
900056763
900165616
900175501
900189608
900198533
900237276
900377661
900403779
900493600
900561883
900588633
900594600
900650585
900677750
900732276
900742483
900756764
900766185
900774867
900786979
900819771
900953510
900957174
900980807
901049563
901141877
901180697
901260887
901353380
901405306
901450991
901503610
901537410
901599129
901607785
901621894
901638385
901647134
901756121
901768060
901904333
901912291
901912901
901928785
901946286
901959983
901961987
902001873
902073674
902078789
902091017
902111588
902121450
902134898
902144670
902146130
902168797
902204531
902228931
902265542
902398003
902435617
902458389
902461982
902494992
902514214
902526024
902529726
902605797
902631652
902654877
902740647
902835995
902891287
902894083
902900782
902912903
902970670
902975239
902987747
903004449
903007136
903009688
903020409
903061382
903069904
903093232
903149527
903326700
903327701
903362432
903420683
903550018
903641607
903644245
903660083
903697505
903748063
903771872
903771885
903903125
903974760
903999015
904084753
904086779
904101239
904138083
904141913
904154876
904178507
904190662
904271827
904279121
904284237
904371919
904421570
904423651
904426256
904428394
904439301
904447505
904452741
904492773
904522388
904540009
904540705
904550914
904577768
904591985
904599082
904606242
904628777
904682011
904763032
904902549
904906623
904938313
905020656
905037232
905050676
905058078
905090188
905114857
905139016
905144585
905158421
905211039
905212081
905222566
905226155
905231052
905240161
905264325
905270577
905280240
905310674
905342669
905347674
905359371
905397275
905399572
905416698
905489780
905490274
905530135
905534727
905540787
905561142
905602225
905614472
905617601
905618061
905633625
905680281
905701677
905748497
905761174
905761922
905772088
905803882
905808196
905815363
905827009
905841409
905871748
905872435
905894163
906004587
906014303
906036867
906042544
906052299
906056808
906096445
906158358
906158860
906175081
906244477
906245022
906316516
906331038
906340708
906359510
906361206
906385206
906430928
906440243
906450202
906528048
906529957
906579810
906616105
906661336
906670862
906681976
906687699
906688524
906688607
906710241
906726914
906744181
906892994
906936165
907030564
907076219
907082424
907083463
907109970
907141738
907160577
907217628
907224501
907292989
907332565
907333888
907341480
907383231
907470648
907479881
907559706
907654005
907691104
907694121
907723848
907767725
907773124
907794769
907848464
907849595
907860254
907884475
907903121
908067161
908113585
908131028
908135344
908361676
908484922
908545259
908545659
908663882
908680142
908688232
908698399
908711454
908726791
908737850
908740455
908766770
908773391
908782564
908816952
908820605
908829720
908835969
908912348
908928823
908929490
908929580
908948360
908957559
908999196
909006909
909030059
909049524
909078668
909255716
909256486
909309298
909313823
909318063
909322540
909334569
909386360
909471746
909522326
909535568
909617107
909637333
909778776
909804501
909974297
909988023
909993293
910122502
910144428
910305424
910306469
910428717
910447469
910457112
910488700
910500797
910562070
910565118
910626390
910637670
910645194
910722112
910737654
910741901
910742258
910789303
910841773
911011319
911040750
911068492
911070280
911070409
911107570
911108798
911210365
911210972
911213032
911220501
911235391
911250775
911288382
911289384
911307019
911400675
911408640
911441072
911448484
911475156
911519803
911571076
911580756
911598153
911611701
911682707
911708489
911710515
911738414
911781008
911799778
911831996
911847173
911851727
911876001
912024842
912027413
912036207
912111414
912112818
912119970
912123308
912157173
912161133
912175856
912202221
912202531
912215833
912217579
912224352
912227840
912234777
912239406
912280498
912294937
912301305
912332933
912369224
912420725
912422527
912552741
912576632
912578634
912628656
912701777
912812672
912852041
912931313
912997715
913033959
913037025
913075957
913102125
913127838
913142512
913150787
913163272
913208992
913257265
913265459
913293141
913450135
913530888
913605574
913632874
913636244
913646473
913663530
913690995
913696067
913835964
913865948
913867340
913920304
913931905
914030066
914032201
914034616
914039993
914064580
914072856
914079338
914083526
914084575
914125754
914130117
914148548
914150065
914221515
914371380
914373938
914436123
914447276
914453738
914481706
914506662
914510714
914516538
914558675
914567168
914582242
914621456
914633590
914681171
914703630
914717184
914719695
914729498
914757223
914802034
914830490
914890714
914956167
914961737
915013109
915026282
915127323
915135661
915139244
915140408
915141585
915255910
915287388
915317506
915340966
915346512
915388144
915410141
915413441
915427543
915445073
915464062
915471719
915473594
915511963
915534752
915555392
915557554
915578140
915583339
915591846
915598079
915609119
915615171
915645222
915690919
915690973
915791184
915830453
915830474
915868550
916001675
916007905
916010045
916049969
916070359
916168060
916170672
916191033
916284328
916327116
916347572
916378392
916465054
916494205
916508431
916513265
916557508
916572353
916572617
916583567
916639565
916733062
916749112
916750606
916801446
916844797
916861133
916887712
916962530
916973220
917104326
917156929
917328987
917330365
917331512
917332394
917372138
917417004
917426620
917584880
917875882
917905904
918108120
918114866
918135528
918141943
918155476
918211242
918327273
918442924
919011178
919012084
919036675
919040395
919043419
919054358
919066768
919075577
919087738
919101861
919119093
919403180
919476110
919521233
919524038
919556966
919560897
919607262
919612044
919632506
919656487
919660750
919667912
919669948
919681358
919739141
919755507
919884835
930029081
930037802
930045748
930058410
930066148
930067189
930067281
930068187
930098923
930356975
930363143
930367368
930437882
930443280
930464779
930470593
930484384
930512822
930519183
930525565
930534022
930576498
930586128
930594798
930612784
930636488
930653530
930689664
930698922
930700307
930701956
930714077
930720856
930721656
930767532
930787709
930802882
930835345
930867081
930875061
930951082
930962285
930966261
931001460
931007484
931010699
931033488
931070869
931071085
931085856
931090038
931125500
931143970
931201852
931240392
931242010
931243449
931255636
931273376
931303165
931323189
931326236
931333989
931340837
931356711
931391258
931411053
931413243
931414338
931430125
931491787
931506496
931521163
931531137
931551986
931553022
931555045
931579104
931603613
931620905
931652173
931670466
931698822
931712000
931733793
931762886
931883934
931884377
931937903
931982005
932054667
932056881
932082035
932111524
932116187
932159585
932161052
932189100
932229381
932237759
932243738
932254208
932289101
932293030
932302838
932303242
932308821
932339042
932357531
932366120
932369204
932409091
932411565
932421989
932478595
932521940
932549810
932556870
932562173
932592456
932620635
932630285
932644673
932652561
932701130
932705494
932708379
932711719
932833488
932857005
932897704
932901014
932907755
932941928
932960562
932966769
932984566
932993430
932995850
933010831
933012803
933016146
933029931
933039172
933057585
933080858
933092081
933100387
933128383
933128393
933131930
933134622
933138616
933171554
933203638
933224333
933251569
933254748
933286068
933310637
933313787
933318480
933323125
933342365
933342672
933345593
933384106
933384885
933389333
933395703
933401395
933413711
933414088
933420522
933424667
933425829
933431751
933437322
933441217
933449044
933453282
933488688
933490720
933535015
933562113
933591785
933628510
933632299
933760911
933765862
933768007
933921290
933925323
934013333
934023579
934040964
934045551
934050755
934087768
934099353
934135787
934178655
934190703
934200379
934207515
934214700
934225677
934235963
934261416
934271163
934286605
934305154
934350071
934379829
934385272
934387058
934402565
934508981
934528764
934556062
934589282
934610458
934651215
934671546
934707073
934751082
934760106
934798681
934804022
934816412
934819245
934852027
934859088
934876445
934897487
934904635
934925537
934939938
934989088
935034631
935041680
935046361
935069771
935093183
935100879
935165316
935191826
935230362
935242683
935300886
935353044
935375457
935376761
935380665
935390016
935441390
935443075
935443509
935475743
935609893
935612184
935632526
935643158
935656032
935658883
935701003
935721772
935744828
935750135
935763670
935767771
935871489
935878807
935888461
935892586
935934354
935941133
935944011
935980135
936000702
936037439
936045855
936058712
936064801
936121302
936133121
936136589
936141081
936263839
936293161
936295805
936408222
936559091
936560037
936670228
936693495
936750684
936782258
936818056
936850562
936852402
936980784
936986984
937020476
937031157
937075132
937082688
937091912
937142555
937158891
937161433
937227600
937231128
937262591
937271116
937350165
937357865
937388479
937429479
937468779
937547131
937600272
937684880
937689938
937716444
937787512
937834937
937997656
937997982
938079127
938091051
938214888
938236062
938244677
938259966
938290440
938312242
938323268
938331300
938387802
938410181
938430262
938431380
938480661
938510586
938528791
938566171
938636360
938673330
938800374
938804703
938809286
938858777
938866603
938950519
939000021
939043702
939047888
939048688
939058589
939089343
939130014
939132681
939247353
939312191
939323888
939335303
939343526
939351502
939383085
939390379
939417185
939426668
939440287
939491059
939491214
939518802
939530960
939546467
939551985
939581591
939641541
939681959
939713062
939751937
939800702
939820985
939860000
939870738
939914517
939942303
939973232
939980268
939992870
940000895
940001505
940012366
940016529
940021359
940030442
940086562
940146232
940200887
940221080
940249050
940256444
940268691
940299199
940305686
940326301
940330486
940344474
940369608
940370785
940373060
940488555
940520956
940599107
940637212
940642200
940705586
940766544
940839589
940954501
940999969
941032882
941088824
941157156
941185686
941192628
941198184
941210115
941210761
941213781
941345408
941392069
941446525
941488824
941489137
941621109
941640986
941686282
941692825
941727275
941761070
941811697
941851548
941876364
941941319
941952205
941987717
942003633
942011188
942021609
942031315
942053075
942090214
942125686
942137792
942168333
942188845
942210461
942215853
942242492
942270655
942293940
942360905
942418011
942420584
942432114
942481508
942533630
942548811
942621777
942667409
942675678
942676335
942823655
942838162
942840852
942842443
942850200
942871178
942946778
942949778
943010514
943049918
943065667
943075888
943117802
943158058
943298282
943324140
943331240
943354713
943364665
943374900
943409289
943459420
943461408
943535198
943588484
943653222
943655553
943777787
943886943
943958600
943991994
944004316
944006873
944105760
944106830
944177600
944279066
944480779
944666428
944706263
944718589
944731336
944774432
944778872
944879464
944933553
944971414
944971711
944973226
945107313
945120231
945121825
945177433
945199050
945214854
945340585
945371047
945462700
945650866
945743555
945786010
945804442
945838282
945850371
945950877
945953155
946036267
946045344
946057530
946100553
946173601
946189818
946193942
946218179
946231965
946429593
946437145
946520706
946544321
946565554
946580971
946592159
946619921
946630013
946639494
946662751
946671984
946727061
946760584
946777045
946778848
946784167
946815393
946840867
946885225
946935184
947042223
947158555
947181781
947208064
947332108
947423888
947536265
947668553
947741595
947879785
947933525
948053085
948088787
948090509
948130173
948232484
948293484
948304488
948311817
948360061
948408103
948500045
948513000
948526880
948552384
948671251
948720378
948763929
948849505
948852275
948890921
948974808
949000778
949010612
949031742
949052923
949057739
949071381
949074740
949135283
949158786
949210567
949316602
949422227
949440971
949515566
949565636
949571232
949750261
949773023
949788001
949790306
949852076
949971138
950011990
950059011
950084055
950085961
950097033
950106820
950197109
950235652
950240488
950279227
950508828
950540175
950619088
950652105
950668999
950671535
950770282
950801198
950851512
950893555
950906001
951006661
951160214
951170690
951190409
951202265
951252574
951378272
951466644
951500882
951504401
951660293
951888718
951907441
951910861
952219186
952298089
953137743
953300913
953303036
953335312
953383894
953447907
953530702
953602460
953702403
953707091
953777151
953808587
953904565
954445392
954741482
955405750
955458737
955559052
955770914
955954709
956323009
957003587
957074792
957089296
957107292
957500406
957718291
958003863
958011140
958022296
958371067
958552211
958607535
958889830
959009806
959060788
959600697
959698589
970091288
970175566
970350522
970370604
970587747
970601913
970706141
970706383
970868682
970928090
971238795
971241805
971265026
971282100
971343088
971560236
971799906
971980876
972040090
972048792
972133223
972159791
972171152
972229376
972271715
972295455
972303187
972364548
972461860
972502381
972567075
972582878
972674946
972727586
972800520
972815077
972823456
972880785
972900610
972901485
972903088
972948600
972974141
973030904
973134274
973161950
973303538
973410982
973461182
973500770
973531488
973556878
973562150
973623346
973706300
973777550
973810261
973824767
973828023
973841055
973847656
973898486
973933687
973959922
973975888
973978319
973991988
974052787
974085476
974121807
974212662
974314589
974369686
974461020
974489500
974610411
974675259
974679494
974694555
974744319
974746000
974756699
974878707
975079025
975107768
975128788
975129220
975134199
975137787
975154000
975157235
975163262
975180359
975199040
975237678
975261207
975300609
975431540
975485100
975605107
975661595
975671004
975754501
975775650
975808007
975860213
975880753
975899626
975995540
976042702
976058969
976164272
976175274
976221702
976247772
976313174
976351715
976401642
976411213
976558189
976570607
976605098
976640764
976649093
976707607
976987787
976991289
976991717
977099778
977226681
977305854
977407072
977467678
977573604
977586545
977595418
977662484
977707576
977708141
977740616
977886464
977941076
977990308
978012108
978038530
978050045
978055586
978148858
978411861
978499383
978605787
978614848
979003739
979012164
979148911
979200482
979223622
979225505
979233859
979299443
979538322
979660488
979837303
979963631
979976676
980077213
980770401
981107011
981217750
981433939
981604344
982100099
982770025
983041800
985002080
985737303
987718824
988001787
988880256
990010283
990128418
990189933
990198149
990215191
990245913
990274590
990299082
990309112
990351679
990380505
990381861
990388890
990413352
990432079
990458519
990477410
990483834
990510385
990514452
990518128
990546907
990547346
990556640
990562138
990595541
990598523
990614601
990634269
990719622
990735759
990748304
990750760
990806109
990827497
990836131
990868173
990903096
990923288
990936444
990936920
990970885
991013172
991045150
991072059
991108476
991141152
991146318
991164160
991218245
991229084
991233311
991246483
991248333
991259823
991327141
991331258
991332176
991354701
991360031
991364088
991435957
991444727
991455125
991494777
991570269
991580568
991666827
991728295
991758389
991761608
991793006
991864523
991873058
991885850
992007874
992017002
992022690
992057577
992096206
992160898
992171758
992189202
992221086
992228483
992260587
992330165
992446049
992475352
992555807
992577068
992630608
992760491
992817717
992818226
992841155
992870648
992882010
992887675
992904515
992919018
992959616
993038278
993095306
993103157
993158604
993203541
993225143
993234047
993235757
993253432
993257448
993306733
993308972
993348902
993386611
993389086
993397800
993412269
993428614
993476989
993487645
993545885
993574887
993608488
993640816
993651393
993655390
993662066
993682478
993682508
993719828
993759405
993810167
993846629
993849131
993900734
993910527
993915603
993918168
993930491
993935119
994029483
994032577
994038723
994039222
994065437
994067878
994071164
994073230
994077139
994102258
994121257
994231265
994247279
994250561
994259157
994279834
994290911
994312908
994358915
994387490
994409792
994419057
994420212
994423338
994426045
994448778
994463142
994463740
994474952
994603616
994684112
994695488
994701990
994713876
994767097
994767453
994796390
994822482
994861075
994867897
994999410
995008827
995062388
995070125
995084094
995084202
995093482
995114533
995120760
995180427
995190596
995231088
995282214
995296586
995319194
995323274
995352229
995403440
995409144
995431580
995474530
995477344
995511046
995520967
995544159
995549855
995562036
995583390
995614552
995639024
995672023
995682950
995712231
995717682
995727578
995734825
995847960
995856241
995861767
995923494
995930514
995963289
995973071
996009916
996020008
996073270
996116693
996165679
996170894
996195788
996226885
996229204
996231991
996244461
996245658
996281231
996282894
996305161
996334209
996445990
996492717
996497990
996548486
996559552
996607945
996613986
996642077
996666177
996678797
996689966
996695090
996702929
996725547
996789910
996858689
996888207
996888468
997008628
997022266
997037172
997045100
997060008
997108535
997117006
997117623
997133994
997181588
997191002
997276627
997278639
997309050
997309167
997332728
997376580
997379529
997397207
997429498
997429676
997439905
997452709
997495955
997560246
997565085
997586759
997605612
997606173
997613660
997634486
997661572
997671486
997690775
997728482
997749070
997796957
997928148
997928887
997946810
997949324
998022651
998049679
998062517
998072687
998127206
998240783
998243310
998310654
998326382
998377321
998384097
998442184
998469057
998488967
998496087
998568454
998602605
998610269
998619244
998631104
998648973
998777787
998791016
998795928
998818715
998899145
998924504
998947401
998960982
999034787
999118688
999153199
999170689
999176887
999232675
999270084
999314747
999333008
999336870
999399319
999414777
999473868
999476586
999529515
999573344
999639316
999641460
999669128
999685535
999695682
999712587
999727021
999800578
999830186
999868584
999869502
999975976
999979009
999983173
999998625
79969062328
