330360126
500012641
500748295
500784731
500785383
501004656
501071260
503013223
505064984
505739535
505740308
507033108
551087804
555557272
556029894
614122160
623053943
623652670
662384595
692279464
707000214
712185744
712513191
712904962
742237647
770051251
770278586
770845510
770886977
770947172
771050959
772576077
772631772
772947737
777778248
880078665
880502827
880759795
880791996
880851168
880960682
881060524
881211291
881329299
881451135
881776777
882538984
882601151
882759800
882859989
882979595
883013310
883238906
883302250
883801506
883900844
884080156
884687170
885135252
885201116
885218288
885223587
885593006
885761516
886180717
886338584
886367787
886704433
887072321
887877983
888056166
888081910
888300242
888392025
888408631
888424808
888501903
888519700
889151130
889511582
889515232
889941161
9,98973E+11
900198183
900215650
900291525
900381230
900399340
900504619
900734174
900738587
900766522
900804759
900977992
900979652
901531607
901597606
901640715
901640815
901653616
901663585
901682556
901756584
901774061
901813787
901831799
901894830
902022925
902104210
902258142
902305760
902308013
902309198
902516232
902557762
902640655
902660727
902668340
902702592
902760819
902791712
902821999
902858662
902897242
902916576
902986162
903013635
903058575
903064501
903294623
903448432
903476742
903483280
903661254
903674533
903687383
903741507
903839313
903904340
904054206
904071676
904147425
904193898
904259666
904277148
904296008
904381928
904464523
904466168
904470195
904515755
904517151
904578131
904680430
904699001
905102843
905231162
905279866
905333054
905411286
905602089
905610591
905635095
905643213
905815860
905835201
905848247
905886504
905925653
905943735
905975863
906006015
906039262
906161550
906210751
906260468
906270922
906439511
906441284
906489207
906563403
906574739
906576950
906657166
906663030
906672987
906761361
906767722
907060087
907110621
907113390
907116773
907119865
907157998
907169930
907290646
907330401
907433220
907471082
907477022
907585860
907638685
907647770
907666126
907772802
907862647
908109085
908187447
908278134
908338464
908344566
908530441
908558444
908580889
908596191
908612590
908697320
908727215
908808485
908811322
908867517
908907691
908910688
908956486
909015655
909070701
909180758
909208685
909226401
909281889
909316507
910050852
910328292
910337910
910349690
910572986
910776619
910782899
910791774
910912181
911083481
911083655
911221907
911260558
911281124
911312979
911368482
911405477
911414778
911420185
911502245
911583571
911734605
911934505
911955717
912008953
912042961
912109213
912160705
912247445
912261170
912270242
912288510
912305747
912307220
912351242
912405563
912432824
912498923
912751720
912820980
912831051
912851975
912977783
913003068
913101959
913107515
913123343
913159422
913190711
913191398
913195767
913203500
913204122
913215938
913221702
913514642
913552987
913589634
913611828
913620045
913824607
913913493
913949390
914039712
914080913
914236775
914289700
914555814
914613130
914661535
914850598
914901020
914912627
914979746
915073805
915119729
915126016
915208851
915243390
915270422
915383389
915400818
915443017
915480335
915500972
915541899
915615882
915678465
915733872
915771697
915801273
915851601
915863011
915872961
915899092
915962530
916068813
916080554
916096216
916097679
916151813
916345794
916481568
916495262
916505202
916514246
916545510
916569458
916576510
916587058
916613818
916616890
916666783
916670867
916705317
916710493
916723212
916743006
916751125
916783151
916822786
916908434
917001591
917019901
917022990
917115621
917128488
917157714
917180878
917198586
917381184
917400960
917406221
917623639
917875252
918109535
918205238
918222462
918263531
918311186
918780961
919046997
919060416
919070838
919071175
919075105
919090088
919091283
919107271
919171989
919206118
919241813
919577898
919600525
919601887
919603525
919681956
919710594
919717570
919721633
919734068
919737545
919770115
919801219
919977165
919996879
930037070
930044476
930066443
930077683
930362332
930400501
930410602
930439476
930498558
930594280
930609478
930635191
930636954
930758396
930768373
930782707
930825756
930835319
930870988
930876511
930893240
930949578
930982750
931039716
931052521
931068926
931124873
931208161
931213507
931295970
931308220
931393894
931464286
931533191
931577764
931613991
931629080
931662471
931784742
931867588
931875275
931891278
931967579
931987424
932063595
932161487
932199720
932221227
932285460
932286775
932307801
932317318
932349382
932368018
932400188
932457774
932481123
932527234
932576466
932581477
932585306
932598122
932725501
932791228
932909649
932991892
933003449
933092762
933183081
933208364
933240073
933392358
933418491
933422770
933482092
933516744
933606989
933686279
933705259
933777432
933925357
933936877
933968789
933986882
934104924
934163290
934229495
934270361
934308789
934322931
934360352
934379464
934445844
934458010
934483626
934592992
934598545
934648479
934680662
934749388
934787483
934797930
934886129
934931464
935033624
935064707
935069565
935117796
935122676
935179797
935191874
935200794
935292766
935300737
935301152
935383358
935434455
935618602
935627111
935750782
935756775
935869056
935949933
936024560
936047982
936051655
936157819
936187987
936296499
936315445
936556373
936680668
936737381
936806382
936820796
936854077
936870402
937026265
937064345
937075682
937213568
937234445
937262047
937289094
937306860
937325788
937401916
937431702
937446461
937497806
937671555
937701047
937831419
937946909
938132200
938140491
938600344
938931001
939137973
939277501
939320644
939351958
939391989
939410598
939464455
939661470
939718212
939753363
939838896
939888055
939916155
939979993
939982183
940009891
940011718
940022902
940025686
940053059
940088033
940099906
940105807
940170391
940230264
940237676
940297077
940332026
940615032
940729303
940740008
940750905
940776719
940805678
940880560
941113454
941190607
941346140
941501846
941578000
941581549
941805043
941830440
941860374
941999621
942022087
942135451
942224118
942276474
942360025
942476766
942684404
942822119
942846553
942858957
942864506
942896029
942988525
943036232
943071938
943082473
943118592
943213444
943218711
943225322
943311786
943524662
943536063
943676017
943832584
944014093
944105125
944134440
944171933
944203586
944279600
944352262
944355885
944404305
944444643
944474546
944605656
944691878
944755534
944895692
945042554
945064375
945102282
945131758
945157455
945211449
945277267
945342593
945388612
945478939
945659922
945752014
945792881
945801486
945893355
945966767
945988584
946000695
946088687
946126277
946152788
946156063
946199686
946311299
946311957
946412864
946450462
946473952
946572680
946610260
946625831
946660679
946728846
947271403
947294838
947912210
947940678
947965454
948138383
948160774
948199464
948347907
948416881
948661561
948744272
948966585
949011378
949069598
949130249
949151382
949165286
949180711
949228079
949278491
949301626
949339880
949418302
949483378
949726484
949773696
949832313
949861315
950051965
950054636
950112555
950122040
950224023
950255259
950332068
950367974
950391982
950523122
950601076
950638990
950805092
950879995
950891409
951016900
951059593
951311454
951710331
952229583
952244288
952550867
952551819
952774257
952818584
953343022
953356989
953398595
953430607
953440682
953551155
954421323
954801706
955257247
957055089
957374006
957797295
957877870
957905610
957977101
958020044
958090677
958404061
958892019
959041412
959080993
959096691
959116162
971120554
971121899
971513253
971781310
971797303
972060103
972125900
972291514
972377404
972410131
972577472
972679894
972715542
972739400
972907977
973032272
973154578
973210305
973288777
973582782
973639496
973661262
973730952
973856201
973949919
974030083
974080208
974218278
974260770
974269919
974321760
974361596
974376633
974707647
974718386
974727788
974876764
975310911
975340886
975354947
975511965
975542605
975555221
975804825
976016879
976034842
976057199
976097051
976150191
976171986
976333989
976426635
976515257
976749997
976810170
976901653
976912005
977073534
977194019
977532452
977604965
977776906
977846107
977926696
977946466
978013588
978058404
978132218
978381303
978468405
978570771
978923595
978955999
978981989
978982191
979018086
979174241
979203730
979204112
979260944
979688868
979741272
979782662
979858003
979880810
981707506
984750902
985201700
985756390
985759229
987003007
990061399
990062434
990094208
990095262
990138116
990184494
990232922
990384305
990388514
990408687
990415386
990501793
990543195
990565084
990571784
990619465
990658638
990742586
990840892
990880087
990891280
990910828
990950444
990966980
991021131
991052891
991120879
991212317
991269304
991312648
991332772
991445604
991517862
991598793
991651016
991675919
991755546
991783464
991815706
991881719
992049488
992120557
992137366
992190588
992282120
992308703
992484941
992576431
992677708
992731897
992750278
992823385
993022384
993128494
993136758
993162544
993182982
993198686
993226606
993348092
993350382
993387814
993442440
993472599
993500660
993503646
993506286
993612586
993633988
993667857
993785582
993790068
994000154
994056287
994197844
994275909
994277181
994304975
994420961
994451700
994507205
994598070
994630089
994690878
994778321
994850057
994858701
995005276
995069686
995091007
995153743
995178749
995219196
995291255
995308454
995394957
995517570
995673538
995710758
995773756
995778189
995871092
995898379
995962792
996067046
996088894
996117727
996130307
996230566
996256360
996273156
996281591
996391214
996698681
996789895
996837191
997028434
997095968
997231557
997432281
997451185
997500695
997555602
997704089
997767753
997773619
997788820
997832213
997851292
997875454
997896888
997940114
997955949
998200184
998230462
998234054
998252675
998310965
998322231
998500954
998541977
998686345
998697029
998791169
998792559
998885653
999072204
999440986
999571133
999572996
999581746
999607070
999640379
999645906
999799356
999889871
79040188747
trunk
