500543181
500722465
503010930
503028486
505019749
505049486
505092120
505525547
505820715
551514376
558031696
559029192
612242900
612250305
612269101
623652086
655221021
662215801
662220606
712498800
712792222
712814446
770089587
770090554
770149201
770182811
770373633
770795500
771771939
772568807
777371109
880093545
880182557
880378895
880697985
880752245
880834050
881000892
881511135
881624022
881664848
881742121
882075955
882245585
882720111
882852369
882952202
883061989
883132922
883140687
883212012
883482578
883774333
883778868
883880489
884294707
884919097
885166909
885230190
885762322
885778797
886006023
886119694
886312702
886319090
886632232
886700272
886805151
887039727
887104200
888047077
888111899
888408985
888761613
888771055
888920055
888961969
889119348
889198108
889251031
889257796
889336348
889878710
889919165
900011193
900165616
900175501
900561883
900588633
900650585
900732276
900742483
900756764
900774867
900786979
900957174
901141877
901180697
901260887
901353380
901599129
901607785
901756121
901768060
901946286
901959983
901961987
902001873
902078789
902121450
902134898
902146130
902168797
902228931
902398003
902435617
902458389
902514214
902529726
902605797
902631652
902654877
902891287
902894083
902900782
902987747
903007136
903009688
903020409
903069904
903327701
903420683
903641607
903771885
903974760
904084753
904086779
904141913
904190662
904271827
904371919
904421570
904423651
904428394
904439301
904540705
904577768
904606242
904628777
904682011
904763032
904902549
904906623
904938313
905050676
905090188
905114857
905158421
905211039
905264325
905270577
905342669
905347674
905359371
905397275
905399572
905416698
905530135
905540787
905602225
905614472
905617601
905618061
905633625
905748497
905761174
905761922
905808196
905815363
905841409
905871748
905872435
906004587
906042544
906052299
906056808
906096445
906158358
906158860
906175081
906244477
906245022
906316516
906361206
906450202
906528048
906529957
906616105
906670862
906688524
906710241
906726914
906744181
906892994
907030564
907224501
907292989
907332565
907333888
907383231
907479881
907559706
907654005
907767725
907884475
907903121
908067161
908113585
908135344
908545259
908663882
908688232
908726791
908766770
908829720
908999196
909006909
909049524
909078668
909256486
909309298
909313823
909334569
909471746
909522326
909535568
909617107
909637333
909778776
909988023
910306469
910457112
910565118
910626390
910637670
910645194
910737654
910742258
911011319
911040750
911068492
911070280
911070409
911107570
911210972
911213032
911220501
911250775
911289384
911307019
911400675
911448484
911519803
911611701
911708489
911738414
911781008
911831996
911851727
911876001
912111414
912112818
912119970
912157173
912175856
912202221
912215833
912217579
912239406
912280498
912294937
912301305
912422527
912552741
912628656
912812672
912931313
912997715
913033959
913075957
913102125
913127838
913142512
913257265
913265459
913450135
913605574
913632874
913646473
913663530
913690995
913696067
913920304
913931905
914030066
914064580
914072856
914084575
914130117
914150065
914221515
914371380
914373938
914436123
914510714
914516538
914558675
914582242
914621456
914703630
914717184
914729498
914757223
914890714
914956167
914961737
915127323
915135661
915139244
915287388
915317506
915340966
915346512
915388144
915410141
915413441
915427543
915464062
915473594
915534752
915557554
915578140
915583339
915609119
915690919
915690973
915868550
916010045
916168060
916170672
916191033
916378392
916465054
916494205
916513265
916557508
916572353
916749112
916750606
916801446
916844797
916962530
916973220
917328987
917330365
917331512
917417004
917426620
917875882
918135528
918155476
918327273
919011178
919036675
919040395
919066768
919075577
919087738
919119093
919403180
919521233
919607262
919612044
919632506
919656487
919660750
919667912
919755507
930029081
930037802
930058410
930066148
930067189
930067281
930356975
930464779
930470593
930512822
930525565
930534022
930586128
930594798
930653530
930698922
930721656
930767532
930787709
930802882
930867081
931001460
931070869
931090038
931143970
931201852
931240392
931255636
931326236
931333989
931340837
931521163
931553022
931555045
931579104
931620905
931670466
931762886
931883934
931937903
931982005
932054667
932189100
932243738
932303242
932409091
932411565
932421989
932556870
932592456
932630285
932708379
932711719
932833488
932907755
932995850
933010831
933029931
933039172
933080858
933092081
933100387
933128383
933128393
933131930
933134622
933224333
933286068
933310637
933313787
933318480
933323125
933384106
933389333
933401395
933413711
933414088
933441217
933490720
933562113
933628510
933632299
933760911
933768007
933925323
934013333
934040964
934099353
934135787
934178655
934190703
934200379
934207515
934286605
934379829
934387058
934402565
934589282
934610458
934651215
934671546
934707073
934751082
934819245
934852027
934859088
934876445
934897487
934904635
935041680
935100879
935191826
935609893
935632526
935656032
935658883
935721772
935744828
935750135
935763670
935767771
935878807
935934354
935941133
936064801
936293161
936408222
936818056
937075132
937082688
937091912
937142555
937158891
937161433
937227600
937262591
937271116
937429479
937834937
937997656
938236062
938244677
938259966
938331300
938410181
938510586
938636360
938673330
938858777
939000021
939047888
939048688
939247353
939312191
939323888
939335303
939343526
939390379
939426668
939491214
939546467
939551985
939581591
939751937
939800702
939860000
939973232
939980268
939992870
940000895
940001505
940012366
940016529
940030442
940221080
940249050
940299199
940305686
940599107
940637212
940766544
940839589
941088824
941157156
941192628
941210115
941392069
941446525
941489137
941621109
941640986
941727275
941761070
941811697
941851548
941876364
941952205
941987717
942003633
942011188
942021609
942053075
942090214
942125686
942168333
942242492
942293940
942481508
942548811
942667409
942823655
942838162
942850200
942871178
943010514
943065667
943117802
943158058
943354713
943374900
943409289
943459420
943653222
943655553
943777787
943886943
943991994
944004316
944006873
944106830
944279066
944718589
944731336
944774432
944879464
944971414
944973226
945199050
945371047
945950877
945953155
946057530
946173601
946189818
946193942
946218179
946429593
946437145
946520706
946544321
946580971
946619921
946630013
946639494
946662751
946760584
946778848
946784167
946885225
946935184
947042223
947181781
947208064
947332108
947423888
947741595
947879785
947933525
948090509
948130173
948232484
948293484
948360061
948408103
948500045
948763929
949010612
949071381
949210567
949316602
949422227
949440971
949565636
949571232
949773023
949788001
949971138
950106820
950197109
950235652
950540175
950619088
950668999
950851512
950893555
951160214
951190409
951378272
951504401
951660293
951907441
951910861
953137743
953300913
953303036
953530702
953702403
953707091
953808587
955405750
955559052
956323009
957074792
957089296
958003863
958011140
958552211
958607535
959009806
970091288
970175566
970350522
970370604
970587747
970601913
970706141
970868682
971241805
971265026
971282100
971343088
971560236
971799906
972048792
972159791
972171152
972295455
972364548
972461860
972567075
972582878
972727586
972823456
972880785
972903088
972948600
972974141
973030904
973134274
973161950
973410982
973461182
973500770
973623346
973824767
973828023
973898486
973959922
973978319
973991988
974085476
974212662
974369686
974461020
974489500
974679494
974744319
974746000
974756699
974878707
975129220
975134199
975137787
975157235
975180359
975199040
975237678
975261207
975300609
975485100
975605107
975661595
975808007
975860213
975880753
975899626
975995540
976058969
976164272
976175274
976247772
976313174
976351715
976401642
976411213
976570607
976707607
976991289
977099778
977226681
977305854
977407072
977573604
977662484
977707576
977708141
977740616
977941076
978050045
978614848
979012164
979200482
979223622
979225505
979233859
979538322
980077213
981217750
981433939
982100099
982770025
983041800
985002080
987718824
990189933
990198149
990245913
990299082
990380505
990381861
990388890
990458519
990483834
990510385
990514452
990546907
990562138
990614601
990735759
990748304
990750760
990836131
990903096
990923288
990970885
991013172
991108476
991146318
991164160
991218245
991229084
991233311
991332176
991360031
991435957
991494777
991758389
991793006
991885850
992017002
992057577
992189202
992221086
992228483
992330165
992446049
992475352
992555807
992577068
992630608
992760491
992818226
992841155
992882010
992887675
993095306
993103157
993235757
993257448
993306733
993389086
993428614
993545885
993655390
993662066
993682478
993759405
993810167
993910527
993915603
993918168
993930491
993935119
994032577
994039222
994065437
994071164
994077139
994102258
994121257
994231265
994259157
994290911
994312908
994409792
994420212
994423338
994426045
994463740
994701990
994713876
994767453
994822482
994861075
994867897
995008827
995062388
995070125
995084202
995093482
995120760
995180427
995282214
995296586
995323274
995352229
995403440
995431580
995520967
995544159
995549855
995562036
995583390
995672023
995717682
995727578
995734825
995847960
995861767
995930514
995973071
996009916
996020008
996165679
996229204
996244461
996245658
996334209
996445990
996497990
996613986
996642077
996678797
996689966
996695090
996702929
996725547
996858689
996888207
997022266
997037172
997045100
997108535
997276627
997278639
997309050
997309167
997429676
997439905
997560246
997565085
997606173
997634486
997661572
997671486
997690775
997728482
997796957
997928148
997928887
997946810
998022651
998062517
998072687
998240783
998243310
998377321
998384097
998568454
998602605
998610269
998619244
998791016
998924504
999118688
999170689
999270084
999314747
999414777
999529515
999573344
999639316
999641460
999669128
999712587
999727021
999800578
999868584
999869502
999975976
999979009
999998625
