335578007
338868393
500545402
500781595
501026484
503016140
505851323
507068988
551512287
551516784
712290795
712430835
762215022
770051058
770158483
770207875
770633151
770858813
772551807
773001348
777068182
880083046
880181235
880602691
880711610
881322014
881390922
881576707
881633066
881653032
881887001
882241686
882985838
883390570
883669333
884250911
884379699
885425206
885569373
885717882
885792011
885835317
886109690
886114641
886184748
886440089
886453035
887430319
888009397
888301077
888430389
888516101
888952500
889073330
889140591
889171745
889986990
900571860
900645001
900708332
901090757
901400416
901560628
901835155
901919237
901921970
901990838
902210620
902272715
902439798
902507606
902657260
902664068
902838281
902866081
902871143
902925705
903016579
903025303
903160137
903206284
903381784
903418406
903849114
904086296
904253376
904540196
905172598
905182650
905256597
905325452
905331211
905360877
905398994
905618071
905837226
906078302
906130540
906344492
906492019
906798303
906969087
907018407
907307050
907442933
907795623
907818393
907943258
908096122
908167031
908311168
908650127
908694048
908718482
908849500
908903084
909000967
909052557
909165338
909225928
909756236
910181484
910266067
910330633
911154114
911196279
911384919
911731757
912039442
912102322
912160015
912177893
912292762
912398789
912405370
912829331
912868900
913125699
913141061
913190291
913203516
913252312
913445628
913916070
914472726
914723137
914999187
915248890
915254088
915275045
915463019
915545411
915548207
915580408
915589020
915769195
915820222
915998995
916030507
916149693
916202772
916218151
916690786
916694254
916714904
916743039
917003345
917016075
917080260
917110672
917157058
917175956
917423010
917600037
918149915
918788618
919175151
919181644
930035076
930444717
930528989
930549344
930570251
930650506
930676631
930790506
930795901
930803717
930820968
931046612
931051174
931339716
931360521
931375309
931397801
931469982
931503785
931571997
931602233
931622054
931638833
931652961
931682699
931761297
931854020
931902011
932086628
932091357
932155336
932201187
932242668
932312159
932382029
932472230
932492306
932657374
932838783
932970392
932993311
933054575
933149497
933160497
933261496
933291561
933412725
933416068
933461990
933663669
933749389
933986465
934021314
934143448
934167876
934200467
934280776
934287305
934353343
934480117
934556068
934612333
934627502
934910950
935120753
935172309
935510176
935611341
935758494
935777629
935811953
935912646
935929552
936034133
936067571
936090266
936093980
936230862
936251523
936282969
936653093
936672015
936672263
936682425
936690155
936905340
937010406
937113531
937161460
937219311
937222683
937260712
937600061
937642984
937722633
937788614
938000837
938050358
938240888
938560904
938680889
938990682
939000207
939129598
939160778
939378384
939707370
939709922
940135101
940308665
940318889
940341122
940346463
940402063
940458886
940487709
940955700
941107287
941115054
941261910
941272094
941736364
941759773
941822177
942002976
942201801
942241082
942760091
942809929
943033583
943362131
943470981
943784145
943842353
943907666
944037600
944174057
944412012
944422800
944444587
944491797
944635650
944640209
944647875
944762955
944873033
944961056
945007414
945073161
945118115
945147900
945261007
945349099
945378939
945550310
945761258
946006275
946864660
947073534
947390156
947471061
947696304
947711471
947977275
948266055
948306410
948403056
948492785
948846261
949061306
949149681
949158278
949247482
949360507
949550417
949750519
949891601
949972527
950022507
950140264
950163775
950237353
950993430
951004699
951178824
951221283
951428507
951789499
952240989
952773155
954992788
956361212
957271994
959291218
959776397
970141295
970187567
970377103
970560222
970666304
971270215
971649592
971943399
971980698
972020017
972024745
972042064
972198600
972544636
972589298
972822898
972881703
972939099
973173756
973241088
973352785
973358878
973887401
973891411
973973233
974058179
974098892
974181999
974210002
974401022
974536633
974579496
975303123
975508157
975528700
975534112
975620833
975768278
975949060
976020050
976033668
976342980
976580150
977075319
977110488
977172509
977530400
977595131
977831114
977930959
977953404
978029284
978042999
978101564
978454111
978948587
978960076
979219195
979340519
979899922
979987373
983047595
983606848
987704424
990014842
990248328
990297696
990344419
990359972
990386662
990427762
990502108
990520885
990591962
990734142
990839230
990889947
991082789
991148190
991376564
991378976
991410395
991571256
991578312
991612787
991959170
992005586
992136920
992572501
992606021
993050030
993135083
994072909
994138212
994712092
995023117
995103511
995154779
995159111
995629844
995633362
995792588
995948515
996241963
996287810
996302693
996458899
996561557
996585956
996670797
996937767
997013262
997306860
997838843
997916001
998107232
998225181
998441084
998706356
998802339
998832208
999106004
999216365
999300521
999530785
999544441
999790625
