200100619
332500426
500091493
500720300
501020057
501025126
501086194
501098010
505049135
505537977
505538595
507127009
507161017
507161585
507164810
507241631
507243032
552528659
555022597
555024345
555033587
555038171
558032640
652263536
655523993
662325116
692280169
712310290
712422872
712482358
712485362
712585800
712900330
732375895
735432622
752215772
770030690
770064440
770147507
770168313
770251558
770268285
770272529
770339388
770374706
770541617
770603307
770741807
770900398
770906160
770920701
772780885
772789787
772951978
777070965
795393605
880720983
880967525
881227050
881401737
881868386
882191016
882252720
882336762
882581854
882608090
882785253
882878287
882910806
883179232
883211308
883237020
883240240
883320636
883439593
883650188
883710062
883849488
883852232
883881656
884387780
885006646
885236585
885771952
885863380
886129303
886143201
886385253
886775996
886892102
887124339
887650323
887944472
888013163
888058684
888070809
888336986
888391710
888681272
888711963
888772939
888982789
889111855
889229990
889252800
889804787
889830108
889838784
889991210
9,98903E+11
900029582
900059067
900165883
900424341
900464992
900595662
900669943
900696364
900710415
900752065
900760949
900772380
901060131
901076501
901213712
901223717
901237808
901245120
901282128
901378113
901481972
901514424
901574721
901620582
901710156
901831109
901936725
902031048
902048822
902100781
902223047
902261082
902266635
902285953
902458454
902511485
902516559
902633931
902679091
902742157
902748356
902790236
902802879
902959604
903038322
903046907
903059911
903085864
903181895
903191897
903192523
903425010
903459585
903517808
903609786
903760580
903860380
903924198
904016762
904052121
904074645
904110916
904117781
904146713
904180493
904194649
904200525
904252636
904257982
904332627
904767810
904771914
905007376
905049295
905050292
905091060
905103093
905121205
905173903
905267144
905322760
905324281
905438060
905451233
905596364
905635304
905718066
905835390
905839281
906078925
906153695
906211312
906270574
906301061
906399136
906440447
906490736
906749131
906757040
906779114
906798474
906841317
906887191
907092661
907127440
907204556
907216518
907462206
907570052
907670442
907689591
907711766
907725566
907760790
907797750
907874378
907876496
907902900
907934560
908051621
908087968
908260521
908382868
908397490
908408250
908481213
908513690
908581201
908605707
908662828
908694927
908698805
908707485
908709350
908712714
908774980
908779828
908802288
908841280
908938992
908988864
909096944
909103639
909173136
909207294
909366098
909456361
909491090
909636163
909787571
909845501
909905095
910239796
910332455
910466632
910478482
910487791
910557558
910643009
910645556
910731154
910741288
910741385
910745287
910749384
910833454
910966908
910970480
911061267
911144304
911179088
911186919
911243350
911284282
911384747
911407329
911426707
911514733
911606102
911711884
912058963
912065481
912107379
912222187
912235755
912263568
912341623
912360690
912372768
912548683
912774112
912864545
912878724
912885886
913041168
913124246
913142721
913177327
913194572
913298908
913449877
913542774
913739529
913876361
913881363
914189226
914221869
914255288
914419988
914462027
914542464
914558889
914560609
914587464
914625586
914658136
914676160
914683474
914715547
914900640
914990347
915077680
915107974
915128065
915262824
915287373
915290424
915326817
915381719
915522066
915623659
915659761
915763586
915810861
915814359
915836120
915870284
915893184
915908992
915926266
915949597
916002328
916169391
916177227
916377717
916405770
916448071
916485809
916548071
916553056
916598566
916608003
916622268
916649170
916735969
916752738
916754881
916757041
916820991
916887119
916960952
916984842
917025611
917112267
917555529
917831289
917918788
918285211
918306961
918985666
918994301
919055089
919069806
919081572
919450944
919555393
919562083
919622825
919638193
919663181
919693298
919698119
919794555
919829116
930016169
930036008
930042899
930047333
930053746
930357596
930437055
930537918
930595787
930624752
930685349
930768279
930823272
930860991
930905885
930918894
930987367
930988401
931016619
931046526
931084077
931111609
931135527
931158472
931246134
931316030
931326086
931357488
931389025
931400136
931403887
931535397
931575014
931612820
931628787
931686464
931772412
931928490
931969887
932083838
932087097
932140584
932202758
932218906
932226422
932260605
932385543
932416865
932474161
932514666
932638583
932644492
932644545
932723402
932781622
932825709
932831182
932839900
932952774
932954620
933008136
933052218
933098723
933115939
933117151
933195863
933202360
933230627
933261588
933308885
933336190
933348377
933380559
933420092
933440396
933490615
933501414
933536005
933549515
933711882
933765455
934074645
934131061
934171565
934281580
934323042
934345753
934366657
934373655
934395001
934435956
934462885
934481395
934665206
934728494
934792269
934901264
934950035
935065212
935169424
935195551
935299610
935301714
935330314
935378490
935565885
935582155
935589321
935604404
935797656
935843682
935912071
936068075
936147907
936169185
936170575
936181545
936409365
936462126
936529095
936569353
936576011
936601787
936603017
936614774
936622527
936701518
936751365
936759505
936905446
936917413
936925758
937102800
937258386
937291993
937303509
937325456
937361260
937400904
937414989
937472390
937520589
937620216
937629299
937664144
937716059
937832688
937838429
937877656
937899942
937958782
937969684
938062277
938125807
938361658
938388084
938638504
938672709
938680484
938730755
938777256
938802305
939073551
939193085
939196797
939265354
939300094
939311375
939357683
939539094
939659591
939714305
939757680
939841098
939859012
939914401
939958919
940014863
940035559
940041912
940046114
940152370
940290514
940495905
940603498
940688303
940862464
940970251
941027960
941116684
941119110
941182639
941207986
941244356
941280991
941315258
941445989
941532653
941684853
941693838
941761397
941785099
941816393
941860074
941888471
941889215
941990573
942000221
942092868
942133204
942183330
942212376
942269007
942273989
942404587
942473397
942554925
942716879
942730558
942844334
942915787
942990138
943002487
943107116
943164042
943166253
943361987
943422665
943577781
943627785
943653720
943770714
943772587
943779430
943818686
943981999
944008164
944099955
944271691
944282089
944283238
944335681
944388879
944467272
944483232
944550191
944582191
944796815
944870878
944880737
944902600
944912287
945056303
945075010
945143381
945511014
945544110
945650562
945660906
945876168
945903244
945912578
945930985
945934969
945944048
946071724
946296163
946369688
946412029
946522622
946665031
946706689
946712061
946774787
946974779
947015882
947033010
947037188
947180190
947190509
947230880
947603262
947883014
947905232
948017677
948042463
948092885
948215535
948270091
948342988
948372386
948508180
948550784
948728635
948820186
949022553
949044787
949191286
949213067
949218828
949265335
949331983
949435371
949461822
949743881
949764020
949891665
949900089
950047437
950210117
950210497
950377983
950561078
950712388
950841545
950856909
950915601
951020009
951188993
951255960
951502279
951516060
951654638
951837700
951851193
952126191
952420582
953204849
953328997
953700190
954145442
954499121
955352221
955528389
956373565
957202221
957981005
958017482
958181055
958831948
958849195
959470448
959491508
959889695
970146236
970181676
970343452
970420303
970492729
970947060
971768826
971778444
971800108
972161887
972274008
972323551
972449499
972641881
972661595
972729694
972768688
972787889
972852187
972930461
972948044
973007878
973103884
973131775
973189858
973205354
973258086
973261022
973283065
973531212
973730763
973832085
973844907
973853881
973886327
973964959
973983537
973998588
974123565
974259400
974348468
974418424
974810722
974863338
975104243
975272186
975313038
975503208
975765194
975840103
975878444
975892060
975959113
976001211
976046614
976054799
976079801
976081345
976111987
976114054
976138584
976144828
976159196
976269398
976361016
976368580
976398695
976439949
976466505
976516533
976722706
976990717
977371371
977433938
977478192
977510875
977752487
977787637
977862387
978012309
978050740
978332622
978358590
978378785
978467595
978486111
978776681
978809292
978850104
978861489
978940388
978941162
979077727
979257037
979301925
979526080
979789590
979914000
979980396
980010955
980074090
981001966
981011801
981551808
983023007
983105222
985200929
985604505
987709464
987741777
987756151
988888180
990121384
990156102
990156475
990171649
990276547
990391814
990417557
990426405
990513586
990516782
990524346
990536941
990555961
990578862
990580910
990618245
990648631
990658378
990663245
990665581
990681954
990715621
990727335
990813352
990847257
990856480
990885789
990929462
990952133
990997790
991031275
991040713
991050536
991094660
991154372
991171960
991189079
991271713
991294420
991333691
991340385
991402969
991431074
991518804
991527379
991552493
991582338
991789339
991816971
991871242
991885792
991931033
991949678
992016488
992392376
992406080
992430683
992488284
992651785
992722783
992869297
992916081
992940709
993212890
993405325
993453646
993540247
993555154
993603694
993771925
993826236
993847003
993954147
994047125
994098966
994126818
994167807
994181619
994217655
994283563
994461457
994490866
994518223
994743484
994988900
995035064
995041491
995077033
995078893
995089678
995162655
995279644
995391158
995550044
995554327
995578033
995733180
995738886
995752005
995816565
995867900
995971931
996163932
996259085
996332424
996343935
996346871
996419561
996556088
996606742
996689296
996860044
996919912
996955854
997088644
997248683
997282210
997365007
997380871
997381362
997478820
997604147
997697403
997755053
997793388
997851492
998223723
998268071
998293393
998331415
998341505
998342444
998383148
998411962
998438128
998441103
998600001
998868829
999076662
999138486
999147453
999439202
999441663
999454847
999481062
999564885
999616633
999698679
999728270
999858990
