336627707
500063607
500108939
505014808
551068718
551089192
557038480
662228671
662385417
712675305
712906813
732454473
770044570
770050981
770369793
770978182
772558001
777777589
880694442
881060909
881420901
881497755
881825250
881875533
882018887
882064244
882259701
882358582
882411949
882951516
883030799
883114006
883190541
883701951
883723232
883886384
883946676
883980057
884151431
885108814
885296903
885537731
885892847
885916622
885959691
886208578
887460025
889220180
889332789
889727281
900200041
900300725
900583130
900733307
900750582
901002021
901037313
901144484
901323203
901415455
901444452
901561340
901591889
901657517
901749947
901791776
901880575
901979092
902019407
902038283
902139435
902548484
902726319
902780412
902984613
902994340
903005919
903428850
903755400
903777442
903861747
904063761
904199373
904281019
904437119
904696525
904721414
904740094
904787242
904887414
905024615
905051381
905140995
905185434
905463461
905566151
905568982
905641566
905725235
905804121
906133815
906173122
906211040
906374285
906714107
906752283
906772040
906911828
907141705
907365636
907530850
907616875
907620193
907808335
907841831
907843234
908360302
908493589
908532835
908668737
908720238
908726550
908855984
908974241
909598677
909733176
909999726
910029442
910247878
910340485
910626490
910638595
910644828
910645877
910735797
910757790
910784977
910785282
910808996
911100301
911138370
911169938
912079858
912089801
912220780
912845734
913338591
913488186
913544054
913974680
914058286
914119453
914322893
914434101
914538946
914582289
914734973
915026140
915198658
915231423
915260883
915491178
915513316
915560609
915746318
915775556
916078617
916134878
916307808
916334830
916366986
916480141
916547662
916657079
916891159
917101282
917178010
918099960
918115216
918117373
918297331
918789392
918821690
919012706
919063430
919110788
919139922
919153857
919173969
919251508
919489275
919506679
919699097
919737432
930037144
930366964
930405497
930510888
930594417
930615908
930728753
930950643
931019963
931074450
931133304
931143396
931185983
931300461
931468212
931580789
931866605
931871237
931998979
932003037
932110385
932246361
932253089
932322462
932402263
932420254
932442816
932501126
932541218
932542430
932740880
932923830
933021786
933331329
933392680
933515985
933605859
933626616
933636567
934058237
934172784
934197717
934209491
934535146
934729296
934991769
935086999
935109828
935128728
935142823
935175771
935317509
935480181
935572760
935633095
935760111
935780687
935837283
935843833
935888784
935890212
936057121
936298607
936303934
936433998
936525072
936668401
936678953
936710487
936732490
937142185
937232503
937287974
937896969
938090087
938275212
938392810
938555993
938683363
939049764
939373754
939462126
939960644
940252454
940388391
940631485
940918993
941052296
941088681
941343644
941831179
941878500
941888286
941962083
941963900
942122284
942269112
942491095
942727989
942887003
943050071
943050898
943121455
943123515
943320162
943575617
943627572
943664428
943764161
943824800
943920527
943956390
944147787
944555835
944666315
944957991
944996141
945088896
945131814
945192076
945582121
945598615
945630755
945872485
945991387
946058333
946122360
946150774
946282922
946364545
946548405
947194995
947243764
947660725
947680787
947922884
947964042
948110012
948216886
948510030
948768262
948811553
948903434
949080260
949351986
949396717
949775751
949793234
949832843
950063631
950190619
950411916
950427424
950683336
950740660
950924422
951019120
951052199
951061883
951209444
951313015
952221394
952291951
953393734
953888836
954426212
956563355
956586909
958033087
958040086
970167671
970226872
971775725
971886444
972229707
972247020
972507683
972736343
972753704
972764555
972906583
972949727
973450350
973512969
973586088
973808366
973836940
973855607
973860591
973925000
973990371
974328684
974601272
974718171
975328001
975465149
975500072
975680651
975811137
976166646
976184510
976335022
976336575
976707828
977032420
977152824
977440384
977802033
978021618
978040431
978317576
978922401
979243858
979248720
979302454
979618090
979928074
981003535
983122194
985200555
990070938
990113553
990292342
990322369
990359027
990416170
990490665
990504898
990542592
990650444
990715040
990805266
990838301
990839109
990887082
990948478
990953610
991081216
991205759
991265195
991311526
991331052
991445389
991528133
991638414
991641190
991961250
992017899
992080532
992082698
992205419
992590922
992668581
992705219
992769527
992852015
993039703
993069562
993103089
993270195
993284939
993384185
993457808
993757639
994091543
994312890
994354282
994381302
994450187
994552613
994570934
994733324
995031876
995217616
995221152
995733005
995892302
995907761
995990810
996071200
996144146
996191032
996321877
996393634
996394541
996402460
996492545
996678489
996791053
996889908
997034643
997445957
997591630
997879377
998090244
998102287
998140966
998533081
998563802
998568390
999061390
999410850
999530570
999750689
999922122
999939208
