334543115
339690272
500086193
500534197
500701257
500767265
502201848
502211977
505023902
505041914
505705010
505803087
507237071
551037082
553057987
554515010
557052179
557055872
614444472
652250430
664652428
692321106
712268365
712481713
712715961
712907439
712951716
770048609
770098865
770105160
770118683
770391011
770404616
770501987
770604414
770765818
770878212
770916167
770966909
771031414
771201208
771772474
772561980
772677555
773029190
777774723
880073396
880750390
881040624
881046212
881088862
881261286
881645700
881691414
882239190
882309204
882396400
882680609
882770514
882850183
882852625
883110595
883138492
883201113
883468282
883510161
883511552
883531209
883559569
883568992
883826900
883916871
883980219
884960841
885005510
885282989
885331858
885411122
885710484
885818141
886011418
886121555
886129423
886751987
887580920
887678182
888027679
888040915
888100591
888383088
888460084
888650042
888695070
889202804
889815658
889845995
889908814
889932527
9,98916E+11
9,98977E+11
900093702
900120683
900120797
900207076
900219227
900380125
900432449
900530000
900565124
900601923
900604220
900660006
900694242
900706239
900714151
900721793
900785042
901012132
901037944
901213593
901404062
901652637
901726712
901812210
901848582
901939351
901956689
902178565
902293363
902388590
902404850
902483868
902538692
902546505
902582016
902650479
902660896
902664880
902673184
902711181
902878077
902893606
902941951
902998761
903161684
903339209
903377030
903410056
903422392
903608839
903714060
903723411
903783110
903866867
903878483
903944646
904011552
904021008
904046616
904079504
904101729
904103856
904105459
904418495
904437900
904439261
904443793
904447780
904448817
904668710
904737113
904929094
905030258
905072426
905099299
905170272
905202737
905223050
905333659
905346986
905370660
905384588
905501784
905555379
905621506
905660207
905670628
905694688
905793595
905812193
905982858
905997196
906002656
906032350
906050228
906059036
906123511
906152071
906167887
906168995
906199464
906292832
906391112
906440283
906512023
906706724
906909082
907448060
907472886
907473278
907492701
907622021
907626570
907668636
907708227
907716192
907758487
907874277
907924347
907956766
908117481
908426569
908465009
908545939
908553515
908564662
908576018
908599535
908630121
908634277
908642470
908686866
908745760
908747226
908760787
908781893
908898429
908899028
908901139
908920817
908945562
908948280
908970590
909011716
909036566
909053689
909098511
909106044
909330958
909366964
909557905
909776113
910011939
910244101
910260506
910283639
910321707
910336064
910475878
910604641
910635530
910784780
910800986
911000751
911020170
911030779
911055446
911081830
911105123
911110459
911120405
911146303
911435508
911461737
911573617
911574729
911589908
911594423
911702595
911710209
911875252
912001485
912027131
912115753
912132176
912259592
912290019
912329973
912338408
912388787
912506857
912642787
912692602
912725556
912835787
912870818
912917908
912991880
913100229
913149797
913461980
913542804
913622493
913903790
914063891
914257634
914274048
914309562
914322091
914480523
914571884
914594430
914623280
914635528
914699640
915076065
915158508
915160199
915194393
915297970
915396527
915398454
915433570
915443386
915454806
915503805
915558449
915595034
915738208
915752587
915861957
915883706
915930474
915949094
916100733
916159343
916242188
916334924
916405557
916504043
916532979
916559549
916581946
916636941
916637421
916714579
916752947
916836644
916898310
916924357
916994488
917006709
917015245
917190391
917321893
917331376
917408812
917421168
918132109
918205555
918308102
918334357
919041232
919041915
919058582
919257279
919258188
919265686
919450780
919489373
919536593
919577750
919590099
919616570
919693323
919709188
919711180
919859297
930045746
930423074
930461013
930512140
930590710
930653550
930691131
930716899
930750388
930790091
930941258
930959592
931028560
931102874
931107595
931224244
931278814
931302756
931390667
931408126
931520061
931536262
931545612
931602261
931697280
931771999
931858810
931862580
931867967
931932216
931934025
931953060
932173183
932181974
932225923
932247416
932288208
932305746
932317105
932356362
932467599
932491273
932681820
932722175
932799191
932803717
932900225
932902613
932923135
932928965
933076466
933164724
933172892
933193078
933202988
933231688
933287876
933299960
933315345
933320395
933344247
933360763
933387902
933431189
933453253
933464221
933466809
933506408
933538858
933542813
933543075
933561416
933671858
933787493
933789766
934022389
934058819
934227802
934238811
934330459
934338986
934381690
934444280
934457898
934510020
934546057
934660125
934778784
934848992
934872525
935045366
935068402
935121381
935298982
935303621
935410208
935445425
935520714
935626979
935725072
935784779
935872262
935898930
935914181
935922328
935941866
936008184
936048285
936173140
936206670
936349696
936475508
936627236
936680925
936709528
936771517
937015358
937092925
937192717
937229216
937234786
937258234
937278536
937298840
937300975
937339315
937412045
937668893
937762110
937766561
937838281
937854285
937871591
938027997
938138489
938138893
938238547
938448286
938540788
938742530
939007997
939048690
939144355
939303400
939322530
939393903
939462094
939468387
939568605
939700283
939743064
939925272
939948470
939990383
940017477
940018786
940023821
940046414
940111134
940188583
940263056
940322273
940422219
940559551
940657571
940697535
940709720
940779588
940822876
940901616
940939353
940947169
940987707
941004191
941029113
941233735
941240479
941282285
941284188
941306070
941390984
941395548
941459596
941563734
941717990
941784161
941802173
941988086
942021592
942140202
942253124
942293234
942297579
942350695
942401107
942474173
942540335
942561040
942660784
942685070
942702754
942748833
942761687
942765054
942800994
942836838
942859050
942876654
943034430
943089051
943133040
943221322
943254743
943273717
943276200
943350035
943355099
943367381
943437625
943480092
943593999
943604767
943722228
943738184
943784747
943828161
943846123
943856495
943962030
943990163
944022690
944068522
944092013
944118521
944178310
944309502
944344004
944466745
944615501
944630775
944670880
944697393
944712153
944767697
944878527
944917983
944999114
945026850
945049056
945049396
945071404
945129727
945152331
945251312
945341580
945427939
945498801
945534942
945572942
945599803
945612991
945660067
945676170
945681609
945699949
945711081
945720136
945748559
945812276
945821890
945885428
945993138
945994098
946042055
946301561
946360158
946381737
946415052
946571010
946580650
946705850
946889033
946970464
947323002
947326070
947341999
947351094
947380385
947426282
947680204
947729305
947859092
947892886
947902692
947948581
948020513
948032908
948033707
948117282
948133337
948152116
948380390
948441164
948462889
948620808
948717413
948729140
949011960
949014248
949118603
949140640
949327116
949380550
949433331
949730314
949772712
949773431
949914640
949960389
950006615
950051547
950051587
950059125
950089007
950100487
950118218
950132558
950285755
950334789
950389312
950490020
950568525
950606724
950712824
950822300
951202581
951232712
951578289
951882083
951918686
952182006
952427755
953202609
953886360
955209313
955251872
955303990
955540178
955855989
956282096
956318422
956400953
956408919
956568600
956697470
956798111
957071947
957103068
958049464
958080857
958137778
958232011
958262021
958581408
958867676
970006266
970360056
970702521
970704212
970767671
971590716
971670037
971775615
971904247
971930587
972268585
972426191
972462206
972474247
972475754
972675444
972705080
972977981
973120094
973137697
973158575
973681828
973743333
973871692
973881224
973883224
973933108
973940180
973948007
974725210
974730886
974748836
974748910
975150715
975551734
975848003
976013454
976041571
976125007
976131148
976131492
976192122
976198580
976358106
976399353
976469598
976577515
976679999
976790019
976945451
976996222
977181895
977226640
977334568
977388077
977462701
977518084
977835182
977939799
977959646
977970287
978071582
978072156
978321200
978416117
978487585
978491519
978500370
978509994
978569300
978666504
978790102
978916999
978964007
979053888
979278980
979295144
979335120
979738287
979801359
979838285
981007003
983023288
983358995
985778090
987074771
987722779
987774649
990009473
990028283
990098415
990110232
990244210
990379525
990475393
990538948
990610272
990652886
990710933
990724750
990755961
990788915
990808219
990859980
990875592
991029413
991039470
991054360
991208413
991243772
991257598
991281519
991350007
991352587
991400593
991447102
991502844
991554378
991559287
991677818
991741981
991820443
991831505
991902168
991980290
992003721
992095420
992105155
992311600
992429428
992479422
992498307
992555820
992572299
992601899
992634887
992794742
992828059
992849794
992955965
993051083
993054809
993065339
993078792
993125456
993149107
993190282
993321258
993420046
993505505
993506764
993575619
993628879
993631913
993646465
993804789
993858490
993887053
993930666
993946698
993984122
994001022
994047508
994103989
994132013
994181800
994202651
994231157
994260481
994291180
994344724
994388877
994403321
994575958
994582408
994590905
994614424
994630666
994773508
994792307
994837980
995054087
995058290
995410373
995431921
995616059
995634205
995671190
995709355
995716679
995747711
995847677
995901988
995962828
995968482
995977668
995989601
996060460
996070917
996187747
996238817
996348048
996373494
996477420
996480032
996488504
996522660
996556568
996611490
996663580
996742188
996750788
996752212
996787516
997038182
997170933
997175899
997182509
997210610
997280060
997294717
997330277
997434303
997441282
997447306
997567889
997604131
997705902
997713686
997760209
997790373
997828231
997894282
997921840
997982202
998007863
998042926
998055030
998184719
998231481
998242124
998280233
998726177
998727902
998840083
998999863
999031598
999080197
999130646
999170984
999406464
999525380
999660798
999913228
999933322
